Log file open, 08/22/18 15:25:58
LogWindows: Failed to load 'aqProf.dll' (GetLastError=126)
LogWindows: File 'aqProf.dll' does not exist
LogWindows: Failed to load 'VtuneApi.dll' (GetLastError=126)
LogWindows: File 'VtuneApi.dll' does not exist
LogWindows: Failed to load 'VtuneApi32e.dll' (GetLastError=126)
LogWindows: File 'VtuneApi32e.dll' does not exist
LogInit: Display: Running engine for game: Stylized렌더링
LogPlatformFile: Not using cached read wrapper
LogTaskGraph: Started task graph with 5 named threads and 11 total threads with 3 sets of task threads.
LogStats: Stats thread started at 0.579845
LogD3D11RHI: Loaded GFSDK_Aftermath_Lib.x64.dll
LogICUInternationalization: Display: ICU TimeZone Detection - Raw Offset: +9:00, Platform Override: ''
LogPluginManager: Mounting plugin Paper2D
LogPluginManager: Mounting plugin AISupport
LogPluginManager: Mounting plugin LightPropagationVolume
LogPluginManager: Mounting plugin CLionSourceCodeAccess
LogPluginManager: Mounting plugin CodeLiteSourceCodeAccess
LogPluginManager: Mounting plugin GitSourceControl
LogPluginManager: Mounting plugin KDevelopSourceCodeAccess
LogPluginManager: Mounting plugin NullSourceCodeAccess
LogPluginManager: Mounting plugin PerforceSourceControl
LogPluginManager: Mounting plugin SubversionSourceControl
LogPluginManager: Mounting plugin UObjectPlugin
LogPluginManager: Mounting plugin VisualStudioCodeSourceCodeAccess
LogPluginManager: Mounting plugin VisualStudioSourceCodeAccess
LogPluginManager: Mounting plugin XCodeSourceCodeAccess
LogPluginManager: Mounting plugin AssetManagerEditor
LogPluginManager: Mounting plugin CryptoKeys
LogPluginManager: Mounting plugin DataValidation
LogPluginManager: Mounting plugin FacialAnimation
LogPluginManager: Mounting plugin GameplayTagsEditor
LogPluginManager: Mounting plugin MacGraphicsSwitching
LogPluginManager: Mounting plugin MeshEditor
LogPluginManager: Mounting plugin MobileLauncherProfileWizard
LogPluginManager: Mounting plugin PluginBrowser
LogPluginManager: Mounting plugin SpeedTreeImporter
LogPluginManager: Mounting plugin DatasmithContent
LogPluginManager: Mounting plugin AlembicImporter
LogPluginManager: Mounting plugin AppleImageUtils
LogPluginManager: Mounting plugin AppleVision
LogPluginManager: Mounting plugin BackChannel
LogPluginManager: Mounting plugin CharacterAI
LogPluginManager: Mounting plugin GeometryCache
LogPluginManager: Mounting plugin HTML5Networking
LogPluginManager: Mounting plugin ProxyLODPlugin
LogPluginManager: Mounting plugin MagicLeap
LogPluginManager: Mounting plugin MagicLeapEmulator
LogPluginManager: Mounting plugin MagicLeapMedia
LogPluginManager: Mounting plugin AndroidMedia
LogPluginManager: Mounting plugin AvfMedia
LogPluginManager: Mounting plugin ImgMedia
LogPluginManager: Mounting plugin LinearTimecode
LogPluginManager: Mounting plugin MediaCompositing
LogPluginManager: Mounting plugin MediaPlayerEditor
LogPluginManager: Mounting plugin WmfMedia
LogPluginManager: Mounting plugin TcpMessaging
LogPluginManager: Mounting plugin UdpMessaging
LogPluginManager: Mounting plugin ActorSequence
LogPluginManager: Mounting plugin LevelSequenceEditor
LogPluginManager: Mounting plugin MatineeToLevelSequence
LogPluginManager: Mounting plugin NetcodeUnitTest
LogPluginManager: Mounting plugin NUTUnrealEngine4
LogPluginManager: Mounting plugin OnlineSubsystemGooglePlay
LogPluginManager: Mounting plugin OnlineSubsystemIOS
LogPluginManager: Mounting plugin OnlineSubsystem
LogPluginManager: Mounting plugin OnlineSubsystemNull
LogPluginManager: Mounting plugin OnlineSubsystemUtils
LogPluginManager: Mounting plugin LauncherChunkInstaller
LogPluginManager: Mounting plugin AndroidDeviceProfileSelector
LogPluginManager: Mounting plugin AndroidMoviePlayer
LogPluginManager: Mounting plugin AndroidPermission
LogPluginManager: Mounting plugin AppleMoviePlayer
LogPluginManager: Mounting plugin ArchVisCharacter
LogPluginManager: Mounting plugin AudioCapture
LogPluginManager: Mounting plugin CableComponent
LogPluginManager: Mounting plugin CustomMeshComponent
LogPluginManager: Mounting plugin EditableMesh
LogPluginManager: Mounting plugin ExampleDeviceProfileSelector
LogPluginManager: Mounting plugin GoogleCloudMessaging
LogPluginManager: Mounting plugin ImmediatePhysics
LogPluginManager: Mounting plugin IOSDeviceProfileSelector
LogPluginManager: Mounting plugin LinuxDeviceProfileSelector
LogPluginManager: Mounting plugin LocationServicesBPLibrary
LogPluginManager: Mounting plugin MobilePatchingUtils
LogPluginManager: Mounting plugin OculusVR
LogPluginManager: Plugin shader directory ../../../Engine/Plugins/Runtime/Oculus/OculusVR/Shaders found
LogPluginManager: Mapping shader source directory ../../../Engine/Plugins/Runtime/Oculus/OculusVR/Shaders to virtual directory /Plugin/OculusVR
LogPluginManager: Mounting plugin PhysXVehicles
LogPluginManager: Mounting plugin ProceduralMeshComponent
LogPluginManager: Mounting plugin RuntimePhysXCooking
LogPluginManager: Mounting plugin SteamVR
LogPluginManager: Mounting plugin WindowsMoviePlayer
LogStreaming: Display: Took  0.126s to configure plugins.
LogInit: Using libcurl 7.55.1-DEV
LogInit:  - built for x86_64-pc-win32
LogInit:  - supports SSL with OpenSSL/1.0.2h
LogInit:  - supports HTTP deflate (compression) using libz 1.2.8
LogInit:  - other features:
LogInit:      CURL_VERSION_SSL
LogInit:      CURL_VERSION_LIBZ
LogInit:      CURL_VERSION_IPV6
LogInit:      CURL_VERSION_ASYNCHDNS
LogInit:      CURL_VERSION_LARGEFILE
LogInit:      CURL_VERSION_IDN
LogInit:  CurlRequestOptions (configurable via config and command line):
LogInit:  - bVerifyPeer = false  - Libcurl will NOT verify peer certificate
LogInit:  - bUseHttpProxy = false  - Libcurl will NOT use HTTP proxy
LogInit:  - bDontReuseConnections = false  - Libcurl will reuse connections
LogInit:  - CertBundlePath = nullptr  - Libcurl will use whatever was configured at build time.
LogInit:  - MaxHostConnections = 16  - Libcurl will limit the number of connections to a host
LogInit:  - LocalHostAddr = Default
LogInit:  - BufferSize = 65536
LogInit: WinSock: version 1.1 (2.2), MaxSocks=32767, MaxUdp=65467
LogInit: Build: ++UE4+Release-4.20-CL-4212847
LogInit: Engine Version: 4.20.0-4212847+++UE4+Release-4.20
LogInit: Compatible Engine Version: 4.20.0-4212847+++UE4+Release-4.20
LogInit: Net CL: 4212847
LogInit: OS: Windows 10 (), CPU: Intel(R) Core(TM) i5-7200U CPU @ 2.50GHz, GPU: Intel(R) HD Graphics 620
LogInit: Compiled (64-bit): Jul 14 2018 09:51:14
LogInit: Compiled with Visual C++: 19.13.26129.00
LogInit: Build Configuration: Development
LogInit: Branch Name: ++UE4+Release-4.20
LogInit: Command Line:  
LogInit: Base Directory: C:/Program Files/Epic Games/UE_4.20/Engine/Binaries/Win64/
LogInit: Installed Engine Build: 1
LogDevObjectVersion: Number of dev versions registered: 20
LogDevObjectVersion:   Dev-Blueprints (B0D832E4-1F89-4F0D-ACCF-7EB736FD4AA2): 10
LogDevObjectVersion:   Dev-Build (E1C64328-A22C-4D53-A36C-8E866417BD8C): 0
LogDevObjectVersion:   Dev-Core (375EC13C-06E4-48FB-B500-84F0262A717E): 2
LogDevObjectVersion:   Dev-Editor (E4B068ED-F494-42E9-A231-DA0B2E46BB41): 24
LogDevObjectVersion:   Dev-Framework (CFFC743F-43B0-4480-9391-14DF171D2073): 34
LogDevObjectVersion:   Dev-Mobile (B02B49B5-BB20-44E9-A304-32B752E40360): 2
LogDevObjectVersion:   Dev-Networking (A4E4105C-59A1-49B5-A7C5-40C4547EDFEE): 0
LogDevObjectVersion:   Dev-Online (39C831C9-5AE6-47DC-9A44-9C173E1C8E7C): 0
LogDevObjectVersion:   Dev-Physics (78F01B33-EBEA-4F98-B9B4-84EACCB95AA2): 0
LogDevObjectVersion:   Dev-Platform (6631380F-2D4D-43E0-8009-CF276956A95A): 0
LogDevObjectVersion:   Dev-Rendering (12F88B9F-8875-4AFC-A67C-D90C383ABD29): 26
LogDevObjectVersion:   Dev-Sequencer (7B5AE74C-D270-4C10-A958-57980B212A5A): 9
LogDevObjectVersion:   Dev-VR (D7296918-1DD6-4BDD-9DE2-64A83CC13884): 2
LogDevObjectVersion:   Dev-LoadTimes (C2A15278-BFE7-4AFE-6C17-90FF531DF755): 1
LogDevObjectVersion:   Private-Geometry (6EACA3D4-40EC-4CC1-B786-8BED09428FC5): 3
LogDevObjectVersion:   Dev-AnimPhys (29E575DD-E0A3-4627-9D10-D276232CDCEA): 17
LogDevObjectVersion:   Dev-ReflectionCapture (6B266CEC-1EC7-4B8F-A30B-E4D90942FC07): 1
LogDevObjectVersion:   Dev-Automation (0DF73D61-A23F-47EA-B727-89E90C41499A): 1
LogDevObjectVersion:   FortniteMain (601D1886-AC64-4F84-AA16-D3DE0DEAC7D6): 12
LogDevObjectVersion:   Dev-Enterprise (9DFFBCD6-494F-0158-E221-12823C92A888): 1
LogStreaming: Display: Took  0.006s to delete old logs.
LogInit: Presizing for max 8388607 objects, including 0 objects not considered by GC, pre-allocating 0 bytes for permanent pool.
LogInit: Object subsystem initialized
[2018.08.22-06.25.59:376][  0]LogInit: Selected Device Profile: [Windows]
[2018.08.22-06.25.59:376][  0]LogInit: Applying CVar settings loaded from the selected device profile: [Windows]
[2018.08.22-06.25.59:388][  0]LogHAL: Display: Platform has ~ 8 GB [8469495808 / 8589934592 / 8], which maps to Default [LargestMinGB=32, LargerMinGB=12, DefaultMinGB=8, SmallerMinGB=6, SmallestMinGB=0)
[2018.08.22-06.25.59:388][  0]LogInit: Setting Device Profile CVar: [[r.Vulkan.UseRealUBs:1]]
[2018.08.22-06.25.59:388][  0]LogInit: Going up to parent DeviceProfile []
[2018.08.22-06.25.59:389][  0]LogInit: Computer: DESKTOP-GDPI51N
[2018.08.22-06.25.59:389][  0]LogInit: User: park
[2018.08.22-06.25.59:389][  0]LogInit: CPU Page size=4096, Cores=2
[2018.08.22-06.25.59:389][  0]LogInit: High frequency timer resolution =2.648439 MHz
[2018.08.22-06.25.59:389][  0]LogMemory: Memory total: Physical=7.9GB (8GB approx)
[2018.08.22-06.25.59:389][  0]LogMemory: Platform Memory Stats for Windows
[2018.08.22-06.25.59:389][  0]LogMemory: Process Physical Memory: 100.53 MB used, 100.53 MB peak
[2018.08.22-06.25.59:389][  0]LogMemory: Process Virtual Memory: 84.60 MB used, 84.60 MB peak
[2018.08.22-06.25.59:389][  0]LogMemory: Physical Memory: 3661.84 MB used,  4415.30 MB free, 8077.14 MB total
[2018.08.22-06.25.59:389][  0]LogMemory: Virtual Memory: 485.73 MB used,  4415.30 MB free, 134217728.00 MB total
[2018.08.22-06.25.59:707][  0]LogInit: Overriding language with editor language configuration option (en).
[2018.08.22-06.25.59:707][  0]LogInit: Overriding locale with editor locale configuration option (en).
[2018.08.22-06.26.00:129][  0]LogStreaming: Display: Took  0.421s to InitEngineTextLocalization.
[2018.08.22-06.26.00:130][  0]LogInit: Setting process to per monitor DPI aware
[2018.08.22-06.26.00:176][  0]LogSlate: New Slate User Created.  User Index 0, Is Virtual User: 0
[2018.08.22-06.26.00:176][  0]LogSlate: Slate User Registered.  User Index 0, Is Virtual User: 0
[2018.08.22-06.26.00:572][  0]LogHMD: Failed to initialize OpenVR with code 110
[2018.08.22-06.26.00:572][  0]LogD3D11RHI: D3D11 adapters:
[2018.08.22-06.26.00:612][  0]LogD3D11RHI:    0. 'NVIDIA GeForce 940MX' (Feature Level 11_0)
[2018.08.22-06.26.00:612][  0]LogD3D11RHI:       2020/0/4038 MB DedicatedVideo/DedicatedSystem/SharedSystem, Outputs:1, VendorId:0x10de
[2018.08.22-06.26.00:621][  0]LogD3D11RHI:    1. 'Intel(R) HD Graphics 620' (Feature Level 11_0)
[2018.08.22-06.26.00:621][  0]LogD3D11RHI:       128/0/4038 MB DedicatedVideo/DedicatedSystem/SharedSystem, Outputs:0, VendorId:0x8086
[2018.08.22-06.26.00:629][  0]LogD3D11RHI:    2. 'Microsoft Basic Render Driver' (Feature Level 11_0)
[2018.08.22-06.26.00:629][  0]LogD3D11RHI:       0/0/4038 MB DedicatedVideo/DedicatedSystem/SharedSystem, Outputs:0, VendorId:0x1414
[2018.08.22-06.26.00:629][  0]LogD3D11RHI: Chosen D3D11 Adapter: 0
[2018.08.22-06.26.00:633][  0]LogD3D11RHI: Creating new Direct3DDevice
[2018.08.22-06.26.00:633][  0]LogD3D11RHI:     GPU DeviceId: 0x134d (for the marketing name, search the web for "GPU Device Id")
[2018.08.22-06.26.00:633][  0]LogWindows: EnumDisplayDevices:
[2018.08.22-06.26.00:634][  0]LogWindows:    0. 'Intel(R) HD Graphics 620' (P:1 D:1)
[2018.08.22-06.26.00:634][  0]LogWindows:    1. 'Intel(R) HD Graphics 620' (P:0 D:0)
[2018.08.22-06.26.00:634][  0]LogWindows:    2. 'Intel(R) HD Graphics 620' (P:0 D:0)
[2018.08.22-06.26.00:634][  0]LogWindows: DebugString: PrimaryIsNotTheChoosenAdapter PrimaryIsNotTheChoosenAdapter PrimaryIsNotTheChoosenAdapter FoundDriverCount:0 
[2018.08.22-06.26.00:634][  0]LogD3D11RHI:     Adapter Name: NVIDIA GeForce 940MX
[2018.08.22-06.26.00:634][  0]LogD3D11RHI:   Driver Version: Unknown (internal:Unknown, unified:Unknown)
[2018.08.22-06.26.00:634][  0]LogD3D11RHI:      Driver Date: Unknown
[2018.08.22-06.26.00:634][  0]LogRHI: Texture pool is 1414 MB (70% of 2020 MB)
[2018.08.22-06.26.00:653][  0]LogD3D11RHI: Async texture creation enabled
[2018.08.22-06.26.00:675][  0]LogD3D11RHI: GPU Timing Frequency: 1000.000000 (Debug: 2 2)
[2018.08.22-06.26.00:679][  0]LogShaderCompilers: Guid format shader working directory is -25 characters bigger than the processId version (../../../../../../Users/park/Downloads/Rabbit-And-Turtle/UnrealProject/Intermediate/Shaders/WorkingDirectory/6768/).
[2018.08.22-06.26.00:680][  0]LogShaderCompilers: Cleaned the shader compiler working directory 'C:/Users/park/AppData/Local/Temp/UnrealShaderWorkingDir/0388611E4727A0367AE8F0941AD13A3A/'.
[2018.08.22-06.26.01:309][  0]LogTemp: Display: Loaded TP AllDesktopTargetPlatform
[2018.08.22-06.26.01:323][  0]LogTemp: Display: Loaded TP MacClientTargetPlatform
[2018.08.22-06.26.01:336][  0]LogTemp: Display: Loaded TP MacNoEditorTargetPlatform
[2018.08.22-06.26.01:351][  0]LogTemp: Display: Loaded TP MacServerTargetPlatform
[2018.08.22-06.26.01:365][  0]LogTemp: Display: Loaded TP MacTargetPlatform
[2018.08.22-06.26.01:380][  0]LogTemp: Display: Loaded TP WindowsClientTargetPlatform
[2018.08.22-06.26.01:394][  0]LogTemp: Display: Loaded TP WindowsNoEditorTargetPlatform
[2018.08.22-06.26.01:409][  0]LogTemp: Display: Loaded TP WindowsServerTargetPlatform
[2018.08.22-06.26.01:416][  0]LogTemp: Display: Loaded TP WindowsTargetPlatform
[2018.08.22-06.26.01:504][  0]LogTemp: Display: Loaded TP AndroidTargetPlatform
[2018.08.22-06.26.01:504][  0]LogTemp: Display: Loaded TP AndroidTargetPlatform
[2018.08.22-06.26.01:504][  0]LogTemp: Display: Loaded TP AndroidTargetPlatform
[2018.08.22-06.26.01:504][  0]LogTemp: Display: Loaded TP AndroidTargetPlatform
[2018.08.22-06.26.01:504][  0]LogTemp: Display: Loaded TP AndroidTargetPlatform
[2018.08.22-06.26.01:504][  0]LogTemp: Display: Loaded TP AndroidTargetPlatform
[2018.08.22-06.26.01:504][  0]LogTemp: Display: Loaded TP AndroidTargetPlatform
[2018.08.22-06.26.01:504][  0]LogTemp: Display: Loaded TP AndroidTargetPlatform
[2018.08.22-06.26.01:504][  0]LogTemp: Display: Loaded TP AndroidTargetPlatform
[2018.08.22-06.26.01:504][  0]LogTemp: Display: Loaded TP AndroidTargetPlatform
[2018.08.22-06.26.01:504][  0]LogTemp: Display: Loaded TP AndroidTargetPlatform
[2018.08.22-06.26.01:504][  0]LogTemp: Display: Loaded TP AndroidTargetPlatform
[2018.08.22-06.26.01:504][  0]LogTemp: Display: Loaded TP AndroidTargetPlatform
[2018.08.22-06.26.01:504][  0]LogTemp: Display: Loaded TP AndroidTargetPlatform
[2018.08.22-06.26.01:504][  0]LogTemp: Display: Loaded TP AndroidTargetPlatform
[2018.08.22-06.26.01:504][  0]LogTemp: Display: Loaded TP AndroidTargetPlatform
[2018.08.22-06.26.01:504][  0]LogTemp: Display: Loaded TP AndroidTargetPlatform
[2018.08.22-06.26.01:505][  0]LogTemp: Display: Loaded TP AndroidTargetPlatform
[2018.08.22-06.26.01:506][  0]LogTemp: Display: Loaded TP HTML5TargetPlatform
[2018.08.22-06.26.01:570][  0]LogTemp: Display: Loaded TP IOSTargetPlatform
[2018.08.22-06.26.01:570][  0]LogTemp: Display: Loaded TP IOSTargetPlatform
[2018.08.22-06.26.01:594][  0]LogTemp: Display: Loaded TP TVOSTargetPlatform
[2018.08.22-06.26.01:594][  0]LogTemp: Display: Loaded TP TVOSTargetPlatform
[2018.08.22-06.26.01:608][  0]LogTemp: Display: Loaded TP LinuxClientTargetPlatform
[2018.08.22-06.26.01:624][  0]LogTemp: Display: Loaded TP LinuxNoEditorTargetPlatform
[2018.08.22-06.26.01:638][  0]LogTemp: Display: Loaded TP LinuxServerTargetPlatform
[2018.08.22-06.26.01:655][  0]LogTemp: Display: Loaded TP LinuxTargetPlatform
[2018.08.22-06.26.01:665][  0]LogTemp: Display: Loaded TP LuminTargetPlatform
[2018.08.22-06.26.01:665][  0]LogTargetPlatformManager: Display: Building Assets For Windows
[2018.08.22-06.26.01:784][  0]LogXGEController: Cleaning working directory: C:/Users/park/AppData/Local/Temp/UnrealXGEWorkingDir/
[2018.08.22-06.26.01:785][  0]LogXGEController: Cannot use XGE Controller as Incredibuild is not installed on this machine.
[2018.08.22-06.26.01:785][  0]LogShaderCompilers: Cannot use XGE Shader Compiler as Incredibuild is not installed on this machine.
[2018.08.22-06.26.01:785][  0]LogShaderCompilers: Display: Using Local Shader Compiler.
[2018.08.22-06.26.02:774][  0]LogDerivedDataCache: Display: Max Cache Size: 512 MB
[2018.08.22-06.26.03:069][  0]LogDerivedDataCache: Loaded boot cache 0.30s 71MB C:/Users/park/AppData/Local/UnrealEngine/4.20/DerivedDataCache/Boot.ddc.
[2018.08.22-06.26.03:070][  0]LogDerivedDataCache: Display: Loaded Boot cache: C:/Users/park/AppData/Local/UnrealEngine/4.20/DerivedDataCache/Boot.ddc
[2018.08.22-06.26.03:070][  0]LogDerivedDataCache: FDerivedDataBackendGraph:  Pak pak cache file ../../../../../../Users/park/Downloads/Rabbit-And-Turtle/UnrealProject/DerivedDataCache/DDC.ddp not found, will not use a pak cache.
[2018.08.22-06.26.03:070][  0]LogDerivedDataCache: Unable to find inner node Pak for hierarchical cache Hierarchy.
[2018.08.22-06.26.03:074][  0]LogDerivedDataCache: Display: Pak cache opened for reading ../../../../../../Users/park/Downloads/Rabbit-And-Turtle/UnrealProject/DerivedDataCache/Compressed.ddp.
[2018.08.22-06.26.03:098][  0]LogDerivedDataCache: Display: Pak cache opened for reading ../../../Engine/DerivedDataCache/Compressed.ddp.
[2018.08.22-06.26.03:110][  0]LogDerivedDataCache: Using Local data cache path C:/Users/park/AppData/Local/UnrealEngine/Common/DerivedDataCache: Writable
[2018.08.22-06.26.03:110][  0]LogDerivedDataCache: Shared data cache path not found in *engine.ini, will not use an Shared cache.
[2018.08.22-06.26.03:110][  0]LogDerivedDataCache: Unable to find inner node Shared for hierarchical cache Hierarchy.
[2018.08.22-06.26.03:135][  0]LogMaterial: Verifying Global Shaders for PCD3D_SM5
[2018.08.22-06.26.03:138][  0]LogSlate: Using FreeType 2.6.0
[2018.08.22-06.26.03:139][  0]LogSlate: SlateFontServices - WITH_FREETYPE: 1, WITH_HARFBUZZ: 1
[2018.08.22-06.26.03:230][  0]LogAssetRegistry: FAssetRegistry took 0.0271 seconds to start up
[2018.08.22-06.26.03:687][  0]LogInit: Selected Device Profile: [Windows]
[2018.08.22-06.26.03:809][  0]LogSimplygon: Simplygon DLL not present - disabling.
[2018.08.22-06.26.03:840][  0]LogMeshReduction: Using SimplygonSwarm for distributed automatic mesh merging
[2018.08.22-06.26.03:842][  0]LogMeshReduction: Using ProxyLODMeshReduction for automatic mesh merging
[2018.08.22-06.26.03:842][  0]LogMeshReduction: Using QuadricMeshReduction for automatic static mesh reduction
[2018.08.22-06.26.03:842][  0]LogMeshReduction: No automatic skeletal mesh reduction module available
[2018.08.22-06.26.03:958][  0]LogNetVersion: Stylized렌더링 1.0.0, NetCL: 4212847, EngineNetVer: 5, GameNetVer: 0 (Checksum: 2712925785)
[2018.08.22-06.26.04:629][  0]LogPackageLocalizationCache: Processed 11 localized package path(s) for 1 prioritized culture(s) in 0.051189 seconds
[2018.08.22-06.26.04:638][  0]LogUObjectArray: 38425 objects as part of root set at end of initial load.
[2018.08.22-06.26.04:638][  0]LogUObjectAllocator: 6690872 out of 0 bytes used by permanent object pool.
[2018.08.22-06.26.04:638][  0]LogUObjectArray: CloseDisregardForGC: 0/0 objects in disregard for GC pool
[2018.08.22-06.26.07:370][  0]LogTcpMessaging: Initializing TcpMessaging bridge
[2018.08.22-06.26.07:385][  0]LogUdpMessaging: Initializing bridge on interface 0.0.0.0:0 to multicast group 230.0.0.1:6666.
[2018.08.22-06.26.07:706][  0]SourceControl: Source control is disabled
[2018.08.22-06.26.07:707][  0]SourceControl: Source control is disabled
[2018.08.22-06.26.07:724][  0]SourceControl: Source control is disabled
[2018.08.22-06.26.07:728][  0]SourceControl: Source control is disabled
[2018.08.22-06.26.08:064][  0]LogAndroidPermission: UAndroidPermissionCallbackProxy::GetInstance
[2018.08.22-06.26.08:135][  0]LogOcInput: OculusInput pre-init called
[2018.08.22-06.26.08:267][  0]LogEngine: Initializing Engine...
[2018.08.22-06.26.08:271][  0]LogHMD: Failed to initialize OpenVR with code 110
[2018.08.22-06.26.08:275][  0]LogStats: UGameplayTagsManager::ConstructGameplayTagTree: ImportINI prefixes -  0.001 s
[2018.08.22-06.26.08:275][  0]LogStats: UGameplayTagsManager::ConstructGameplayTagTree: Construct from data asset -  0.000 s
[2018.08.22-06.26.08:275][  0]LogStats: UGameplayTagsManager::ConstructGameplayTagTree: ImportINI -  0.000 s
[2018.08.22-06.26.08:275][  0]LogStats: UGameplayTagsManager::ConstructGameplayTagTree: GameplayTagTreeChangedEvent.Broadcast -  0.000 s
[2018.08.22-06.26.08:560][  0]LogInit: Initializing FReadOnlyCVARCache
[2018.08.22-06.26.08:584][  0]LogAIModule: Creating AISystem for world Untitled
[2018.08.22-06.26.08:593][  0]LogInit: XAudio2 using '스피커/헤드폰(Realtek High Definition Audio)' : 2 channels at 48 kHz using 32 bits per sample (channel mask 0x3)
[2018.08.22-06.26.09:930][  0]LogInit: FAudioDevice initialized.
[2018.08.22-06.26.09:931][  0]LogNetVersion: Set ProjectVersion to 1.0.0.0. Version Checksum will be recalculated on next use.
[2018.08.22-06.26.10:012][  0]LogDerivedDataCache: Saved boot cache 0.08s 71MB C:/Users/park/AppData/Local/UnrealEngine/4.20/DerivedDataCache/Boot.ddc.
[2018.08.22-06.26.10:019][  0]LogInit: Texture streaming: Enabled
[2018.08.22-06.26.10:040][  0]LogEngineSessionManager: EngineSessionManager initialized
[2018.08.22-06.26.10:040][  0]LogEngineSessionManager: EngineSessionManager sent abnormal shutdown report. Type=Crashed, SessionId={C09B7AE6-41AC-719D-7EC0-30896B7AD10D}
[2018.08.22-06.26.10:059][  0]LogInit: Transaction tracking system initialized
[2018.08.22-06.26.10:107][  0]BlueprintLog: New page: Editor Load
[2018.08.22-06.26.10:301][  0]LocalizationService: Localization service is disabled
[2018.08.22-06.26.10:725][  0]LogCook: Display: Max memory allowance for cook 16384mb min free memory 0mb
[2018.08.22-06.26.10:726][  0]LogCook: Display: Mobile HDR setting 1
[2018.08.22-06.26.10:726][  0]LogGameplayTags: Display: UGameplayTagsManager::DoneAddingNativeTags. DelegateIsBound: 0
[2018.08.22-06.26.10:726][  0]LogStats: UGameplayTagsManager::ConstructGameplayTagTree: ImportINI prefixes -  0.000 s
[2018.08.22-06.26.10:726][  0]LogStats: UGameplayTagsManager::ConstructGameplayTagTree: Construct from data asset -  0.000 s
[2018.08.22-06.26.10:726][  0]LogStats: UGameplayTagsManager::ConstructGameplayTagTree: ImportINI -  0.000 s
[2018.08.22-06.26.10:726][  0]LogStats: UGameplayTagsManager::ConstructGameplayTagTree: GameplayTagTreeChangedEvent.Broadcast -  0.000 s
[2018.08.22-06.26.10:938][  0]SourceControl: Source control is disabled
[2018.08.22-06.26.11:003][  0]LogWindowsTextInputMethodSystem: Display: IME system now activated using TSF (Microsoft 입력기).
[2018.08.22-06.26.11:034][  0]LogSlate: Took 0.000221 seconds to synchronously load lazily loaded font '../../../Engine/Content/Slate/Fonts/Roboto-Regular.ttf' (155K)
[2018.08.22-06.26.35:829][  0]LogSlate: Window 'Restore Packages' being destroyed
[2018.08.22-06.26.35:831][  0]LogWindowsTextInputMethodSystem: Display: IME system now activated using TSF (Microsoft 입력기).
[2018.08.22-06.26.35:835][  0]LogWindowsTextInputMethodSystem: Display: IME system now activated using TSF (Microsoft 입력기).
[2018.08.22-06.26.37:287][  0]LogSlate: Window 'Unable to Check Out From Source Control!' being destroyed
[2018.08.22-06.26.37:289][  0]LogWindowsTextInputMethodSystem: Display: IME system now activated using TSF (Microsoft 입력기).
[2018.08.22-06.26.37:293][  0]LogWindowsTextInputMethodSystem: Display: IME system now activated using TSF (Microsoft 입력기).
[2018.08.22-06.26.37:356][  0]Cmd: MAP LOAD FILE="../../../../../../Users/park/Downloads/Rabbit-And-Turtle/UnrealProject/Content/Maps/Stylized_Kingdom.umap" TEMPLATE=0 SHOWPROGRESS=1 FEATURELEVEL=3
[2018.08.22-06.26.37:357][  0]LightingResults: New page: Lighting Build
[2018.08.22-06.26.37:366][  0]MapCheck: New page: Map Check
[2018.08.22-06.26.37:366][  0]LightingResults: New page: Lighting Build
[2018.08.22-06.26.38:937][  0]LogAIModule: Creating AISystem for world Stylized_Kingdom
[2018.08.22-06.26.39:106][  0]LogEditorServer: Finished looking for orphan Actors (0.000 secs)
[2018.08.22-06.26.39:134][  0]Cmd: MAP CHECKDEP NOCLEARLOG
[2018.08.22-06.26.39:263][  0]MapCheck: Map check complete: 0 Error(s), 0 Warning(s), took 128.887ms to complete.
[2018.08.22-06.26.39:263][  0]LogFileHelpers: Loading map 'Stylized_Kingdom' took 1.907
[2018.08.22-06.26.39:318][  0]LogSlate: Updating window title bar state: overlay mode, drag disabled, window buttons hidden, title bar hidden
[2018.08.22-06.26.39:324][  0]LogSlate: Updating window title bar state: overlay mode, drag disabled, window buttons hidden, title bar hidden
[2018.08.22-06.26.39:344][  0]LogCollectionManager: Loaded 0 collections in 0.001634 seconds
[2018.08.22-06.26.39:388][  0]LogFileCache: Scanning file cache for directory 'C:/Users/park/Downloads/Rabbit-And-Turtle/UnrealProject/Saved/Collections/' took 0.01s
[2018.08.22-06.26.39:388][  0]LogFileCache: Scanning file cache for directory 'C:/Users/park/Downloads/Rabbit-And-Turtle/UnrealProject/Content/Developers/park/Collections/' took 0.01s
[2018.08.22-06.26.39:388][  0]LogFileCache: Scanning file cache for directory 'C:/Users/park/Downloads/Rabbit-And-Turtle/UnrealProject/Content/Collections/' took 0.01s
[2018.08.22-06.26.39:388][  0]LogCollectionManager: Rebuilt the GUID cache for 0 collections in 0.000001 seconds
[2018.08.22-06.26.39:398][  0]LogContentBrowser: Native class hierarchy populated in 0.0095 seconds. Added 2572 classes and 603 folders.
[2018.08.22-06.26.39:410][  0]LogContentBrowser: Native class hierarchy updated for 'WidgetCarousel' in 0.0003 seconds. Added 0 classes and 0 folders.
[2018.08.22-06.26.39:604][  0]LogContentBrowser: Native class hierarchy updated for 'AddContentDialog' in 0.0003 seconds. Added 0 classes and 0 folders.
[2018.08.22-06.26.39:612][  0]LogContentBrowser: Native class hierarchy updated for 'SceneOutliner' in 0.0003 seconds. Added 1 classes and 2 folders.
[2018.08.22-06.26.39:729][  0]LogSlate: Took 0.003090 seconds to synchronously load lazily loaded font '../../../Engine/Content/Slate/Fonts/DroidSansFallback.ttf' (3848K)
[2018.08.22-06.26.39:730][  0]LogSlate: Took 0.000172 seconds to synchronously load lazily loaded font '../../../Engine/Content/Slate/Fonts/Roboto-Bold.ttf' (160K)
[2018.08.22-06.26.39:814][  0]LogRenderer: Reallocating scene render targets to support 120x588 Format 10 NumSamples 1 (Frame:1).
[2018.08.22-06.26.39:996][  0]LogContentBrowser: Native class hierarchy updated for 'HierarchicalLODOutliner' in 0.0005 seconds. Added 0 classes and 0 folders.
[2018.08.22-06.26.39:996][  0]LogLoad: (Engine Initialization) Total time: 45.21 seconds
[2018.08.22-06.26.39:996][  0]LogLoad: (Engine Initialization) Total Blueprint compile time: 0.00 seconds
[2018.08.22-06.26.40:047][  0]LogContentStreaming: Texture pool size now 3000 MB
[2018.08.22-06.26.40:089][  1]LogRenderer: Reallocating scene render targets to support 964x588 Format 10 NumSamples 1 (Frame:2).
[2018.08.22-06.26.40:109][  1]LogAssetRegistry: Asset discovery search completed in 36.9018 seconds
[2018.08.22-06.26.40:114][  1]LogCollectionManager: Rebuilt the object cache for 0 collections in 0.000001 seconds (found 0 objects)
[2018.08.22-06.26.40:114][  1]LogCollectionManager: Fixed up redirectors for 0 collections in 0.000103 seconds (updated 0 objects)
[2018.08.22-06.26.41:102][ 27]LogSlate: Took 0.000164 seconds to synchronously load lazily loaded font '../../../Engine/Content/Slate/Fonts/Roboto-Light.ttf' (167K)
[2018.08.22-06.26.48:073][147]LogSlate: FSceneViewport::OnFocusLost() reason 0
[2018.08.22-06.26.48:230][152]LogAssetEditorManager: Opening Asset editor for LevelSequence /Game/Cinematic/Tutorial.Tutorial
[2018.08.22-06.26.48:293][152]LogAssetEditorManager: Opening Asset editor for Material /Game/Charactor/fairy/fairy_navi.fairy_navi
[2018.08.22-06.26.48:298][152]LogMaterial: Display: Missing cached shader map for material fairy_navi, compiling. 
[2018.08.22-06.26.48:751][152]LogMaterial: Display: Missing cached shader map for material fairy_navi, compiling. 
[2018.08.22-06.26.48:787][152]LogMaterial: Display: Missing cached shader map for material fairy_navi, compiling. 
[2018.08.22-06.26.48:836][152]LogShaderCompilers: Display: Shaders left to compile 59
[2018.08.22-06.26.48:836][152]LogShaderCompilers: Display: Shaders left to compile 58
[2018.08.22-06.26.48:836][152]LogShaderCompilers: Display: Shaders left to compile 57
[2018.08.22-06.26.48:850][152]LogMaterial: Display: Missing cached shader map for material FMatExpressionPreview MaterialExpressionConstant3Vector_0, compiling. 
[2018.08.22-06.26.48:858][152]LogMaterial: Display: Missing cached shader map for material FMatExpressionPreview MaterialExpressionTextureSample_1, compiling. 
[2018.08.22-06.26.48:902][152]LogLinker: Warning: Can't resolve asset name
[2018.08.22-06.26.48:909][152]LogSlate: Took 0.000237 seconds to synchronously load lazily loaded font '../../../Engine/Content/Slate/Fonts/Roboto-BoldCondensed.ttf' (158K)
[2018.08.22-06.26.49:829][188]LogShaderCompilers: Display: Shaders left to compile 60
[2018.08.22-06.26.49:850][189]LogShaderCompilers: Display: Shaders left to compile 59
[2018.08.22-06.26.49:918][193]LogShaderCompilers: Display: Shaders left to compile 58
[2018.08.22-06.26.50:300][214]LogShaderCompilers: Display: Shaders left to compile 57
[2018.08.22-06.26.50:353][217]LogShaderCompilers: Display: Shaders left to compile 56
[2018.08.22-06.26.50:437][222]LogShaderCompilers: Display: Shaders left to compile 55
[2018.08.22-06.26.50:673][235]LogShaderCompilers: Display: Shaders left to compile 54
[2018.08.22-06.26.50:734][238]LogSlate: Took 0.000213 seconds to synchronously load lazily loaded font '../../../Engine/Content/Slate/Fonts/DroidSansMono.ttf' (77K)
[2018.08.22-06.26.50:735][238]LogSlate: Took 0.000197 seconds to synchronously load lazily loaded font '../../../Engine/Content/Editor/Slate/Fonts/FontAwesome.ttf' (139K)
[2018.08.22-06.26.50:803][239]LogShaderCompilers: Display: Shaders left to compile 53
[2018.08.22-06.26.50:899][242]LogShaderCompilers: Display: Shaders left to compile 52
[2018.08.22-06.26.52:179][256]LogTemp: Repeating last play command: Selected Viewport
[2018.08.22-06.26.52:350][256]LogBlueprintUserMessages: Early PlayInEditor Detection: Level '/Game/Maps/Stylized_Kingdom.Stylized_Kingdom:PersistentLevel' has LevelScriptBlueprint '/Game/Maps/Stylized_Kingdom.Stylized_Kingdom:PersistentLevel.Stylized_Kingdom' with GeneratedClass '/Game/Maps/Stylized_Kingdom.Stylized_Kingdom_C' with ClassGeneratedBy '/Game/Maps/Stylized_Kingdom.Stylized_Kingdom:PersistentLevel.Stylized_Kingdom'
[2018.08.22-06.26.52:352][256]LogPlayLevel: PlayLevel: No blueprints needed recompiling
[2018.08.22-06.26.52:377][256]PIE: New page: PIE session: Stylized_Kingdom (Aug 23, 2018, 12:26:52 AM)
[2018.08.22-06.26.52:378][256]LogPlayLevel: Creating play world package: /Game/Maps/UEDPIE_0_Stylized_Kingdom
[2018.08.22-06.26.53:464][256]LogPlayLevel: PIE: StaticDuplicateObject took: (1.085445s)
[2018.08.22-06.26.53:470][256]LogAIModule: Creating AISystem for world Stylized_Kingdom
[2018.08.22-06.26.53:473][256]LogPlayLevel: PIE: World Init took: (0.008598s)
[2018.08.22-06.26.53:475][256]LogPlayLevel: PIE: Created PIE world by copying editor world from /Game/Maps/Stylized_Kingdom.Stylized_Kingdom to /Game/Maps/UEDPIE_0_Stylized_Kingdom.Stylized_Kingdom (1.096896s)
[2018.08.22-06.26.53:705][256]LogInit: XAudio2 using '스피커/헤드폰(Realtek High Definition Audio)' : 2 channels at 48 kHz using 32 bits per sample (channel mask 0x3)
[2018.08.22-06.26.53:944][256]LogInit: FAudioDevice initialized.
[2018.08.22-06.26.54:022][256]LogLoad: Game class is 'GameModeBase'
[2018.08.22-06.26.54:210][256]LogWorld: Bringing World /Game/Maps/UEDPIE_0_Stylized_Kingdom.Stylized_Kingdom up for play (max tick rate 60) at 2018.08.22-15.26.54
[2018.08.22-06.26.54:217][256]LogWorld: Bringing up level for play took: 0.182403
[2018.08.22-06.26.54:290][256]LogContentBrowser: Native class hierarchy updated for 'MovieSceneCapture' in 0.0030 seconds. Added 10 classes and 0 folders.
[2018.08.22-06.26.54:302][256]PIE: Play in editor start time for /Game/Maps/UEDPIE_0_Stylized_Kingdom 1.199
[2018.08.22-06.26.54:304][256]LogBlueprintUserMessages: Late PlayInEditor Detection: Level '/Game/Maps/Stylized_Kingdom.Stylized_Kingdom:PersistentLevel' has LevelScriptBlueprint '/Game/Maps/Stylized_Kingdom.Stylized_Kingdom:PersistentLevel.Stylized_Kingdom' with GeneratedClass '/Game/Maps/Stylized_Kingdom.Stylized_Kingdom_C' with ClassGeneratedBy '/Game/Maps/Stylized_Kingdom.Stylized_Kingdom:PersistentLevel.Stylized_Kingdom'
[2018.08.22-06.26.57:193][307]LogShaderCompilers: Display: Shaders left to compile 51
[2018.08.22-06.26.57:401][309]LogShaderCompilers: Display: Shaders left to compile 50
[2018.08.22-06.26.57:794][325]LogShaderCompilers: Display: Shaders left to compile 49
[2018.08.22-06.26.58:627][367]LogShaderCompilers: Display: Shaders left to compile 48
[2018.08.22-06.26.58:890][379]LogShaderCompilers: Display: Shaders left to compile 47
[2018.08.22-06.26.58:956][382]LogBlueprintUserMessages: Early EndPlayMap Detection: Level '/Game/Maps/Stylized_Kingdom.Stylized_Kingdom:PersistentLevel' has LevelScriptBlueprint '/Game/Maps/Stylized_Kingdom.Stylized_Kingdom:PersistentLevel.Stylized_Kingdom' with GeneratedClass '/Game/Maps/Stylized_Kingdom.Stylized_Kingdom_C' with ClassGeneratedBy '/Game/Maps/Stylized_Kingdom.Stylized_Kingdom:PersistentLevel.Stylized_Kingdom'
[2018.08.22-06.26.58:957][382]LogSlate: Updating window title bar state: overlay mode, drag disabled, window buttons hidden, title bar hidden
[2018.08.22-06.26.59:028][382]LogShaderCompilers: Display: Shaders left to compile 46
[2018.08.22-06.26.59:029][382]LogPlayLevel: Display: Shutting down PIE online subsystems
[2018.08.22-06.26.59:029][382]LogBlueprintUserMessages: Late EndPlayMap Detection: Level '/Game/Maps/Stylized_Kingdom.Stylized_Kingdom:PersistentLevel' has LevelScriptBlueprint '/Game/Maps/Stylized_Kingdom.Stylized_Kingdom:PersistentLevel.Stylized_Kingdom' with GeneratedClass '/Game/Maps/Stylized_Kingdom.Stylized_Kingdom_C' with ClassGeneratedBy '/Game/Maps/Stylized_Kingdom.Stylized_Kingdom:PersistentLevel.Stylized_Kingdom'
[2018.08.22-06.26.59:082][382]LogSlate: Updating window title bar state: overlay mode, drag disabled, window buttons hidden, title bar hidden
[2018.08.22-06.26.59:156][383]LogPlayLevel: Display: Destroying online subsystem :Context_2
[2018.08.22-06.26.59:729][396]LogShaderCompilers: Display: Shaders left to compile 45
[2018.08.22-06.27.00:147][409]LogShaderCompilers: Display: Shaders left to compile 44
[2018.08.22-06.27.00:411][417]LogShaderCompilers: Display: Shaders left to compile 43
[2018.08.22-06.27.00:921][432]LogShaderCompilers: Display: Shaders left to compile 42
[2018.08.22-06.27.06:568][487]LogShaderCompilers: Display: Shaders left to compile 41
[2018.08.22-06.27.07:003][500]LogShaderCompilers: Display: Shaders left to compile 40
[2018.08.22-06.27.07:085][503]LogShaderCompilers: Display: Shaders left to compile 39
[2018.08.22-06.27.12:704][562]LogShaderCompilers: Display: Shaders left to compile 38
[2018.08.22-06.27.18:225][618]LogShaderCompilers: Display: Shaders left to compile 37
[2018.08.22-06.27.18:274][619]LogShaderCompilers: Display: Shaders left to compile 36
[2018.08.22-06.27.18:348][620]LogShaderCompilers: Display: Shaders left to compile 35
[2018.08.22-06.27.18:793][630]LogShaderCompilers: Display: Shaders left to compile 34
[2018.08.22-06.27.18:828][631]LogShaderCompilers: Display: Shaders left to compile 33
[2018.08.22-06.27.24:813][708]LogShaderCompilers: Display: Shaders left to compile 32
[2018.08.22-06.27.24:991][708]LogShaderCompilers: Display: Shaders left to compile 31
[2018.08.22-06.27.25:359][712]LogShaderCompilers: Display: Shaders left to compile 30
[2018.08.22-06.27.25:936][726]LogShaderCompilers: Display: Shaders left to compile 29
[2018.08.22-06.27.26:591][737]LogShaderCompilers: Display: Shaders left to compile 28
[2018.08.22-06.27.31:419][787]LogShaderCompilers: Display: Shaders left to compile 27
[2018.08.22-06.27.32:425][809]LogShaderCompilers: Display: Shaders left to compile 26
[2018.08.22-06.27.33:207][822]LogShaderCompilers: Display: Shaders left to compile 25
[2018.08.22-06.27.38:573][879]LogShaderCompilers: Display: Shaders left to compile 24
[2018.08.22-06.27.44:250][933]LogShaderCompilers: Display: Shaders left to compile 23
[2018.08.22-06.27.44:608][938]LogShaderCompilers: Display: Shaders left to compile 22
[2018.08.22-06.27.44:671][939]LogShaderCompilers: Display: Shaders left to compile 21
[2018.08.22-06.27.44:928][946]LogShaderCompilers: Display: Shaders left to compile 20
[2018.08.22-06.27.45:314][958]LogShaderCompilers: Display: Shaders left to compile 19
[2018.08.22-06.27.45:476][963]LogShaderCompilers: Display: Shaders left to compile 18
[2018.08.22-06.27.48:376][989]LogShaderCompilers: Display: Shaders left to compile 17
[2018.08.22-06.27.50:225][989]LogShaderCompilers: Display: Shaders left to compile 16
[2018.08.22-06.27.50:734][989]LogShaderCompilers: Display: Shaders left to compile 15
[2018.08.22-06.27.50:847][989]LogShaderCompilers: Display: Shaders left to compile 14
[2018.08.22-06.27.51:686][ 13]LogShaderCompilers: Display: Shaders left to compile 13
[2018.08.22-06.27.51:796][ 16]LogShaderCompilers: Display: Shaders left to compile 12
[2018.08.22-06.27.52:130][ 27]LogShaderCompilers: Display: Shaders left to compile 11
[2018.08.22-06.27.52:912][ 51]LogShaderCompilers: Display: Shaders left to compile 10
[2018.08.22-06.27.52:918][ 51]LogShaderCompilers: Display: Shaders left to compile 9
[2018.08.22-06.27.53:171][ 60]LogShaderCompilers: Display: Shaders left to compile 8
[2018.08.22-06.27.53:873][ 83]LogShaderCompilers: Display: Shaders left to compile 7
[2018.08.22-06.27.54:320][ 98]LogShaderCompilers: Display: Shaders left to compile 6
[2018.08.22-06.27.54:519][105]LogShaderCompilers: Display: Shaders left to compile 5
[2018.08.22-06.27.55:605][116]LogEditorViewport: Clicking on Actor (LMB): PlayerStart (Player Start)
[2018.08.22-06.27.59:607][148]LogSlate: FSceneViewport::OnFocusLost() reason 0
[2018.08.22-06.28.00:128][154]LogShaderCompilers: Display: Shaders left to compile 4
[2018.08.22-06.28.00:242][155]LogShaderCompilers: Display: Shaders left to compile 3
[2018.08.22-06.28.00:457][159]LogShaderCompilers: Display: Shaders left to compile 2
[2018.08.22-06.28.00:554][160]MaterialEditorStats: Base pass shader: 102 instructions
[2018.08.22-06.28.00:554][160]MaterialEditorStats: Base pass shader with Volumetric Lightmap: 175 instructions
[2018.08.22-06.28.00:554][160]MaterialEditorStats: Base pass vertex shader: 36 instructions
[2018.08.22-06.28.00:554][160]MaterialEditorStats: Base pass vertex shader: 88 instructions
[2018.08.22-06.28.00:554][160]MaterialEditorStats: Texture samplers: 4/16
[2018.08.22-06.28.00:554][160]MaterialEditorStats: Texture Lookups (Est.): VS(0), PS(1)
[2018.08.22-06.28.00:554][160]MaterialEditorStats: User interpolators: 2/4 Scalars (1/4 Vectors) (TexCoords: 2, Custom: 0)
[2018.08.22-06.28.00:733][164]LogShaderCompilers: Display: Shaders left to compile 1
[2018.08.22-06.28.37:059][602]LogEditorActor: Deleted Actor: CineCameraActor
[2018.08.22-06.28.37:082][602]LogEditorActor: Deleted 1 Actors (0.041 secs)
[2018.08.22-06.28.53:185][204]LogEditorViewport: Clicking on Actor (context menu): StaticMeshActor (SM_Bushes_Cluster_A_73)
[2018.08.22-06.28.53:247][204]LogSlate: FSceneViewport::OnFocusLost() reason 2
[2018.08.22-06.28.57:766][294]LogSlate: FSceneViewport::OnFocusLost() reason 0
[2018.08.22-06.29.41:752][927]LogSlate: FSceneViewport::OnFocusLost() reason 0
[2018.08.22-06.29.58:241][189]LogSlate: FSceneViewport::OnFocusLost() reason 0
[2018.08.22-06.30.03:350][263]Cmd: OBJ SAVEPACKAGE PACKAGE="/Game/Cinematic/Tutorial" FILE="../../../../../../Users/park/Downloads/Rabbit-And-Turtle/UnrealProject/Content/Cinematic/Tutorial.uasset" SILENT=true
[2018.08.22-06.30.03:460][263]LogSavePackage: Moving '../../../../../../Users/park/Downloads/Rabbit-And-Turtle/UnrealProject/Saved/Tutorial95B1CD174779C00F4D7E849E2F1424DF.tmp' to '../../../../../../Users/park/Downloads/Rabbit-And-Turtle/UnrealProject/Content/Cinematic/Tutorial.uasset'
[2018.08.22-06.31.51:264][765]LogAssetEditorManager: Opening Asset editor for LevelScriptBlueprint /Game/Maps/Stylized_Kingdom.Stylized_Kingdom:PersistentLevel.Stylized_Kingdom
[2018.08.22-06.31.56:391][765]LogContentBrowser: Native class hierarchy updated for 'BlueprintGraph' in 0.0007 seconds. Added 116 classes and 0 folders.
[2018.08.22-06.31.58:971][824]LogSlate: Window 'Stylized_Kingdom* - Level Blueprint Editor' being destroyed
[2018.08.22-06.32.00:812][876]LogSlate: Took 0.001039 seconds to synchronously load lazily loaded font '../../../Engine/Content/Slate/Fonts/Roboto-Light.ttf' (167K)
[2018.08.22-06.32.28:305][444]LogAssetEditorManager: Opening Asset editor for WidgetBlueprint /Game/Widget/BasicWidget.BasicWidget
[2018.08.22-06.35.33:254][370]BlueprintLog: New page: Compile BasicWidget
[2018.08.22-06.35.56:586][643]BlueprintLog: New page: Compile BasicWidget
[2018.08.22-06.36.22:616][118]BlueprintLog: New page: Compile Stylized_Kingdom
[2018.08.22-06.36.27:471][242]LogSlate: Took 0.004195 seconds to synchronously load lazily loaded font '../../../Engine/Content/Slate/Fonts/Roboto-Italic.ttf' (157K)
[2018.08.22-06.36.30:169][294]LogSlate: Window 'Stylized_Kingdom* - Level Blueprint Editor' being destroyed
[2018.08.22-06.36.57:591][876]BlueprintLog: New page: Compile Stylized_Kingdom
[2018.08.22-06.37.03:251][982]Cmd: OBJ SAVEPACKAGE PACKAGE="/Game/Cinematic/Tutorial" FILE="../../../../../../Users/park/Downloads/Rabbit-And-Turtle/UnrealProject/Content/Cinematic/Tutorial.uasset" SILENT=true
[2018.08.22-06.37.03:260][982]LogSavePackage: Moving '../../../../../../Users/park/Downloads/Rabbit-And-Turtle/UnrealProject/Saved/TutorialF73B90BD42974726771C8BA25270D423.tmp' to '../../../../../../Users/park/Downloads/Rabbit-And-Turtle/UnrealProject/Content/Cinematic/Tutorial.uasset'
[2018.08.22-06.37.06:305][ 48]LogTemp: Repeating last play command: Selected Viewport
[2018.08.22-06.37.06:430][ 48]LogBlueprintUserMessages: Early PlayInEditor Detection: Level '/Game/Maps/Stylized_Kingdom.Stylized_Kingdom:PersistentLevel' has LevelScriptBlueprint '/Game/Maps/Stylized_Kingdom.Stylized_Kingdom:PersistentLevel.Stylized_Kingdom' with GeneratedClass '/Game/Maps/Stylized_Kingdom.Stylized_Kingdom_C' with ClassGeneratedBy '/Game/Maps/Stylized_Kingdom.Stylized_Kingdom:PersistentLevel.Stylized_Kingdom'
[2018.08.22-06.37.06:431][ 48]LogPlayLevel: PlayLevel: No blueprints needed recompiling
[2018.08.22-06.37.06:432][ 48]PIE: New page: PIE session: Stylized_Kingdom (Aug 23, 2018, 12:37:06 AM)
[2018.08.22-06.37.06:432][ 48]LogPlayLevel: Creating play world package: /Game/Maps/UEDPIE_0_Stylized_Kingdom
[2018.08.22-06.37.07:097][ 48]LogPlayLevel: PIE: StaticDuplicateObject took: (0.664783s)
[2018.08.22-06.37.07:102][ 48]LogAIModule: Creating AISystem for world Stylized_Kingdom
[2018.08.22-06.37.07:103][ 48]LogPlayLevel: PIE: World Init took: (0.005424s)
[2018.08.22-06.37.07:104][ 48]LogPlayLevel: PIE: Created PIE world by copying editor world from /Game/Maps/Stylized_Kingdom.Stylized_Kingdom to /Game/Maps/UEDPIE_0_Stylized_Kingdom.Stylized_Kingdom (0.672450s)
[2018.08.22-06.37.07:362][ 48]LogInit: XAudio2 using '스피커/헤드폰(Realtek High Definition Audio)' : 2 channels at 48 kHz using 32 bits per sample (channel mask 0x3)
[2018.08.22-06.37.07:446][ 48]LogInit: FAudioDevice initialized.
[2018.08.22-06.37.07:498][ 48]LogLoad: Game class is 'GameModeBase'
[2018.08.22-06.37.07:626][ 48]LogWorld: Bringing World /Game/Maps/UEDPIE_0_Stylized_Kingdom.Stylized_Kingdom up for play (max tick rate 60) at 2018.08.22-15.37.07
[2018.08.22-06.37.07:631][ 48]LogWorld: Bringing up level for play took: 0.129892
[2018.08.22-06.37.07:668][ 48]PIE: Play in editor start time for /Game/Maps/UEDPIE_0_Stylized_Kingdom 0.565
[2018.08.22-06.37.07:670][ 48]LogBlueprintUserMessages: Late PlayInEditor Detection: Level '/Game/Maps/Stylized_Kingdom.Stylized_Kingdom:PersistentLevel' has LevelScriptBlueprint '/Game/Maps/Stylized_Kingdom.Stylized_Kingdom:PersistentLevel.Stylized_Kingdom' with GeneratedClass '/Game/Maps/Stylized_Kingdom.Stylized_Kingdom_C' with ClassGeneratedBy '/Game/Maps/Stylized_Kingdom.Stylized_Kingdom:PersistentLevel.Stylized_Kingdom'
[2018.08.22-06.37.15:063][310]LogBlueprintUserMessages: Early EndPlayMap Detection: Level '/Game/Maps/Stylized_Kingdom.Stylized_Kingdom:PersistentLevel' has LevelScriptBlueprint '/Game/Maps/Stylized_Kingdom.Stylized_Kingdom:PersistentLevel.Stylized_Kingdom' with GeneratedClass '/Game/Maps/Stylized_Kingdom.Stylized_Kingdom_C' with ClassGeneratedBy '/Game/Maps/Stylized_Kingdom.Stylized_Kingdom:PersistentLevel.Stylized_Kingdom'
[2018.08.22-06.37.15:072][310]LogSlate: Updating window title bar state: overlay mode, drag disabled, window buttons hidden, title bar hidden
[2018.08.22-06.37.15:184][310]LogPlayLevel: Display: Shutting down PIE online subsystems
[2018.08.22-06.37.15:186][310]LogBlueprintUserMessages: Late EndPlayMap Detection: Level '/Game/Maps/Stylized_Kingdom.Stylized_Kingdom:PersistentLevel' has LevelScriptBlueprint '/Game/Maps/Stylized_Kingdom.Stylized_Kingdom:PersistentLevel.Stylized_Kingdom' with GeneratedClass '/Game/Maps/Stylized_Kingdom.Stylized_Kingdom_C' with ClassGeneratedBy '/Game/Maps/Stylized_Kingdom.Stylized_Kingdom:PersistentLevel.Stylized_Kingdom'
[2018.08.22-06.37.15:428][310]LogSlate: Updating window title bar state: overlay mode, drag disabled, window buttons hidden, title bar hidden
[2018.08.22-06.37.15:565][311]LogPlayLevel: Display: Destroying online subsystem :Context_7
[2018.08.22-06.37.59:400][209]LogSavePackage: Moving '../../../../../../Users/park/Downloads/Rabbit-And-Turtle/UnrealProject/Saved/Stylized_Kingdom_Auto186A388DD46A4EC4B054812AE765F885F.tmp' to '../../../../../../Users/park/Downloads/Rabbit-And-Turtle/UnrealProject/Saved/Autosaves/Game/Maps/Stylized_Kingdom_Auto1.umap'
[2018.08.22-06.37.59:411][209]LogFileHelpers: Editor autosave (incl. sublevels) for '/Game/Maps/Stylized_Kingdom' took 1.384
[2018.08.22-06.37.59:411][209]LogFileHelpers: Editor autosave (incl. sublevels) for all levels took 1.384
[2018.08.22-06.37.59:416][209]OBJ SavePackage: Generating thumbnails for [0] asset(s) in package [/Game/Cinematic/Shot01] ([1] browsable assets)...
[2018.08.22-06.37.59:416][209]OBJ SavePackage: Finished generating thumbnails for package [/Game/Cinematic/Shot01]
[2018.08.22-06.37.59:451][209]LogSavePackage: Moving '../../../../../../Users/park/Downloads/Rabbit-And-Turtle/UnrealProject/Saved/Shot01_Auto1F454352241BC9E213B768696A3964E8C.tmp' to '../../../../../../Users/park/Downloads/Rabbit-And-Turtle/UnrealProject/Saved/Autosaves/Game/Cinematic/Shot01_Auto1.uasset'
[2018.08.22-06.37.59:455][209]OBJ SavePackage: Generating thumbnails for [0] asset(s) in package [/Game/Widget/BasicWidget] ([1] browsable assets)...
[2018.08.22-06.37.59:455][209]OBJ SavePackage: Finished generating thumbnails for package [/Game/Widget/BasicWidget]
[2018.08.22-06.37.59:467][209]LogSavePackage: Moving '../../../../../../Users/park/Downloads/Rabbit-And-Turtle/UnrealProject/Saved/BasicWidget_Auto14A58120E44191A11729FB39D35363304.tmp' to '../../../../../../Users/park/Downloads/Rabbit-And-Turtle/UnrealProject/Saved/Autosaves/Game/Widget/BasicWidget_Auto1.uasset'
[2018.08.22-06.37.59:471][209]LogFileHelpers: Auto-saving content packages took 0.057
[2018.08.22-06.39.12:458][783]BlueprintLog: New page: Compile BasicWidget
[2018.08.22-06.39.13:481][819]LogTemp: Repeating last play command: Selected Viewport
[2018.08.22-06.39.13:500][819]LogBlueprintUserMessages: Early PlayInEditor Detection: Level '/Game/Maps/Stylized_Kingdom.Stylized_Kingdom:PersistentLevel' has LevelScriptBlueprint '/Game/Maps/Stylized_Kingdom.Stylized_Kingdom:PersistentLevel.Stylized_Kingdom' with GeneratedClass '/Game/Maps/Stylized_Kingdom.Stylized_Kingdom_C' with ClassGeneratedBy '/Game/Maps/Stylized_Kingdom.Stylized_Kingdom:PersistentLevel.Stylized_Kingdom'
[2018.08.22-06.39.13:500][819]LogPlayLevel: PlayLevel: No blueprints needed recompiling
[2018.08.22-06.39.13:500][819]PIE: New page: PIE session: Stylized_Kingdom (Aug 23, 2018, 12:39:13 AM)
[2018.08.22-06.39.13:500][819]LogPlayLevel: Creating play world package: /Game/Maps/UEDPIE_0_Stylized_Kingdom
[2018.08.22-06.39.13:573][819]LogPlayLevel: PIE: StaticDuplicateObject took: (0.073292s)
[2018.08.22-06.39.13:574][819]LogAIModule: Creating AISystem for world Stylized_Kingdom
[2018.08.22-06.39.13:574][819]LogPlayLevel: PIE: World Init took: (0.000651s)
[2018.08.22-06.39.13:574][819]LogPlayLevel: PIE: Created PIE world by copying editor world from /Game/Maps/Stylized_Kingdom.Stylized_Kingdom to /Game/Maps/UEDPIE_0_Stylized_Kingdom.Stylized_Kingdom (0.074226s)
[2018.08.22-06.39.13:607][819]LogInit: XAudio2 using '스피커/헤드폰(Realtek High Definition Audio)' : 2 channels at 48 kHz using 32 bits per sample (channel mask 0x3)
[2018.08.22-06.39.13:619][819]LogInit: FAudioDevice initialized.
[2018.08.22-06.39.13:625][819]LogSlate: Updating window title bar state: overlay mode, drag disabled, window buttons hidden, title bar hidden
[2018.08.22-06.39.13:656][819]LogLoad: Game class is 'GameModeBase'
[2018.08.22-06.39.13:671][819]LogWorld: Bringing World /Game/Maps/UEDPIE_0_Stylized_Kingdom.Stylized_Kingdom up for play (max tick rate 60) at 2018.08.22-15.39.13
[2018.08.22-06.39.13:672][819]LogWorld: Bringing up level for play took: 0.015234
[2018.08.22-06.39.13:688][819]PIE: Play in editor start time for /Game/Maps/UEDPIE_0_Stylized_Kingdom 0.586
[2018.08.22-06.39.13:689][819]LogBlueprintUserMessages: Late PlayInEditor Detection: Level '/Game/Maps/Stylized_Kingdom.Stylized_Kingdom:PersistentLevel' has LevelScriptBlueprint '/Game/Maps/Stylized_Kingdom.Stylized_Kingdom:PersistentLevel.Stylized_Kingdom' with GeneratedClass '/Game/Maps/Stylized_Kingdom.Stylized_Kingdom_C' with ClassGeneratedBy '/Game/Maps/Stylized_Kingdom.Stylized_Kingdom:PersistentLevel.Stylized_Kingdom'
[2018.08.22-06.39.13:708][819]LogRenderer: Reallocating scene render targets to support 1292x756 Format 10 NumSamples 1 (Frame:1).
[2018.08.22-06.39.15:104][846]LogBlueprintUserMessages: Early EndPlayMap Detection: Level '/Game/Maps/Stylized_Kingdom.Stylized_Kingdom:PersistentLevel' has LevelScriptBlueprint '/Game/Maps/Stylized_Kingdom.Stylized_Kingdom:PersistentLevel.Stylized_Kingdom' with GeneratedClass '/Game/Maps/Stylized_Kingdom.Stylized_Kingdom_C' with ClassGeneratedBy '/Game/Maps/Stylized_Kingdom.Stylized_Kingdom:PersistentLevel.Stylized_Kingdom'
[2018.08.22-06.39.15:114][846]LogSlate: Updating window title bar state: overlay mode, drag disabled, window buttons hidden, title bar hidden
[2018.08.22-06.39.15:299][846]LogSlate: Window 'Stylized렌더링 Game Preview Standalone (64-bit/PCD3D_SM5)' being destroyed
[2018.08.22-06.39.15:405][846]LogPlayLevel: Display: Shutting down PIE online subsystems
[2018.08.22-06.39.15:408][846]LogBlueprintUserMessages: Late EndPlayMap Detection: Level '/Game/Maps/Stylized_Kingdom.Stylized_Kingdom:PersistentLevel' has LevelScriptBlueprint '/Game/Maps/Stylized_Kingdom.Stylized_Kingdom:PersistentLevel.Stylized_Kingdom' with GeneratedClass '/Game/Maps/Stylized_Kingdom.Stylized_Kingdom_C' with ClassGeneratedBy '/Game/Maps/Stylized_Kingdom.Stylized_Kingdom:PersistentLevel.Stylized_Kingdom'
[2018.08.22-06.39.15:902][847]LogPlayLevel: Display: Destroying online subsystem :Context_8
[2018.08.22-06.39.40:234][954]BlueprintLog: New page: Compile BasicWidget
[2018.08.22-06.39.41:380][ 20]LogTemp: Repeating last play command: Selected Viewport
[2018.08.22-06.39.41:396][ 20]LogBlueprintUserMessages: Early PlayInEditor Detection: Level '/Game/Maps/Stylized_Kingdom.Stylized_Kingdom:PersistentLevel' has LevelScriptBlueprint '/Game/Maps/Stylized_Kingdom.Stylized_Kingdom:PersistentLevel.Stylized_Kingdom' with GeneratedClass '/Game/Maps/Stylized_Kingdom.Stylized_Kingdom_C' with ClassGeneratedBy '/Game/Maps/Stylized_Kingdom.Stylized_Kingdom:PersistentLevel.Stylized_Kingdom'
[2018.08.22-06.39.41:397][ 20]LogPlayLevel: PlayLevel: No blueprints needed recompiling
[2018.08.22-06.39.41:397][ 20]PIE: New page: PIE session: Stylized_Kingdom (Aug 23, 2018, 12:39:41 AM)
[2018.08.22-06.39.41:397][ 20]LogPlayLevel: Creating play world package: /Game/Maps/UEDPIE_0_Stylized_Kingdom
[2018.08.22-06.39.41:468][ 20]LogPlayLevel: PIE: StaticDuplicateObject took: (0.071063s)
[2018.08.22-06.39.41:468][ 20]LogAIModule: Creating AISystem for world Stylized_Kingdom
[2018.08.22-06.39.41:469][ 20]LogPlayLevel: PIE: World Init took: (0.000689s)
[2018.08.22-06.39.41:469][ 20]LogPlayLevel: PIE: Created PIE world by copying editor world from /Game/Maps/Stylized_Kingdom.Stylized_Kingdom to /Game/Maps/UEDPIE_0_Stylized_Kingdom.Stylized_Kingdom (0.071939s)
[2018.08.22-06.39.41:502][ 20]LogInit: XAudio2 using '스피커/헤드폰(Realtek High Definition Audio)' : 2 channels at 48 kHz using 32 bits per sample (channel mask 0x3)
[2018.08.22-06.39.41:513][ 20]LogInit: FAudioDevice initialized.
[2018.08.22-06.39.41:519][ 20]LogSlate: Updating window title bar state: overlay mode, drag disabled, window buttons hidden, title bar hidden
[2018.08.22-06.39.41:550][ 20]LogLoad: Game class is 'GameModeBase'
[2018.08.22-06.39.41:562][ 20]LogWorld: Bringing World /Game/Maps/UEDPIE_0_Stylized_Kingdom.Stylized_Kingdom up for play (max tick rate 60) at 2018.08.22-15.39.41
[2018.08.22-06.39.41:563][ 20]LogWorld: Bringing up level for play took: 0.013138
[2018.08.22-06.39.41:578][ 20]PIE: Play in editor start time for /Game/Maps/UEDPIE_0_Stylized_Kingdom 0.476
[2018.08.22-06.39.41:579][ 20]LogBlueprintUserMessages: Late PlayInEditor Detection: Level '/Game/Maps/Stylized_Kingdom.Stylized_Kingdom:PersistentLevel' has LevelScriptBlueprint '/Game/Maps/Stylized_Kingdom.Stylized_Kingdom:PersistentLevel.Stylized_Kingdom' with GeneratedClass '/Game/Maps/Stylized_Kingdom.Stylized_Kingdom_C' with ClassGeneratedBy '/Game/Maps/Stylized_Kingdom.Stylized_Kingdom:PersistentLevel.Stylized_Kingdom'
[2018.08.22-06.39.43:259][ 48]LogBlueprintUserMessages: Early EndPlayMap Detection: Level '/Game/Maps/Stylized_Kingdom.Stylized_Kingdom:PersistentLevel' has LevelScriptBlueprint '/Game/Maps/Stylized_Kingdom.Stylized_Kingdom:PersistentLevel.Stylized_Kingdom' with GeneratedClass '/Game/Maps/Stylized_Kingdom.Stylized_Kingdom_C' with ClassGeneratedBy '/Game/Maps/Stylized_Kingdom.Stylized_Kingdom:PersistentLevel.Stylized_Kingdom'
[2018.08.22-06.39.43:268][ 48]LogSlate: Updating window title bar state: overlay mode, drag disabled, window buttons hidden, title bar hidden
[2018.08.22-06.39.43:389][ 48]LogSlate: Window 'Stylized렌더링 Game Preview Standalone (64-bit/PCD3D_SM5)' being destroyed
[2018.08.22-06.39.43:489][ 48]LogPlayLevel: Display: Shutting down PIE online subsystems
[2018.08.22-06.39.43:491][ 48]LogBlueprintUserMessages: Late EndPlayMap Detection: Level '/Game/Maps/Stylized_Kingdom.Stylized_Kingdom:PersistentLevel' has LevelScriptBlueprint '/Game/Maps/Stylized_Kingdom.Stylized_Kingdom:PersistentLevel.Stylized_Kingdom' with GeneratedClass '/Game/Maps/Stylized_Kingdom.Stylized_Kingdom_C' with ClassGeneratedBy '/Game/Maps/Stylized_Kingdom.Stylized_Kingdom:PersistentLevel.Stylized_Kingdom'
[2018.08.22-06.39.43:846][ 49]LogPlayLevel: Display: Destroying online subsystem :Context_9
[2018.08.22-06.41.06:060][793]BlueprintLog: New page: Compile BasicWidget
[2018.08.22-06.42.58:939][427]LogTemp: Repeating last play command: Selected Viewport
[2018.08.22-06.42.58:958][427]LogBlueprintUserMessages: Early PlayInEditor Detection: Level '/Game/Maps/Stylized_Kingdom.Stylized_Kingdom:PersistentLevel' has LevelScriptBlueprint '/Game/Maps/Stylized_Kingdom.Stylized_Kingdom:PersistentLevel.Stylized_Kingdom' with GeneratedClass '/Game/Maps/Stylized_Kingdom.Stylized_Kingdom_C' with ClassGeneratedBy '/Game/Maps/Stylized_Kingdom.Stylized_Kingdom:PersistentLevel.Stylized_Kingdom'
[2018.08.22-06.42.58:958][427]LogPlayLevel: PlayLevel: No blueprints needed recompiling
[2018.08.22-06.42.58:958][427]PIE: New page: PIE session: Stylized_Kingdom (Aug 23, 2018, 12:42:58 AM)
[2018.08.22-06.42.58:958][427]LogPlayLevel: Creating play world package: /Game/Maps/UEDPIE_0_Stylized_Kingdom
[2018.08.22-06.42.59:034][427]LogPlayLevel: PIE: StaticDuplicateObject took: (0.075842s)
[2018.08.22-06.42.59:035][427]LogAIModule: Creating AISystem for world Stylized_Kingdom
[2018.08.22-06.42.59:035][427]LogPlayLevel: PIE: World Init took: (0.001357s)
[2018.08.22-06.42.59:036][427]LogPlayLevel: PIE: Created PIE world by copying editor world from /Game/Maps/Stylized_Kingdom.Stylized_Kingdom to /Game/Maps/UEDPIE_0_Stylized_Kingdom.Stylized_Kingdom (0.077474s)
[2018.08.22-06.42.59:074][427]LogInit: XAudio2 using '스피커/헤드폰(Realtek High Definition Audio)' : 2 channels at 48 kHz using 32 bits per sample (channel mask 0x3)
[2018.08.22-06.42.59:085][427]LogInit: FAudioDevice initialized.
[2018.08.22-06.42.59:092][427]LogSlate: Updating window title bar state: overlay mode, drag disabled, window buttons hidden, title bar hidden
[2018.08.22-06.42.59:121][427]LogLoad: Game class is 'GameModeBase'
[2018.08.22-06.42.59:134][427]LogWorld: Bringing World /Game/Maps/UEDPIE_0_Stylized_Kingdom.Stylized_Kingdom up for play (max tick rate 0) at 2018.08.22-15.42.59
[2018.08.22-06.42.59:135][427]LogWorld: Bringing up level for play took: 0.013609
[2018.08.22-06.42.59:150][427]PIE: Play in editor start time for /Game/Maps/UEDPIE_0_Stylized_Kingdom 0.048
[2018.08.22-06.42.59:151][427]LogBlueprintUserMessages: Late PlayInEditor Detection: Level '/Game/Maps/Stylized_Kingdom.Stylized_Kingdom:PersistentLevel' has LevelScriptBlueprint '/Game/Maps/Stylized_Kingdom.Stylized_Kingdom:PersistentLevel.Stylized_Kingdom' with GeneratedClass '/Game/Maps/Stylized_Kingdom.Stylized_Kingdom_C' with ClassGeneratedBy '/Game/Maps/Stylized_Kingdom.Stylized_Kingdom:PersistentLevel.Stylized_Kingdom'
[2018.08.22-06.43.00:657][470]LogSlate: Window 'Stylized렌더링 Game Preview Standalone (64-bit/PCD3D_SM5)' being destroyed
[2018.08.22-06.43.00:683][470]LogBlueprintUserMessages: Early EndPlayMap Detection: Level '/Game/Maps/Stylized_Kingdom.Stylized_Kingdom:PersistentLevel' has LevelScriptBlueprint '/Game/Maps/Stylized_Kingdom.Stylized_Kingdom:PersistentLevel.Stylized_Kingdom' with GeneratedClass '/Game/Maps/Stylized_Kingdom.Stylized_Kingdom_C' with ClassGeneratedBy '/Game/Maps/Stylized_Kingdom.Stylized_Kingdom:PersistentLevel.Stylized_Kingdom'
[2018.08.22-06.43.00:722][470]LogPlayLevel: Display: Shutting down PIE online subsystems
[2018.08.22-06.43.00:723][470]LogBlueprintUserMessages: Late EndPlayMap Detection: Level '/Game/Maps/Stylized_Kingdom.Stylized_Kingdom:PersistentLevel' has LevelScriptBlueprint '/Game/Maps/Stylized_Kingdom.Stylized_Kingdom:PersistentLevel.Stylized_Kingdom' with GeneratedClass '/Game/Maps/Stylized_Kingdom.Stylized_Kingdom_C' with ClassGeneratedBy '/Game/Maps/Stylized_Kingdom.Stylized_Kingdom:PersistentLevel.Stylized_Kingdom'
[2018.08.22-06.43.00:773][471]LogPlayLevel: Display: Destroying online subsystem :Context_10
[2018.08.22-06.43.07:209][789]LogEditorViewport: Clicking on Actor (LMB): Landscape (Ground)
[2018.08.22-06.43.07:988][814]LogEditorViewport: Clicking on Actor (LMB): PlayerStart (Player Start)
[2018.08.22-06.43.10:922][917]LogNavigationPoint: PostEditMove Clear paths rebuilt
[2018.08.22-06.43.12:522][969]LogSlate: FSceneViewport::OnFocusLost() reason 0
[2018.08.22-06.45.30:601][628]BlueprintLog: New page: Compile Stylized_Kingdom
[2018.08.22-06.45.43:637][ 73]BlueprintLog: New page: Compile Stylized_Kingdom
[2018.08.22-06.45.44:554][163]LogTemp: Repeating last play command: Selected Viewport
[2018.08.22-06.45.44:571][163]LogBlueprintUserMessages: Early PlayInEditor Detection: Level '/Game/Maps/Stylized_Kingdom.Stylized_Kingdom:PersistentLevel' has LevelScriptBlueprint '/Game/Maps/Stylized_Kingdom.Stylized_Kingdom:PersistentLevel.Stylized_Kingdom' with GeneratedClass '/Game/Maps/Stylized_Kingdom.Stylized_Kingdom_C' with ClassGeneratedBy '/Game/Maps/Stylized_Kingdom.Stylized_Kingdom:PersistentLevel.Stylized_Kingdom'
[2018.08.22-06.45.44:571][163]LogPlayLevel: PlayLevel: No blueprints needed recompiling
[2018.08.22-06.45.44:572][163]PIE: New page: PIE session: Stylized_Kingdom (Aug 23, 2018, 12:45:44 AM)
[2018.08.22-06.45.44:572][163]LogPlayLevel: Creating play world package: /Game/Maps/UEDPIE_0_Stylized_Kingdom
[2018.08.22-06.45.44:644][163]LogPlayLevel: PIE: StaticDuplicateObject took: (0.071677s)
[2018.08.22-06.45.44:644][163]LogAIModule: Creating AISystem for world Stylized_Kingdom
[2018.08.22-06.45.44:644][163]LogPlayLevel: PIE: World Init took: (0.000644s)
[2018.08.22-06.45.44:644][163]LogPlayLevel: PIE: Created PIE world by copying editor world from /Game/Maps/Stylized_Kingdom.Stylized_Kingdom to /Game/Maps/UEDPIE_0_Stylized_Kingdom.Stylized_Kingdom (0.072576s)
[2018.08.22-06.45.44:677][163]LogInit: XAudio2 using '스피커/헤드폰(Realtek High Definition Audio)' : 2 channels at 48 kHz using 32 bits per sample (channel mask 0x3)
[2018.08.22-06.45.44:687][163]LogInit: FAudioDevice initialized.
[2018.08.22-06.45.44:693][163]LogSlate: Updating window title bar state: overlay mode, drag disabled, window buttons hidden, title bar hidden
[2018.08.22-06.45.44:723][163]LogLoad: Game class is 'GameModeBase'
[2018.08.22-06.45.44:736][163]LogWorld: Bringing World /Game/Maps/UEDPIE_0_Stylized_Kingdom.Stylized_Kingdom up for play (max tick rate 0) at 2018.08.22-15.45.44
[2018.08.22-06.45.44:737][163]LogWorld: Bringing up level for play took: 0.013651
[2018.08.22-06.45.44:752][163]PIE: Play in editor start time for /Game/Maps/UEDPIE_0_Stylized_Kingdom -0.35
[2018.08.22-06.45.44:752][163]LogBlueprintUserMessages: Late PlayInEditor Detection: Level '/Game/Maps/Stylized_Kingdom.Stylized_Kingdom:PersistentLevel' has LevelScriptBlueprint '/Game/Maps/Stylized_Kingdom.Stylized_Kingdom:PersistentLevel.Stylized_Kingdom' with GeneratedClass '/Game/Maps/Stylized_Kingdom.Stylized_Kingdom_C' with ClassGeneratedBy '/Game/Maps/Stylized_Kingdom.Stylized_Kingdom:PersistentLevel.Stylized_Kingdom'
[2018.08.22-06.45.50:184][324]LogBlueprintUserMessages: Early EndPlayMap Detection: Level '/Game/Maps/Stylized_Kingdom.Stylized_Kingdom:PersistentLevel' has LevelScriptBlueprint '/Game/Maps/Stylized_Kingdom.Stylized_Kingdom:PersistentLevel.Stylized_Kingdom' with GeneratedClass '/Game/Maps/Stylized_Kingdom.Stylized_Kingdom_C' with ClassGeneratedBy '/Game/Maps/Stylized_Kingdom.Stylized_Kingdom:PersistentLevel.Stylized_Kingdom'
[2018.08.22-06.45.50:185][324]LogSlate: Updating window title bar state: overlay mode, drag disabled, window buttons hidden, title bar hidden
[2018.08.22-06.45.50:200][324]LogSlate: Window 'Stylized렌더링 Game Preview Standalone (64-bit/PCD3D_SM5)' being destroyed
[2018.08.22-06.45.50:270][324]LogPlayLevel: Display: Shutting down PIE online subsystems
[2018.08.22-06.45.50:271][324]LogBlueprintUserMessages: Late EndPlayMap Detection: Level '/Game/Maps/Stylized_Kingdom.Stylized_Kingdom:PersistentLevel' has LevelScriptBlueprint '/Game/Maps/Stylized_Kingdom.Stylized_Kingdom:PersistentLevel.Stylized_Kingdom' with GeneratedClass '/Game/Maps/Stylized_Kingdom.Stylized_Kingdom_C' with ClassGeneratedBy '/Game/Maps/Stylized_Kingdom.Stylized_Kingdom:PersistentLevel.Stylized_Kingdom'
[2018.08.22-06.45.50:334][325]LogPlayLevel: Display: Destroying online subsystem :Context_11
[2018.08.22-06.46.17:269][329]BlueprintLog: New page: Compile Stylized_Kingdom
[2018.08.22-06.46.18:025][384]LogTemp: Repeating last play command: Selected Viewport
[2018.08.22-06.46.18:047][384]LogBlueprintUserMessages: Early PlayInEditor Detection: Level '/Game/Maps/Stylized_Kingdom.Stylized_Kingdom:PersistentLevel' has LevelScriptBlueprint '/Game/Maps/Stylized_Kingdom.Stylized_Kingdom:PersistentLevel.Stylized_Kingdom' with GeneratedClass '/Game/Maps/Stylized_Kingdom.Stylized_Kingdom_C' with ClassGeneratedBy '/Game/Maps/Stylized_Kingdom.Stylized_Kingdom:PersistentLevel.Stylized_Kingdom'
[2018.08.22-06.46.18:047][384]LogPlayLevel: PlayLevel: No blueprints needed recompiling
[2018.08.22-06.46.18:047][384]PIE: New page: PIE session: Stylized_Kingdom (Aug 23, 2018, 12:46:18 AM)
[2018.08.22-06.46.18:047][384]LogPlayLevel: Creating play world package: /Game/Maps/UEDPIE_0_Stylized_Kingdom
[2018.08.22-06.46.18:121][384]LogPlayLevel: PIE: StaticDuplicateObject took: (0.073467s)
[2018.08.22-06.46.18:121][384]LogAIModule: Creating AISystem for world Stylized_Kingdom
[2018.08.22-06.46.18:121][384]LogPlayLevel: PIE: World Init took: (0.000683s)
[2018.08.22-06.46.18:122][384]LogPlayLevel: PIE: Created PIE world by copying editor world from /Game/Maps/Stylized_Kingdom.Stylized_Kingdom to /Game/Maps/UEDPIE_0_Stylized_Kingdom.Stylized_Kingdom (0.074345s)
[2018.08.22-06.46.18:154][384]LogInit: XAudio2 using '스피커/헤드폰(Realtek High Definition Audio)' : 2 channels at 48 kHz using 32 bits per sample (channel mask 0x3)
[2018.08.22-06.46.18:165][384]LogInit: FAudioDevice initialized.
[2018.08.22-06.46.18:170][384]LogSlate: Updating window title bar state: overlay mode, drag disabled, window buttons hidden, title bar hidden
[2018.08.22-06.46.18:205][384]LogLoad: Game class is 'GameModeBase'
[2018.08.22-06.46.18:219][384]LogWorld: Bringing World /Game/Maps/UEDPIE_0_Stylized_Kingdom.Stylized_Kingdom up for play (max tick rate 0) at 2018.08.22-15.46.18
[2018.08.22-06.46.18:220][384]LogWorld: Bringing up level for play took: 0.014595
[2018.08.22-06.46.18:236][384]PIE: Play in editor start time for /Game/Maps/UEDPIE_0_Stylized_Kingdom 1.133
[2018.08.22-06.46.18:236][384]LogBlueprintUserMessages: Late PlayInEditor Detection: Level '/Game/Maps/Stylized_Kingdom.Stylized_Kingdom:PersistentLevel' has LevelScriptBlueprint '/Game/Maps/Stylized_Kingdom.Stylized_Kingdom:PersistentLevel.Stylized_Kingdom' with GeneratedClass '/Game/Maps/Stylized_Kingdom.Stylized_Kingdom_C' with ClassGeneratedBy '/Game/Maps/Stylized_Kingdom.Stylized_Kingdom:PersistentLevel.Stylized_Kingdom'
[2018.08.22-06.46.24:646][575]LogSlate: Window 'Stylized렌더링 Game Preview Standalone (64-bit/PCD3D_SM5)' being destroyed
[2018.08.22-06.46.24:673][575]LogBlueprintUserMessages: Early EndPlayMap Detection: Level '/Game/Maps/Stylized_Kingdom.Stylized_Kingdom:PersistentLevel' has LevelScriptBlueprint '/Game/Maps/Stylized_Kingdom.Stylized_Kingdom:PersistentLevel.Stylized_Kingdom' with GeneratedClass '/Game/Maps/Stylized_Kingdom.Stylized_Kingdom_C' with ClassGeneratedBy '/Game/Maps/Stylized_Kingdom.Stylized_Kingdom:PersistentLevel.Stylized_Kingdom'
[2018.08.22-06.46.24:714][575]LogPlayLevel: Display: Shutting down PIE online subsystems
[2018.08.22-06.46.24:714][575]LogBlueprintUserMessages: Late EndPlayMap Detection: Level '/Game/Maps/Stylized_Kingdom.Stylized_Kingdom:PersistentLevel' has LevelScriptBlueprint '/Game/Maps/Stylized_Kingdom.Stylized_Kingdom:PersistentLevel.Stylized_Kingdom' with GeneratedClass '/Game/Maps/Stylized_Kingdom.Stylized_Kingdom_C' with ClassGeneratedBy '/Game/Maps/Stylized_Kingdom.Stylized_Kingdom:PersistentLevel.Stylized_Kingdom'
[2018.08.22-06.46.24:783][576]LogPlayLevel: Display: Destroying online subsystem :Context_12
[2018.08.22-06.46.25:784][680]LogTemp: Repeating last play command: Selected Viewport
[2018.08.22-06.46.25:802][680]LogBlueprintUserMessages: Early PlayInEditor Detection: Level '/Game/Maps/Stylized_Kingdom.Stylized_Kingdom:PersistentLevel' has LevelScriptBlueprint '/Game/Maps/Stylized_Kingdom.Stylized_Kingdom:PersistentLevel.Stylized_Kingdom' with GeneratedClass '/Game/Maps/Stylized_Kingdom.Stylized_Kingdom_C' with ClassGeneratedBy '/Game/Maps/Stylized_Kingdom.Stylized_Kingdom:PersistentLevel.Stylized_Kingdom'
[2018.08.22-06.46.25:802][680]LogPlayLevel: PlayLevel: No blueprints needed recompiling
[2018.08.22-06.46.25:802][680]PIE: New page: PIE session: Stylized_Kingdom (Aug 23, 2018, 12:46:25 AM)
[2018.08.22-06.46.25:802][680]LogPlayLevel: Creating play world package: /Game/Maps/UEDPIE_0_Stylized_Kingdom
[2018.08.22-06.46.25:874][680]LogPlayLevel: PIE: StaticDuplicateObject took: (0.072096s)
[2018.08.22-06.46.25:874][680]LogAIModule: Creating AISystem for world Stylized_Kingdom
[2018.08.22-06.46.25:874][680]LogPlayLevel: PIE: World Init took: (0.000642s)
[2018.08.22-06.46.25:875][680]LogPlayLevel: PIE: Created PIE world by copying editor world from /Game/Maps/Stylized_Kingdom.Stylized_Kingdom to /Game/Maps/UEDPIE_0_Stylized_Kingdom.Stylized_Kingdom (0.072927s)
[2018.08.22-06.46.25:916][680]LogInit: XAudio2 using '스피커/헤드폰(Realtek High Definition Audio)' : 2 channels at 48 kHz using 32 bits per sample (channel mask 0x3)
[2018.08.22-06.46.25:926][680]LogInit: FAudioDevice initialized.
[2018.08.22-06.46.25:935][680]LogSlate: Updating window title bar state: overlay mode, drag disabled, window buttons hidden, title bar hidden
[2018.08.22-06.46.25:967][680]LogLoad: Game class is 'GameModeBase'
[2018.08.22-06.46.25:980][680]LogWorld: Bringing World /Game/Maps/UEDPIE_0_Stylized_Kingdom.Stylized_Kingdom up for play (max tick rate 0) at 2018.08.22-15.46.25
[2018.08.22-06.46.25:981][680]LogWorld: Bringing up level for play took: 0.013065
[2018.08.22-06.46.25:997][680]PIE: Play in editor start time for /Game/Maps/UEDPIE_0_Stylized_Kingdom 0.894
[2018.08.22-06.46.25:997][680]LogBlueprintUserMessages: Late PlayInEditor Detection: Level '/Game/Maps/Stylized_Kingdom.Stylized_Kingdom:PersistentLevel' has LevelScriptBlueprint '/Game/Maps/Stylized_Kingdom.Stylized_Kingdom:PersistentLevel.Stylized_Kingdom' with GeneratedClass '/Game/Maps/Stylized_Kingdom.Stylized_Kingdom_C' with ClassGeneratedBy '/Game/Maps/Stylized_Kingdom.Stylized_Kingdom:PersistentLevel.Stylized_Kingdom'
[2018.08.22-06.46.33:500][902]LogBlueprintUserMessages: Early EndPlayMap Detection: Level '/Game/Maps/Stylized_Kingdom.Stylized_Kingdom:PersistentLevel' has LevelScriptBlueprint '/Game/Maps/Stylized_Kingdom.Stylized_Kingdom:PersistentLevel.Stylized_Kingdom' with GeneratedClass '/Game/Maps/Stylized_Kingdom.Stylized_Kingdom_C' with ClassGeneratedBy '/Game/Maps/Stylized_Kingdom.Stylized_Kingdom:PersistentLevel.Stylized_Kingdom'
[2018.08.22-06.46.33:501][902]LogSlate: Updating window title bar state: overlay mode, drag disabled, window buttons hidden, title bar hidden
[2018.08.22-06.46.33:515][902]LogSlate: Window 'Stylized렌더링 Game Preview Standalone (64-bit/PCD3D_SM5)' being destroyed
[2018.08.22-06.46.33:573][902]LogPlayLevel: Display: Shutting down PIE online subsystems
[2018.08.22-06.46.33:573][902]LogBlueprintUserMessages: Late EndPlayMap Detection: Level '/Game/Maps/Stylized_Kingdom.Stylized_Kingdom:PersistentLevel' has LevelScriptBlueprint '/Game/Maps/Stylized_Kingdom.Stylized_Kingdom:PersistentLevel.Stylized_Kingdom' with GeneratedClass '/Game/Maps/Stylized_Kingdom.Stylized_Kingdom_C' with ClassGeneratedBy '/Game/Maps/Stylized_Kingdom.Stylized_Kingdom:PersistentLevel.Stylized_Kingdom'
[2018.08.22-06.46.33:641][903]LogPlayLevel: Display: Destroying online subsystem :Context_13
[2018.08.22-06.47.52:188][ 80]BlueprintLog: New page: Compile Stylized_Kingdom
[2018.08.22-06.47.52:194][ 80]LogBlueprint: Error: [Compiler PersistentLevel.Stylized_Kingdom] This blueprint (self) is not a Widget, therefore ' Target ' must have a connection.
[2018.08.22-06.47.52:338][ 80]LogBlueprint: Warning: [Compiler PersistentLevel.Stylized_Kingdom] [1317.55] Compile of PersistentLevel.Stylized_Kingdom failed. 1 Fatal Issue(s) 0 Warning(s) [in 150 ms] (/Game/Maps/Stylized_Kingdom.Stylized_Kingdom:PersistentLevel.Stylized_Kingdom)
[2018.08.22-06.49.13:521][142]BlueprintLog: New page: Compile Stylized_Kingdom
[2018.08.22-06.49.40:114][462]BlueprintLog: New page: Compile BasicWidget
[2018.08.22-06.51.43:850][  2]LogSavePackage: Moving '../../../../../../Users/park/Downloads/Rabbit-And-Turtle/UnrealProject/Saved/Stylized_Kingdom_Auto2EA1E8ECF41D505E7348905899FFD42FE.tmp' to '../../../../../../Users/park/Downloads/Rabbit-And-Turtle/UnrealProject/Saved/Autosaves/Game/Maps/Stylized_Kingdom_Auto2.umap'
[2018.08.22-06.51.43:857][  2]LogFileHelpers: Editor autosave (incl. sublevels) for '/Game/Maps/Stylized_Kingdom' took 0.975
[2018.08.22-06.51.43:857][  2]LogFileHelpers: Editor autosave (incl. sublevels) for all levels took 0.975
[2018.08.22-06.51.43:861][  2]OBJ SavePackage: Generating thumbnails for [0] asset(s) in package [/Game/Cinematic/Shot01] ([1] browsable assets)...
[2018.08.22-06.51.43:861][  2]OBJ SavePackage: Finished generating thumbnails for package [/Game/Cinematic/Shot01]
[2018.08.22-06.51.43:882][  2]LogSavePackage: Moving '../../../../../../Users/park/Downloads/Rabbit-And-Turtle/UnrealProject/Saved/Shot01_Auto29BE17AD54888DBE71E293B8EA38D7037.tmp' to '../../../../../../Users/park/Downloads/Rabbit-And-Turtle/UnrealProject/Saved/Autosaves/Game/Cinematic/Shot01_Auto2.uasset'
[2018.08.22-06.51.43:886][  2]OBJ SavePackage: Generating thumbnails for [0] asset(s) in package [/Game/Widget/BasicWidget] ([1] browsable assets)...
[2018.08.22-06.51.43:886][  2]OBJ SavePackage: Finished generating thumbnails for package [/Game/Widget/BasicWidget]
[2018.08.22-06.51.43:899][  2]LogSavePackage: Moving '../../../../../../Users/park/Downloads/Rabbit-And-Turtle/UnrealProject/Saved/BasicWidget_Auto24BA7B6E3457DCC476825DAA6041B825F.tmp' to '../../../../../../Users/park/Downloads/Rabbit-And-Turtle/UnrealProject/Saved/Autosaves/Game/Widget/BasicWidget_Auto2.uasset'
[2018.08.22-06.51.43:900][  2]LogFileHelpers: Auto-saving content packages took 0.040
[2018.08.22-06.56.53:143][128]BlueprintLog: New page: Compile BasicWidget
[2018.08.22-06.56.56:442][254]LogSlate: FSceneViewport::OnFocusLost() reason 2
[2018.08.22-06.57.01:305][254]LogSavePackage: Moving '../../../../../../Users/park/Downloads/Rabbit-And-Turtle/UnrealProject/Saved/Stylized_Kingdom13DEE7B84D2097CB855311A763B92EA8.tmp' to '../../../../../../Users/park/Downloads/Rabbit-And-Turtle/UnrealProject/Content/Maps/Stylized_Kingdom.umap'
[2018.08.22-06.57.07:699][254]LogSavePackage: Moving '../../../../../../Users/park/Downloads/Rabbit-And-Turtle/UnrealProject/Saved/Stylized_Kingdom_BuiltData10B00E8A4BA1A0296526DCA8A06F16A0.tmp' to '../../../../../../Users/park/Downloads/Rabbit-And-Turtle/UnrealProject/Content/Maps/Stylized_Kingdom_BuiltData.uasset'
