Log file open, 07/25/18 13:19:38
LogWindows: Failed to load 'aqProf.dll' (GetLastError=126)
LogWindows: File 'aqProf.dll' does not exist
LogWindows: Failed to load 'VtuneApi.dll' (GetLastError=126)
LogWindows: File 'VtuneApi.dll' does not exist
LogWindows: Failed to load 'VtuneApi32e.dll' (GetLastError=126)
LogWindows: File 'VtuneApi32e.dll' does not exist
LogInit: Display: Running engine for game: Stylized렌더링
LogPlatformFile: Not using cached read wrapper
LogTaskGraph: Started task graph with 5 named threads and 11 total threads with 3 sets of task threads.
LogStats: Stats thread started at 0.198259
LogD3D11RHI: Loaded GFSDK_Aftermath_Lib.x64.dll
LogICUInternationalization: Display: ICU TimeZone Detection - Raw Offset: +9:00, Platform Override: ''
LogPluginManager: Mounting plugin Paper2D
LogPluginManager: Mounting plugin AISupport
LogPluginManager: Mounting plugin LightPropagationVolume
LogPluginManager: Mounting plugin CLionSourceCodeAccess
LogPluginManager: Mounting plugin CodeLiteSourceCodeAccess
LogPluginManager: Mounting plugin GitSourceControl
LogPluginManager: Mounting plugin KDevelopSourceCodeAccess
LogPluginManager: Mounting plugin NullSourceCodeAccess
LogPluginManager: Mounting plugin PerforceSourceControl
LogPluginManager: Mounting plugin SubversionSourceControl
LogPluginManager: Mounting plugin UObjectPlugin
LogPluginManager: Mounting plugin VisualStudioCodeSourceCodeAccess
LogPluginManager: Mounting plugin VisualStudioSourceCodeAccess
LogPluginManager: Mounting plugin XCodeSourceCodeAccess
LogPluginManager: Mounting plugin AssetManagerEditor
LogPluginManager: Mounting plugin CryptoKeys
LogPluginManager: Mounting plugin DataValidation
LogPluginManager: Mounting plugin FacialAnimation
LogPluginManager: Mounting plugin GameplayTagsEditor
LogPluginManager: Mounting plugin MacGraphicsSwitching
LogPluginManager: Mounting plugin MeshEditor
LogPluginManager: Mounting plugin MobileLauncherProfileWizard
LogPluginManager: Mounting plugin PluginBrowser
LogPluginManager: Mounting plugin SpeedTreeImporter
LogPluginManager: Mounting plugin DatasmithContent
LogPluginManager: Mounting plugin AlembicImporter
LogPluginManager: Mounting plugin AppleImageUtils
LogPluginManager: Mounting plugin AppleVision
LogPluginManager: Mounting plugin BackChannel
LogPluginManager: Mounting plugin CharacterAI
LogPluginManager: Mounting plugin GeometryCache
LogPluginManager: Mounting plugin HTML5Networking
LogPluginManager: Mounting plugin ProxyLODPlugin
LogPluginManager: Mounting plugin MagicLeap
LogPluginManager: Mounting plugin MagicLeapEmulator
LogPluginManager: Mounting plugin MagicLeapMedia
LogPluginManager: Mounting plugin AndroidMedia
LogPluginManager: Mounting plugin AvfMedia
LogPluginManager: Mounting plugin ImgMedia
LogPluginManager: Mounting plugin LinearTimecode
LogPluginManager: Mounting plugin MediaCompositing
LogPluginManager: Mounting plugin MediaPlayerEditor
LogPluginManager: Mounting plugin WmfMedia
LogPluginManager: Mounting plugin TcpMessaging
LogPluginManager: Mounting plugin UdpMessaging
LogPluginManager: Mounting plugin ActorSequence
LogPluginManager: Mounting plugin LevelSequenceEditor
LogPluginManager: Mounting plugin MatineeToLevelSequence
LogPluginManager: Mounting plugin NetcodeUnitTest
LogPluginManager: Mounting plugin NUTUnrealEngine4
LogPluginManager: Mounting plugin OnlineSubsystemGooglePlay
LogPluginManager: Mounting plugin OnlineSubsystemIOS
LogPluginManager: Mounting plugin OnlineSubsystem
LogPluginManager: Mounting plugin OnlineSubsystemNull
LogPluginManager: Mounting plugin OnlineSubsystemUtils
LogPluginManager: Mounting plugin LauncherChunkInstaller
LogPluginManager: Mounting plugin AndroidDeviceProfileSelector
LogPluginManager: Mounting plugin AndroidMoviePlayer
LogPluginManager: Mounting plugin AndroidPermission
LogPluginManager: Mounting plugin AppleMoviePlayer
LogPluginManager: Mounting plugin ArchVisCharacter
LogPluginManager: Mounting plugin AudioCapture
LogPluginManager: Mounting plugin CableComponent
LogPluginManager: Mounting plugin CustomMeshComponent
LogPluginManager: Mounting plugin EditableMesh
LogPluginManager: Mounting plugin ExampleDeviceProfileSelector
LogPluginManager: Mounting plugin GoogleCloudMessaging
LogPluginManager: Mounting plugin ImmediatePhysics
LogPluginManager: Mounting plugin IOSDeviceProfileSelector
LogPluginManager: Mounting plugin LinuxDeviceProfileSelector
LogPluginManager: Mounting plugin LocationServicesBPLibrary
LogPluginManager: Mounting plugin MobilePatchingUtils
LogPluginManager: Mounting plugin OculusVR
LogPluginManager: Plugin shader directory ../../../Engine/Plugins/Runtime/Oculus/OculusVR/Shaders found
LogPluginManager: Mapping shader source directory ../../../Engine/Plugins/Runtime/Oculus/OculusVR/Shaders to virtual directory /Plugin/OculusVR
LogPluginManager: Mounting plugin PhysXVehicles
LogPluginManager: Mounting plugin ProceduralMeshComponent
LogPluginManager: Mounting plugin RuntimePhysXCooking
LogPluginManager: Mounting plugin SteamVR
LogPluginManager: Mounting plugin WindowsMoviePlayer
LogStreaming: Display: Took  0.059s to configure plugins.
LogInit: Using libcurl 7.55.1-DEV
LogInit:  - built for x86_64-pc-win32
LogInit:  - supports SSL with OpenSSL/1.0.2h
LogInit:  - supports HTTP deflate (compression) using libz 1.2.8
LogInit:  - other features:
LogInit:      CURL_VERSION_SSL
LogInit:      CURL_VERSION_LIBZ
LogInit:      CURL_VERSION_IPV6
LogInit:      CURL_VERSION_ASYNCHDNS
LogInit:      CURL_VERSION_LARGEFILE
LogInit:      CURL_VERSION_IDN
LogInit:  CurlRequestOptions (configurable via config and command line):
LogInit:  - bVerifyPeer = false  - Libcurl will NOT verify peer certificate
LogInit:  - bUseHttpProxy = false  - Libcurl will NOT use HTTP proxy
LogInit:  - bDontReuseConnections = false  - Libcurl will reuse connections
LogInit:  - CertBundlePath = nullptr  - Libcurl will use whatever was configured at build time.
LogInit:  - MaxHostConnections = 16  - Libcurl will limit the number of connections to a host
LogInit:  - LocalHostAddr = Default
LogInit:  - BufferSize = 65536
LogInit: WinSock: version 1.1 (2.2), MaxSocks=32767, MaxUdp=65467
LogInit: Build: ++UE4+Release-4.20-CL-4212847
LogInit: Engine Version: 4.20.0-4212847+++UE4+Release-4.20
LogInit: Compatible Engine Version: 4.20.0-4212847+++UE4+Release-4.20
LogInit: Net CL: 4212847
LogInit: OS: Windows 10 (), CPU: Intel(R) Core(TM) i5-7200U CPU @ 2.50GHz, GPU: Intel(R) HD Graphics 620
LogInit: Compiled (64-bit): Jul 14 2018 09:51:14
LogInit: Compiled with Visual C++: 19.13.26129.00
LogInit: Build Configuration: Development
LogInit: Branch Name: ++UE4+Release-4.20
LogInit: Command Line:  /Game/Maps/Stylized_Kingdom -game -PIEVIACONSOLE -ResX=1280 -ResY=720  -Multiprocess -messaging -SessionName="Play in Standalone Game" -featureleveles2 -faketouches -windowed 
LogInit: Base Directory: C:/Program Files/Epic Games/UE_4.20/Engine/Binaries/Win64/
LogInit: Installed Engine Build: 1
LogDevObjectVersion: Number of dev versions registered: 20
LogDevObjectVersion:   Dev-Blueprints (B0D832E4-1F89-4F0D-ACCF-7EB736FD4AA2): 10
LogDevObjectVersion:   Dev-Build (E1C64328-A22C-4D53-A36C-8E866417BD8C): 0
LogDevObjectVersion:   Dev-Core (375EC13C-06E4-48FB-B500-84F0262A717E): 2
LogDevObjectVersion:   Dev-Editor (E4B068ED-F494-42E9-A231-DA0B2E46BB41): 24
LogDevObjectVersion:   Dev-Framework (CFFC743F-43B0-4480-9391-14DF171D2073): 34
LogDevObjectVersion:   Dev-Mobile (B02B49B5-BB20-44E9-A304-32B752E40360): 2
LogDevObjectVersion:   Dev-Networking (A4E4105C-59A1-49B5-A7C5-40C4547EDFEE): 0
LogDevObjectVersion:   Dev-Online (39C831C9-5AE6-47DC-9A44-9C173E1C8E7C): 0
LogDevObjectVersion:   Dev-Physics (78F01B33-EBEA-4F98-B9B4-84EACCB95AA2): 0
LogDevObjectVersion:   Dev-Platform (6631380F-2D4D-43E0-8009-CF276956A95A): 0
LogDevObjectVersion:   Dev-Rendering (12F88B9F-8875-4AFC-A67C-D90C383ABD29): 26
LogDevObjectVersion:   Dev-Sequencer (7B5AE74C-D270-4C10-A958-57980B212A5A): 9
LogDevObjectVersion:   Dev-VR (D7296918-1DD6-4BDD-9DE2-64A83CC13884): 2
LogDevObjectVersion:   Dev-LoadTimes (C2A15278-BFE7-4AFE-6C17-90FF531DF755): 1
LogDevObjectVersion:   Private-Geometry (6EACA3D4-40EC-4CC1-B786-8BED09428FC5): 3
LogDevObjectVersion:   Dev-AnimPhys (29E575DD-E0A3-4627-9D10-D276232CDCEA): 17
LogDevObjectVersion:   Dev-ReflectionCapture (6B266CEC-1EC7-4B8F-A30B-E4D90942FC07): 1
LogDevObjectVersion:   Dev-Automation (0DF73D61-A23F-47EA-B727-89E90C41499A): 1
LogDevObjectVersion:   FortniteMain (601D1886-AC64-4F84-AA16-D3DE0DEAC7D6): 12
LogDevObjectVersion:   Dev-Enterprise (9DFFBCD6-494F-0158-E221-12823C92A888): 1
LogStreaming: Display: Took  0.001s to delete old logs.
LogInit: Presizing for max 8388607 objects, including 0 objects not considered by GC, pre-allocating 0 bytes for permanent pool.
LogInit: Object subsystem initialized
[2018.07.25-04.19.38:259][  0]LogInit: Selected Device Profile: [Windows]
[2018.07.25-04.19.38:259][  0]LogInit: Applying CVar settings loaded from the selected device profile: [Windows]
[2018.07.25-04.19.38:265][  0]LogHAL: Display: Platform has ~ 8 GB [8469495808 / 8589934592 / 8], which maps to Default [LargestMinGB=32, LargerMinGB=12, DefaultMinGB=8, SmallerMinGB=6, SmallestMinGB=0)
[2018.07.25-04.19.38:265][  0]LogInit: Setting Device Profile CVar: [[r.Vulkan.UseRealUBs:1]]
[2018.07.25-04.19.38:265][  0]LogInit: Going up to parent DeviceProfile []
[2018.07.25-04.19.38:265][  0]LogInit: Computer: DESKTOP-GDPI51N
[2018.07.25-04.19.38:265][  0]LogInit: User: park
[2018.07.25-04.19.38:265][  0]LogInit: CPU Page size=4096, Cores=2
[2018.07.25-04.19.38:265][  0]LogInit: High frequency timer resolution =2.648439 MHz
[2018.07.25-04.19.38:265][  0]LogMemory: Memory total: Physical=7.9GB (8GB approx)
[2018.07.25-04.19.38:265][  0]LogMemory: Platform Memory Stats for Windows
[2018.07.25-04.19.38:265][  0]LogMemory: Process Physical Memory: 99.77 MB used, 99.77 MB peak
[2018.07.25-04.19.38:265][  0]LogMemory: Process Virtual Memory: 90.77 MB used, 90.77 MB peak
[2018.07.25-04.19.38:265][  0]LogMemory: Physical Memory: 4349.92 MB used,  3727.22 MB free, 8077.14 MB total
[2018.07.25-04.19.38:265][  0]LogMemory: Virtual Memory: 492.17 MB used,  3727.22 MB free, 134217728.00 MB total
[2018.07.25-04.19.38:281][  0]LogInit: Using OS detected language (ko-KR).
[2018.07.25-04.19.38:281][  0]LogInit: Using OS detected locale (ko-KR).
[2018.07.25-04.19.38:281][  0]LogTextLocalizationManager: No specific localization for 'ko-KR' exists, so the 'ko' localization will be used.
[2018.07.25-04.19.38:679][  0]LogStreaming: Display: Took  0.399s to InitEngineTextLocalization.
[2018.07.25-04.19.38:697][  0]LogSlate: New Slate User Created.  User Index 0, Is Virtual User: 0
[2018.07.25-04.19.38:697][  0]LogSlate: Slate User Registered.  User Index 0, Is Virtual User: 0
[2018.07.25-04.19.38:708][  0]LogHMD: Failed to initialize OpenVR with code 110
[2018.07.25-04.19.38:708][  0]LogD3D11RHI: D3D11 adapters:
[2018.07.25-04.19.38:748][  0]LogD3D11RHI:    0. 'NVIDIA GeForce 940MX' (Feature Level 11_0)
[2018.07.25-04.19.38:748][  0]LogD3D11RHI:       2020/0/4038 MB DedicatedVideo/DedicatedSystem/SharedSystem, Outputs:1, VendorId:0x10de
[2018.07.25-04.19.38:755][  0]LogD3D11RHI:    1. 'Intel(R) HD Graphics 620' (Feature Level 11_0)
[2018.07.25-04.19.38:755][  0]LogD3D11RHI:       128/0/4038 MB DedicatedVideo/DedicatedSystem/SharedSystem, Outputs:0, VendorId:0x8086
[2018.07.25-04.19.38:757][  0]LogD3D11RHI:    2. 'Microsoft Basic Render Driver' (Feature Level 11_0)
[2018.07.25-04.19.38:757][  0]LogD3D11RHI:       0/0/4038 MB DedicatedVideo/DedicatedSystem/SharedSystem, Outputs:0, VendorId:0x1414
[2018.07.25-04.19.38:757][  0]LogD3D11RHI: Chosen D3D11 Adapter: 0
[2018.07.25-04.19.38:761][  0]LogD3D11RHI: Creating new Direct3DDevice
[2018.07.25-04.19.38:761][  0]LogD3D11RHI:     GPU DeviceId: 0x134d (for the marketing name, search the web for "GPU Device Id")
[2018.07.25-04.19.38:761][  0]LogWindows: EnumDisplayDevices:
[2018.07.25-04.19.38:762][  0]LogWindows:    0. 'Intel(R) HD Graphics 620' (P:1 D:1)
[2018.07.25-04.19.38:762][  0]LogWindows:    1. 'Intel(R) HD Graphics 620' (P:0 D:0)
[2018.07.25-04.19.38:762][  0]LogWindows:    2. 'Intel(R) HD Graphics 620' (P:0 D:0)
[2018.07.25-04.19.38:762][  0]LogWindows: DebugString: PrimaryIsNotTheChoosenAdapter PrimaryIsNotTheChoosenAdapter PrimaryIsNotTheChoosenAdapter FoundDriverCount:0 
[2018.07.25-04.19.38:762][  0]LogD3D11RHI:     Adapter Name: NVIDIA GeForce 940MX
[2018.07.25-04.19.38:762][  0]LogD3D11RHI:   Driver Version: Unknown (internal:Unknown, unified:Unknown)
[2018.07.25-04.19.38:762][  0]LogD3D11RHI:      Driver Date: Unknown
[2018.07.25-04.19.38:762][  0]LogRHI: Texture pool is 1414 MB (70% of 2020 MB)
[2018.07.25-04.19.38:779][  0]LogD3D11RHI: Async texture creation enabled
[2018.07.25-04.19.38:791][  0]LogD3D11RHI: GPU Timing Frequency: 1000.000000 (Debug: 2 1)
[2018.07.25-04.19.38:792][  0]LogShaderCompilers: Guid format shader working directory is -22 characters bigger than the processId version (../../../../../../Users/park/Documents/Unreal Projects/Stylized렌더링/Intermediate/Shaders/WorkingDirectory/10672/).
[2018.07.25-04.19.38:792][  0]LogShaderCompilers: Cleaned the shader compiler working directory 'C:/Users/park/AppData/Local/Temp/UnrealShaderWorkingDir/FF2154684F40B49480BFF0AD93379A03/'.
[2018.07.25-04.19.39:083][  0]LogTemp: Display: Loaded TP WindowsClientTargetPlatform
[2018.07.25-04.19.39:096][  0]LogTemp: Display: Loaded TP WindowsNoEditorTargetPlatform
[2018.07.25-04.19.39:110][  0]LogTemp: Display: Loaded TP WindowsServerTargetPlatform
[2018.07.25-04.19.39:123][  0]LogTemp: Display: Loaded TP WindowsTargetPlatform
[2018.07.25-04.19.39:123][  0]LogTargetPlatformManager: Display: Building Assets For Windows
[2018.07.25-04.19.39:172][  0]LogXGEController: Cannot use XGE Controller as Incredibuild is not installed on this machine.
[2018.07.25-04.19.39:172][  0]LogShaderCompilers: Cannot use XGE Shader Compiler as Incredibuild is not installed on this machine.
[2018.07.25-04.19.39:173][  0]LogShaderCompilers: Display: Using Local Shader Compiler.
[2018.07.25-04.19.39:877][  0]LogDerivedDataCache: Display: Max Cache Size: 512 MB
[2018.07.25-04.19.39:939][  0]LogDerivedDataCache: Loaded boot cache 0.06s 71MB C:/Users/park/AppData/Local/UnrealEngine/4.20/DerivedDataCache/Boot.ddc.
[2018.07.25-04.19.39:940][  0]LogDerivedDataCache: Display: Loaded Boot cache: C:/Users/park/AppData/Local/UnrealEngine/4.20/DerivedDataCache/Boot.ddc
[2018.07.25-04.19.39:940][  0]LogDerivedDataCache: FDerivedDataBackendGraph:  Pak pak cache file ../../../../../../Users/park/Documents/Unreal Projects/Stylized렌더링/DerivedDataCache/DDC.ddp not found, will not use a pak cache.
[2018.07.25-04.19.39:940][  0]LogDerivedDataCache: Unable to find inner node Pak for hierarchical cache Hierarchy.
[2018.07.25-04.19.39:942][  0]LogDerivedDataCache: Display: Pak cache opened for reading ../../../../../../Users/park/Documents/Unreal Projects/Stylized렌더링/DerivedDataCache/Compressed.ddp.
[2018.07.25-04.19.39:958][  0]LogDerivedDataCache: Display: Pak cache opened for reading ../../../Engine/DerivedDataCache/Compressed.ddp.
[2018.07.25-04.19.39:969][  0]LogDerivedDataCache: Using Local data cache path C:/Users/park/AppData/Local/UnrealEngine/Common/DerivedDataCache: Writable
[2018.07.25-04.19.39:969][  0]LogDerivedDataCache: Shared data cache path not found in *engine.ini, will not use an Shared cache.
[2018.07.25-04.19.39:969][  0]LogDerivedDataCache: Unable to find inner node Shared for hierarchical cache Hierarchy.
[2018.07.25-04.19.39:970][  0]LogMaterial: Verifying Global Shaders for PCD3D_ES2
[2018.07.25-04.19.40:308][  0]LogSlate: Using FreeType 2.6.0
[2018.07.25-04.19.40:309][  0]LogSlate: SlateFontServices - WITH_FREETYPE: 1, WITH_HARFBUZZ: 1
[2018.07.25-04.19.40:363][  0]LogShaderCompilers: Display: Shaders left to compile 582
[2018.07.25-04.19.40:363][  0]LogShaderCompilers: Display: Shaders left to compile 581
[2018.07.25-04.19.40:363][  0]LogShaderCompilers: Display: Shaders left to compile 580
[2018.07.25-04.19.40:363][  0]LogInit: Using OS detected language (ko-KR).
[2018.07.25-04.19.40:363][  0]LogInit: Using OS detected locale (ko-KR).
[2018.07.25-04.19.40:363][  0]LogTextLocalizationManager: No localization for 'ko-KR' exists, so 'en' will be used for the language.
[2018.07.25-04.19.40:363][  0]LogTextLocalizationManager: No localization for 'ko-KR' exists, so 'en' will be used for the locale.
[2018.07.25-04.19.40:753][  0]LogShaderCompilers: Display: Shaders left to compile 579
[2018.07.25-04.19.40:753][  0]LogShaderCompilers: Display: Shaders left to compile 578
[2018.07.25-04.19.40:753][  0]LogStreaming: Display: Took  0.390s to InitGameTextLocalization.
[2018.07.25-04.19.40:764][  0]LogAssetRegistry: FAssetRegistry took 0.0073 seconds to start up
[2018.07.25-04.19.41:104][  0]LogShaderCompilers: Display: Shaders left to compile 577
[2018.07.25-04.19.41:104][  0]LogShaderCompilers: Display: Shaders left to compile 576
[2018.07.25-04.19.41:104][  0]LogShaderCompilers: Display: Shaders left to compile 575
[2018.07.25-04.19.41:104][  0]LogShaderCompilers: Display: Shaders left to compile 574
[2018.07.25-04.19.41:104][  0]LogShaderCompilers: Display: Shaders left to compile 573
[2018.07.25-04.19.41:104][  0]LogShaderCompilers: Display: Shaders left to compile 572
[2018.07.25-04.19.41:104][  0]LogPackageLocalizationCache: Processed 11 localized package path(s) for 1 prioritized culture(s) in 0.028198 seconds
[2018.07.25-04.19.41:296][  0]LogShaderCompilers: Display: Shaders left to compile 571
[2018.07.25-04.19.41:296][  0]LogShaderCompilers: Display: Shaders left to compile 570
[2018.07.25-04.19.41:296][  0]LogShaderCompilers: Display: Shaders left to compile 569
[2018.07.25-04.19.41:296][  0]LogShaderCompilers: Display: Shaders left to compile 568
[2018.07.25-04.19.41:296][  0]LogInit: Selected Device Profile: [Windows]
[2018.07.25-04.19.41:405][  0]LogShaderCompilers: Display: Shaders left to compile 567
[2018.07.25-04.19.41:405][  0]LogShaderCompilers: Display: Shaders left to compile 566
[2018.07.25-04.19.41:405][  0]LogShaderCompilers: Display: Shaders left to compile 565
[2018.07.25-04.19.41:405][  0]LogMaterial: Display: Missing cached shader map for material WorldGridMaterial, compiling. Is special engine material.
