Log file open, 08/21/18 16:52:10
LogWindows: Failed to load 'aqProf.dll' (GetLastError=126)
LogWindows: File 'aqProf.dll' does not exist
LogWindows: Failed to load 'VtuneApi.dll' (GetLastError=126)
LogWindows: File 'VtuneApi.dll' does not exist
LogWindows: Failed to load 'VtuneApi32e.dll' (GetLastError=126)
LogWindows: File 'VtuneApi32e.dll' does not exist
LogInit: Display: Running engine for game: Stylized렌더링
LogPlatformFile: Not using cached read wrapper
LogTaskGraph: Started task graph with 5 named threads and 11 total threads with 3 sets of task threads.
LogStats: Stats thread started at 0.210099
LogD3D11RHI: Loaded GFSDK_Aftermath_Lib.x64.dll
LogICUInternationalization: Display: ICU TimeZone Detection - Raw Offset: +9:00, Platform Override: ''
LogPluginManager: Mounting plugin Paper2D
LogPluginManager: Mounting plugin AISupport
LogPluginManager: Mounting plugin LightPropagationVolume
LogPluginManager: Mounting plugin CLionSourceCodeAccess
LogPluginManager: Mounting plugin CodeLiteSourceCodeAccess
LogPluginManager: Mounting plugin GitSourceControl
LogPluginManager: Mounting plugin KDevelopSourceCodeAccess
LogPluginManager: Mounting plugin NullSourceCodeAccess
LogPluginManager: Mounting plugin PerforceSourceControl
LogPluginManager: Mounting plugin SubversionSourceControl
LogPluginManager: Mounting plugin UObjectPlugin
LogPluginManager: Mounting plugin VisualStudioCodeSourceCodeAccess
LogPluginManager: Mounting plugin VisualStudioSourceCodeAccess
LogPluginManager: Mounting plugin XCodeSourceCodeAccess
LogPluginManager: Mounting plugin AssetManagerEditor
LogPluginManager: Mounting plugin CryptoKeys
LogPluginManager: Mounting plugin DataValidation
LogPluginManager: Mounting plugin FacialAnimation
LogPluginManager: Mounting plugin GameplayTagsEditor
LogPluginManager: Mounting plugin MacGraphicsSwitching
LogPluginManager: Mounting plugin MeshEditor
LogPluginManager: Mounting plugin MobileLauncherProfileWizard
LogPluginManager: Mounting plugin PluginBrowser
LogPluginManager: Mounting plugin SpeedTreeImporter
LogPluginManager: Mounting plugin DatasmithContent
LogPluginManager: Mounting plugin AlembicImporter
LogPluginManager: Mounting plugin AppleImageUtils
LogPluginManager: Mounting plugin AppleVision
LogPluginManager: Mounting plugin BackChannel
LogPluginManager: Mounting plugin CharacterAI
LogPluginManager: Mounting plugin GeometryCache
LogPluginManager: Mounting plugin HTML5Networking
LogPluginManager: Mounting plugin ProxyLODPlugin
LogPluginManager: Mounting plugin MagicLeap
LogPluginManager: Mounting plugin MagicLeapEmulator
LogPluginManager: Mounting plugin MagicLeapMedia
LogPluginManager: Mounting plugin AndroidMedia
LogPluginManager: Mounting plugin AvfMedia
LogPluginManager: Mounting plugin ImgMedia
LogPluginManager: Mounting plugin LinearTimecode
LogPluginManager: Mounting plugin MediaCompositing
LogPluginManager: Mounting plugin MediaPlayerEditor
LogPluginManager: Mounting plugin WmfMedia
LogPluginManager: Mounting plugin TcpMessaging
LogPluginManager: Mounting plugin UdpMessaging
LogPluginManager: Mounting plugin ActorSequence
LogPluginManager: Mounting plugin LevelSequenceEditor
LogPluginManager: Mounting plugin MatineeToLevelSequence
LogPluginManager: Mounting plugin NetcodeUnitTest
LogPluginManager: Mounting plugin NUTUnrealEngine4
LogPluginManager: Mounting plugin OnlineSubsystemGooglePlay
LogPluginManager: Mounting plugin OnlineSubsystemIOS
LogPluginManager: Mounting plugin OnlineSubsystem
LogPluginManager: Mounting plugin OnlineSubsystemNull
LogPluginManager: Mounting plugin OnlineSubsystemUtils
LogPluginManager: Mounting plugin LauncherChunkInstaller
LogPluginManager: Mounting plugin AndroidDeviceProfileSelector
LogPluginManager: Mounting plugin AndroidMoviePlayer
LogPluginManager: Mounting plugin AndroidPermission
LogPluginManager: Mounting plugin AppleMoviePlayer
LogPluginManager: Mounting plugin ArchVisCharacter
LogPluginManager: Mounting plugin AudioCapture
LogPluginManager: Mounting plugin CableComponent
LogPluginManager: Mounting plugin CustomMeshComponent
LogPluginManager: Mounting plugin EditableMesh
LogPluginManager: Mounting plugin ExampleDeviceProfileSelector
LogPluginManager: Mounting plugin GoogleCloudMessaging
LogPluginManager: Mounting plugin ImmediatePhysics
LogPluginManager: Mounting plugin IOSDeviceProfileSelector
LogPluginManager: Mounting plugin LinuxDeviceProfileSelector
LogPluginManager: Mounting plugin LocationServicesBPLibrary
LogPluginManager: Mounting plugin MobilePatchingUtils
LogPluginManager: Mounting plugin OculusVR
LogPluginManager: Plugin shader directory ../../../Engine/Plugins/Runtime/Oculus/OculusVR/Shaders found
LogPluginManager: Mapping shader source directory ../../../Engine/Plugins/Runtime/Oculus/OculusVR/Shaders to virtual directory /Plugin/OculusVR
LogPluginManager: Mounting plugin PhysXVehicles
LogPluginManager: Mounting plugin ProceduralMeshComponent
LogPluginManager: Mounting plugin RuntimePhysXCooking
LogPluginManager: Mounting plugin SteamVR
LogPluginManager: Mounting plugin WindowsMoviePlayer
LogStreaming: Display: Took  0.102s to configure plugins.
LogInit: Using libcurl 7.55.1-DEV
LogInit:  - built for x86_64-pc-win32
LogInit:  - supports SSL with OpenSSL/1.0.2h
LogInit:  - supports HTTP deflate (compression) using libz 1.2.8
LogInit:  - other features:
LogInit:      CURL_VERSION_SSL
LogInit:      CURL_VERSION_LIBZ
LogInit:      CURL_VERSION_IPV6
LogInit:      CURL_VERSION_ASYNCHDNS
LogInit:      CURL_VERSION_LARGEFILE
LogInit:      CURL_VERSION_IDN
LogInit:  CurlRequestOptions (configurable via config and command line):
LogInit:  - bVerifyPeer = false  - Libcurl will NOT verify peer certificate
LogInit:  - bUseHttpProxy = false  - Libcurl will NOT use HTTP proxy
LogInit:  - bDontReuseConnections = false  - Libcurl will reuse connections
LogInit:  - CertBundlePath = nullptr  - Libcurl will use whatever was configured at build time.
LogInit:  - MaxHostConnections = 16  - Libcurl will limit the number of connections to a host
LogInit:  - LocalHostAddr = Default
LogInit:  - BufferSize = 65536
LogInit: WinSock: version 1.1 (2.2), MaxSocks=32767, MaxUdp=65467
LogInit: Build: ++UE4+Release-4.20-CL-4212847
LogInit: Engine Version: 4.20.0-4212847+++UE4+Release-4.20
LogInit: Compatible Engine Version: 4.20.0-4212847+++UE4+Release-4.20
LogInit: Net CL: 4212847
LogInit: OS: Windows 10 (), CPU: Intel(R) Core(TM) i5-7200U CPU @ 2.50GHz, GPU: Intel(R) HD Graphics 620
LogInit: Compiled (64-bit): Jul 14 2018 09:51:14
LogInit: Compiled with Visual C++: 19.13.26129.00
LogInit: Build Configuration: Development
LogInit: Branch Name: ++UE4+Release-4.20
LogInit: Command Line:  
LogInit: Base Directory: C:/Program Files/Epic Games/UE_4.20/Engine/Binaries/Win64/
LogInit: Installed Engine Build: 1
LogDevObjectVersion: Number of dev versions registered: 20
LogDevObjectVersion:   Dev-Blueprints (B0D832E4-1F89-4F0D-ACCF-7EB736FD4AA2): 10
LogDevObjectVersion:   Dev-Build (E1C64328-A22C-4D53-A36C-8E866417BD8C): 0
LogDevObjectVersion:   Dev-Core (375EC13C-06E4-48FB-B500-84F0262A717E): 2
LogDevObjectVersion:   Dev-Editor (E4B068ED-F494-42E9-A231-DA0B2E46BB41): 24
LogDevObjectVersion:   Dev-Framework (CFFC743F-43B0-4480-9391-14DF171D2073): 34
LogDevObjectVersion:   Dev-Mobile (B02B49B5-BB20-44E9-A304-32B752E40360): 2
LogDevObjectVersion:   Dev-Networking (A4E4105C-59A1-49B5-A7C5-40C4547EDFEE): 0
LogDevObjectVersion:   Dev-Online (39C831C9-5AE6-47DC-9A44-9C173E1C8E7C): 0
LogDevObjectVersion:   Dev-Physics (78F01B33-EBEA-4F98-B9B4-84EACCB95AA2): 0
LogDevObjectVersion:   Dev-Platform (6631380F-2D4D-43E0-8009-CF276956A95A): 0
LogDevObjectVersion:   Dev-Rendering (12F88B9F-8875-4AFC-A67C-D90C383ABD29): 26
LogDevObjectVersion:   Dev-Sequencer (7B5AE74C-D270-4C10-A958-57980B212A5A): 9
LogDevObjectVersion:   Dev-VR (D7296918-1DD6-4BDD-9DE2-64A83CC13884): 2
LogDevObjectVersion:   Dev-LoadTimes (C2A15278-BFE7-4AFE-6C17-90FF531DF755): 1
LogDevObjectVersion:   Private-Geometry (6EACA3D4-40EC-4CC1-B786-8BED09428FC5): 3
LogDevObjectVersion:   Dev-AnimPhys (29E575DD-E0A3-4627-9D10-D276232CDCEA): 17
LogDevObjectVersion:   Dev-ReflectionCapture (6B266CEC-1EC7-4B8F-A30B-E4D90942FC07): 1
LogDevObjectVersion:   Dev-Automation (0DF73D61-A23F-47EA-B727-89E90C41499A): 1
LogDevObjectVersion:   FortniteMain (601D1886-AC64-4F84-AA16-D3DE0DEAC7D6): 12
LogDevObjectVersion:   Dev-Enterprise (9DFFBCD6-494F-0158-E221-12823C92A888): 1
LogStreaming: Display: Took  0.001s to delete old logs.
LogInit: Presizing for max 8388607 objects, including 0 objects not considered by GC, pre-allocating 0 bytes for permanent pool.
LogInit: Object subsystem initialized
[2018.08.21-07.52.10:565][  0]LogInit: Selected Device Profile: [Windows]
[2018.08.21-07.52.10:565][  0]LogInit: Applying CVar settings loaded from the selected device profile: [Windows]
[2018.08.21-07.52.10:578][  0]LogHAL: Display: Platform has ~ 8 GB [8469495808 / 8589934592 / 8], which maps to Default [LargestMinGB=32, LargerMinGB=12, DefaultMinGB=8, SmallerMinGB=6, SmallestMinGB=0)
[2018.08.21-07.52.10:578][  0]LogInit: Setting Device Profile CVar: [[r.Vulkan.UseRealUBs:1]]
[2018.08.21-07.52.10:578][  0]LogInit: Going up to parent DeviceProfile []
[2018.08.21-07.52.10:579][  0]LogInit: Computer: DESKTOP-GDPI51N
[2018.08.21-07.52.10:579][  0]LogInit: User: park
[2018.08.21-07.52.10:579][  0]LogInit: CPU Page size=4096, Cores=2
[2018.08.21-07.52.10:579][  0]LogInit: High frequency timer resolution =2.648439 MHz
[2018.08.21-07.52.10:579][  0]LogMemory: Memory total: Physical=7.9GB (8GB approx)
[2018.08.21-07.52.10:579][  0]LogMemory: Platform Memory Stats for Windows
[2018.08.21-07.52.10:579][  0]LogMemory: Process Physical Memory: 100.43 MB used, 100.43 MB peak
[2018.08.21-07.52.10:579][  0]LogMemory: Process Virtual Memory: 84.63 MB used, 84.63 MB peak
[2018.08.21-07.52.10:579][  0]LogMemory: Physical Memory: 4176.27 MB used,  3900.88 MB free, 8077.14 MB total
[2018.08.21-07.52.10:579][  0]LogMemory: Virtual Memory: 485.73 MB used,  3900.88 MB free, 134217728.00 MB total
[2018.08.21-07.52.10:612][  0]LogInit: Using OS detected language (ko-KR).
[2018.08.21-07.52.10:612][  0]LogInit: Using OS detected locale (ko-KR).
[2018.08.21-07.52.10:614][  0]LogTextLocalizationManager: No specific localization for 'ko-KR' exists, so the 'ko' localization will be used.
[2018.08.21-07.52.10:998][  0]LogStreaming: Display: Took  0.386s to InitEngineTextLocalization.
[2018.08.21-07.52.10:998][  0]LogInit: Setting process to per monitor DPI aware
[2018.08.21-07.52.11:050][  0]LogSlate: New Slate User Created.  User Index 0, Is Virtual User: 0
[2018.08.21-07.52.11:050][  0]LogSlate: Slate User Registered.  User Index 0, Is Virtual User: 0
[2018.08.21-07.52.11:480][  0]LogHMD: Failed to initialize OpenVR with code 110
[2018.08.21-07.52.11:480][  0]LogD3D11RHI: D3D11 adapters:
[2018.08.21-07.52.11:722][  0]LogD3D11RHI:    0. 'NVIDIA GeForce 940MX' (Feature Level 11_0)
[2018.08.21-07.52.11:722][  0]LogD3D11RHI:       2020/0/4038 MB DedicatedVideo/DedicatedSystem/SharedSystem, Outputs:1, VendorId:0x10de
[2018.08.21-07.52.11:738][  0]LogD3D11RHI:    1. 'Intel(R) HD Graphics 620' (Feature Level 11_0)
[2018.08.21-07.52.11:738][  0]LogD3D11RHI:       128/0/4038 MB DedicatedVideo/DedicatedSystem/SharedSystem, Outputs:0, VendorId:0x8086
[2018.08.21-07.52.11:752][  0]LogD3D11RHI:    2. 'Microsoft Basic Render Driver' (Feature Level 11_0)
[2018.08.21-07.52.11:752][  0]LogD3D11RHI:       0/0/4038 MB DedicatedVideo/DedicatedSystem/SharedSystem, Outputs:0, VendorId:0x1414
[2018.08.21-07.52.11:752][  0]LogD3D11RHI: Chosen D3D11 Adapter: 0
[2018.08.21-07.52.11:757][  0]LogD3D11RHI: Creating new Direct3DDevice
[2018.08.21-07.52.11:757][  0]LogD3D11RHI:     GPU DeviceId: 0x134d (for the marketing name, search the web for "GPU Device Id")
[2018.08.21-07.52.11:757][  0]LogWindows: EnumDisplayDevices:
[2018.08.21-07.52.11:757][  0]LogWindows:    0. 'Intel(R) HD Graphics 620' (P:1 D:1)
[2018.08.21-07.52.11:758][  0]LogWindows:    1. 'Intel(R) HD Graphics 620' (P:0 D:0)
[2018.08.21-07.52.11:758][  0]LogWindows:    2. 'Intel(R) HD Graphics 620' (P:0 D:0)
[2018.08.21-07.52.11:758][  0]LogWindows: DebugString: PrimaryIsNotTheChoosenAdapter PrimaryIsNotTheChoosenAdapter PrimaryIsNotTheChoosenAdapter FoundDriverCount:0 
[2018.08.21-07.52.11:758][  0]LogD3D11RHI:     Adapter Name: NVIDIA GeForce 940MX
[2018.08.21-07.52.11:758][  0]LogD3D11RHI:   Driver Version: Unknown (internal:Unknown, unified:Unknown)
[2018.08.21-07.52.11:758][  0]LogD3D11RHI:      Driver Date: Unknown
[2018.08.21-07.52.11:758][  0]LogRHI: Texture pool is 1414 MB (70% of 2020 MB)
[2018.08.21-07.52.11:776][  0]LogD3D11RHI: Async texture creation enabled
[2018.08.21-07.52.11:794][  0]LogD3D11RHI: GPU Timing Frequency: 1000.000000 (Debug: 2 2)
[2018.08.21-07.52.11:795][  0]LogShaderCompilers: Guid format shader working directory is -26 characters bigger than the processId version (../../../../../../Users/park/Downloads/Rabbit-And-Turtle/UnrealProject/Intermediate/Shaders/WorkingDirectory/13016/).
[2018.08.21-07.52.11:795][  0]LogShaderCompilers: Cleaned the shader compiler working directory 'C:/Users/park/AppData/Local/Temp/UnrealShaderWorkingDir/A98E1A6A4EC40791CB66699EA1A33DDD/'.
[2018.08.21-07.52.12:391][  0]LogTemp: Display: Loaded TP AllDesktopTargetPlatform
[2018.08.21-07.52.12:407][  0]LogTemp: Display: Loaded TP MacClientTargetPlatform
[2018.08.21-07.52.12:421][  0]LogTemp: Display: Loaded TP MacNoEditorTargetPlatform
[2018.08.21-07.52.12:435][  0]LogTemp: Display: Loaded TP MacServerTargetPlatform
[2018.08.21-07.52.12:450][  0]LogTemp: Display: Loaded TP MacTargetPlatform
[2018.08.21-07.52.12:465][  0]LogTemp: Display: Loaded TP WindowsClientTargetPlatform
[2018.08.21-07.52.12:480][  0]LogTemp: Display: Loaded TP WindowsNoEditorTargetPlatform
[2018.08.21-07.52.12:495][  0]LogTemp: Display: Loaded TP WindowsServerTargetPlatform
[2018.08.21-07.52.12:503][  0]LogTemp: Display: Loaded TP WindowsTargetPlatform
[2018.08.21-07.52.12:594][  0]LogTemp: Display: Loaded TP AndroidTargetPlatform
[2018.08.21-07.52.12:594][  0]LogTemp: Display: Loaded TP AndroidTargetPlatform
[2018.08.21-07.52.12:594][  0]LogTemp: Display: Loaded TP AndroidTargetPlatform
[2018.08.21-07.52.12:594][  0]LogTemp: Display: Loaded TP AndroidTargetPlatform
[2018.08.21-07.52.12:594][  0]LogTemp: Display: Loaded TP AndroidTargetPlatform
[2018.08.21-07.52.12:595][  0]LogTemp: Display: Loaded TP AndroidTargetPlatform
[2018.08.21-07.52.12:595][  0]LogTemp: Display: Loaded TP AndroidTargetPlatform
[2018.08.21-07.52.12:595][  0]LogTemp: Display: Loaded TP AndroidTargetPlatform
[2018.08.21-07.52.12:595][  0]LogTemp: Display: Loaded TP AndroidTargetPlatform
[2018.08.21-07.52.12:595][  0]LogTemp: Display: Loaded TP AndroidTargetPlatform
[2018.08.21-07.52.12:595][  0]LogTemp: Display: Loaded TP AndroidTargetPlatform
[2018.08.21-07.52.12:595][  0]LogTemp: Display: Loaded TP AndroidTargetPlatform
[2018.08.21-07.52.12:595][  0]LogTemp: Display: Loaded TP AndroidTargetPlatform
[2018.08.21-07.52.12:595][  0]LogTemp: Display: Loaded TP AndroidTargetPlatform
[2018.08.21-07.52.12:595][  0]LogTemp: Display: Loaded TP AndroidTargetPlatform
[2018.08.21-07.52.12:595][  0]LogTemp: Display: Loaded TP AndroidTargetPlatform
[2018.08.21-07.52.12:595][  0]LogTemp: Display: Loaded TP AndroidTargetPlatform
[2018.08.21-07.52.12:595][  0]LogTemp: Display: Loaded TP AndroidTargetPlatform
[2018.08.21-07.52.12:600][  0]LogTemp: Display: Loaded TP HTML5TargetPlatform
[2018.08.21-07.52.12:673][  0]LogTemp: Display: Loaded TP IOSTargetPlatform
[2018.08.21-07.52.12:673][  0]LogTemp: Display: Loaded TP IOSTargetPlatform
[2018.08.21-07.52.12:711][  0]LogTemp: Display: Loaded TP TVOSTargetPlatform
[2018.08.21-07.52.12:711][  0]LogTemp: Display: Loaded TP TVOSTargetPlatform
[2018.08.21-07.52.12:729][  0]LogTemp: Display: Loaded TP LinuxClientTargetPlatform
[2018.08.21-07.52.12:743][  0]LogTemp: Display: Loaded TP LinuxNoEditorTargetPlatform
[2018.08.21-07.52.12:758][  0]LogTemp: Display: Loaded TP LinuxServerTargetPlatform
[2018.08.21-07.52.12:773][  0]LogTemp: Display: Loaded TP LinuxTargetPlatform
[2018.08.21-07.52.12:784][  0]LogTemp: Display: Loaded TP LuminTargetPlatform
[2018.08.21-07.52.12:784][  0]LogTargetPlatformManager: Display: Building Assets For Windows
[2018.08.21-07.52.12:864][  0]LogXGEController: Cleaning working directory: C:/Users/park/AppData/Local/Temp/UnrealXGEWorkingDir/
[2018.08.21-07.52.12:864][  0]LogXGEController: Cannot use XGE Controller as Incredibuild is not installed on this machine.
[2018.08.21-07.52.12:864][  0]LogShaderCompilers: Cannot use XGE Shader Compiler as Incredibuild is not installed on this machine.
[2018.08.21-07.52.12:864][  0]LogShaderCompilers: Display: Using Local Shader Compiler.
[2018.08.21-07.52.13:850][  0]LogDerivedDataCache: Display: Max Cache Size: 512 MB
[2018.08.21-07.52.14:145][  0]LogDerivedDataCache: Loaded boot cache 0.30s 71MB C:/Users/park/AppData/Local/UnrealEngine/4.20/DerivedDataCache/Boot.ddc.
[2018.08.21-07.52.14:146][  0]LogDerivedDataCache: Display: Loaded Boot cache: C:/Users/park/AppData/Local/UnrealEngine/4.20/DerivedDataCache/Boot.ddc
[2018.08.21-07.52.14:146][  0]LogDerivedDataCache: FDerivedDataBackendGraph:  Pak pak cache file ../../../../../../Users/park/Downloads/Rabbit-And-Turtle/UnrealProject/DerivedDataCache/DDC.ddp not found, will not use a pak cache.
[2018.08.21-07.52.14:146][  0]LogDerivedDataCache: Unable to find inner node Pak for hierarchical cache Hierarchy.
[2018.08.21-07.52.14:149][  0]LogDerivedDataCache: Display: Pak cache opened for reading ../../../../../../Users/park/Downloads/Rabbit-And-Turtle/UnrealProject/DerivedDataCache/Compressed.ddp.
[2018.08.21-07.52.14:170][  0]LogDerivedDataCache: Display: Pak cache opened for reading ../../../Engine/DerivedDataCache/Compressed.ddp.
[2018.08.21-07.52.14:182][  0]LogDerivedDataCache: Using Local data cache path C:/Users/park/AppData/Local/UnrealEngine/Common/DerivedDataCache: Writable
[2018.08.21-07.52.14:182][  0]LogDerivedDataCache: Shared data cache path not found in *engine.ini, will not use an Shared cache.
[2018.08.21-07.52.14:182][  0]LogDerivedDataCache: Unable to find inner node Shared for hierarchical cache Hierarchy.
[2018.08.21-07.52.14:205][  0]LogMaterial: Verifying Global Shaders for PCD3D_SM5
[2018.08.21-07.52.14:207][  0]LogSlate: Using FreeType 2.6.0
[2018.08.21-07.52.14:208][  0]LogSlate: SlateFontServices - WITH_FREETYPE: 1, WITH_HARFBUZZ: 1
[2018.08.21-07.52.14:378][  0]LogAssetRegistry: FAssetRegistry took 0.0289 seconds to start up
[2018.08.21-07.52.14:763][  0]LogInit: Selected Device Profile: [Windows]
[2018.08.21-07.52.14:917][  0]LogSimplygon: Simplygon DLL not present - disabling.
[2018.08.21-07.52.14:925][  0]LogMeshReduction: Using SimplygonSwarm for distributed automatic mesh merging
[2018.08.21-07.52.14:925][  0]LogMeshReduction: Using ProxyLODMeshReduction for automatic mesh merging
[2018.08.21-07.52.14:925][  0]LogMeshReduction: Using QuadricMeshReduction for automatic static mesh reduction
[2018.08.21-07.52.14:925][  0]LogMeshReduction: No automatic skeletal mesh reduction module available
[2018.08.21-07.52.14:949][  0]LogNetVersion: Stylized렌더링 1.0.0, NetCL: 4212847, EngineNetVer: 5, GameNetVer: 0 (Checksum: 2712925785)
[2018.08.21-07.52.15:513][  0]LogPackageLocalizationCache: Processed 11 localized package path(s) for 2 prioritized culture(s) in 0.099132 seconds
[2018.08.21-07.52.15:521][  0]LogUObjectArray: 38425 objects as part of root set at end of initial load.
[2018.08.21-07.52.15:521][  0]LogUObjectAllocator: 6690872 out of 0 bytes used by permanent object pool.
[2018.08.21-07.52.15:521][  0]LogUObjectArray: CloseDisregardForGC: 0/0 objects in disregard for GC pool
[2018.08.21-07.52.17:022][  0]LogTcpMessaging: Initializing TcpMessaging bridge
[2018.08.21-07.52.17:036][  0]LogUdpMessaging: Initializing bridge on interface 0.0.0.0:0 to multicast group 230.0.0.1:6666.
[2018.08.21-07.52.17:251][  0]SourceControl: 소스 콘트롤이 꺼졌습니다.
[2018.08.21-07.52.17:251][  0]SourceControl: 소스 콘트롤이 꺼졌습니다.
[2018.08.21-07.52.17:260][  0]SourceControl: 소스 콘트롤이 꺼졌습니다.
[2018.08.21-07.52.17:264][  0]SourceControl: 소스 콘트롤이 꺼졌습니다.
[2018.08.21-07.52.17:504][  0]LogAndroidPermission: UAndroidPermissionCallbackProxy::GetInstance
[2018.08.21-07.52.17:568][  0]LogOcInput: OculusInput pre-init called
[2018.08.21-07.52.17:643][  0]LogEngine: Initializing Engine...
[2018.08.21-07.52.17:644][  0]LogHMD: Failed to initialize OpenVR with code 110
[2018.08.21-07.52.17:645][  0]LogStats: UGameplayTagsManager::ConstructGameplayTagTree: ImportINI prefixes -  0.000 s
[2018.08.21-07.52.17:645][  0]LogStats: UGameplayTagsManager::ConstructGameplayTagTree: Construct from data asset -  0.000 s
[2018.08.21-07.52.17:645][  0]LogStats: UGameplayTagsManager::ConstructGameplayTagTree: ImportINI -  0.000 s
[2018.08.21-07.52.17:645][  0]LogStats: UGameplayTagsManager::ConstructGameplayTagTree: GameplayTagTreeChangedEvent.Broadcast -  0.000 s
[2018.08.21-07.52.17:894][  0]LogInit: Initializing FReadOnlyCVARCache
[2018.08.21-07.52.17:917][  0]LogAIModule: Creating AISystem for world Untitled
[2018.08.21-07.52.17:926][  0]LogInit: XAudio2 using '스피커/헤드폰(Realtek High Definition Audio)' : 2 channels at 48 kHz using 32 bits per sample (channel mask 0x3)
[2018.08.21-07.52.17:938][  0]LogInit: FAudioDevice initialized.
[2018.08.21-07.52.17:938][  0]LogNetVersion: Set ProjectVersion to 1.0.0.0. Version Checksum will be recalculated on next use.
[2018.08.21-07.52.18:008][  0]LogDerivedDataCache: Saved boot cache 0.07s 71MB C:/Users/park/AppData/Local/UnrealEngine/4.20/DerivedDataCache/Boot.ddc.
[2018.08.21-07.52.18:013][  0]LogInit: Texture streaming: Enabled
[2018.08.21-07.52.18:035][  0]LogEngineSessionManager: EngineSessionManager initialized
[2018.08.21-07.52.18:046][  0]LogInit: Transaction tracking system initialized
[2018.08.21-07.52.18:075][  0]BlueprintLog: New page: 에디터 로드
[2018.08.21-07.52.18:176][  0]LocalizationService: 현지화 서비스가 비활성화되었습니다.
[2018.08.21-07.52.18:475][  0]LogCook: Display: Max memory allowance for cook 16384mb min free memory 0mb
[2018.08.21-07.52.18:475][  0]LogCook: Display: Mobile HDR setting 1
[2018.08.21-07.52.18:475][  0]LogGameplayTags: Display: UGameplayTagsManager::DoneAddingNativeTags. DelegateIsBound: 0
[2018.08.21-07.52.18:476][  0]LogStats: UGameplayTagsManager::ConstructGameplayTagTree: ImportINI prefixes -  0.000 s
[2018.08.21-07.52.18:476][  0]LogStats: UGameplayTagsManager::ConstructGameplayTagTree: Construct from data asset -  0.000 s
[2018.08.21-07.52.18:476][  0]LogStats: UGameplayTagsManager::ConstructGameplayTagTree: ImportINI -  0.000 s
[2018.08.21-07.52.18:476][  0]LogStats: UGameplayTagsManager::ConstructGameplayTagTree: GameplayTagTreeChangedEvent.Broadcast -  0.000 s
[2018.08.21-07.52.18:650][  0]SourceControl: 소스 콘트롤이 꺼졌습니다.
[2018.08.21-07.52.18:650][  0]Cmd: MAP LOAD FILE="../../../../../../Users/park/Downloads/Rabbit-And-Turtle/UnrealProject/Content/Maps/Stylized_Kingdom.umap" TEMPLATE=0 SHOWPROGRESS=1 FEATURELEVEL=3
[2018.08.21-07.52.18:650][  0]LightingResults: New page: 라이팅 빌드
[2018.08.21-07.52.18:654][  0]MapCheck: New page: 맵 체크
[2018.08.21-07.52.18:654][  0]LightingResults: New page: 라이팅 빌드
[2018.08.21-07.52.19:630][  0]LogAIModule: Creating AISystem for world Stylized_Kingdom
[2018.08.21-07.52.19:732][  0]LogEditorServer: Finished looking for orphan Actors (0.000 secs)
[2018.08.21-07.52.19:753][  0]Cmd: MAP CHECKDEP NOCLEARLOG
[2018.08.21-07.52.19:832][  0]MapCheck: 맵 체크 완료: 오류 0 회, 경고 0 회, 소요 시간 78.894ms.
[2018.08.21-07.52.19:832][  0]LogFileHelpers: Loading map 'Stylized_Kingdom' took 1.182
[2018.08.21-07.52.19:931][  0]LogSlate: Updating window title bar state: overlay mode, drag disabled, window buttons hidden, title bar hidden
[2018.08.21-07.52.19:935][  0]LogSlate: Updating window title bar state: overlay mode, drag disabled, window buttons hidden, title bar hidden
[2018.08.21-07.52.19:948][  0]LogCollectionManager: Loaded 0 collections in 0.001484 seconds
[2018.08.21-07.52.19:990][  0]LogFileCache: Scanning file cache for directory 'C:/Users/park/Downloads/Rabbit-And-Turtle/UnrealProject/Saved/Collections/' took 0.01s
[2018.08.21-07.52.19:990][  0]LogFileCache: Scanning file cache for directory 'C:/Users/park/Downloads/Rabbit-And-Turtle/UnrealProject/Content/Developers/park/Collections/' took 0.01s
[2018.08.21-07.52.19:990][  0]LogFileCache: Scanning file cache for directory 'C:/Users/park/Downloads/Rabbit-And-Turtle/UnrealProject/Content/Collections/' took 0.01s
[2018.08.21-07.52.19:990][  0]LogCollectionManager: Rebuilt the GUID cache for 0 collections in 0.000000 seconds
[2018.08.21-07.52.19:999][  0]LogContentBrowser: Native class hierarchy populated in 0.0089 seconds. Added 2572 classes and 603 folders.
[2018.08.21-07.52.20:007][  0]LogContentBrowser: Native class hierarchy updated for 'WidgetCarousel' in 0.0003 seconds. Added 0 classes and 0 folders.
[2018.08.21-07.52.20:162][  0]LogContentBrowser: Native class hierarchy updated for 'AddContentDialog' in 0.0003 seconds. Added 0 classes and 0 folders.
[2018.08.21-07.52.20:168][  0]LogContentBrowser: Native class hierarchy updated for 'SceneOutliner' in 0.0003 seconds. Added 1 classes and 2 folders.
[2018.08.21-07.52.20:262][  0]LogSlate: Took 0.002537 seconds to synchronously load lazily loaded font '../../../Engine/Content/Slate/Fonts/Roboto-Regular.ttf' (155K)
[2018.08.21-07.52.20:286][  0]LogSlate: Took 0.023627 seconds to synchronously load lazily loaded font '../../../Engine/Content/Editor/Slate/Fonts/NanumGothic.ttf' (4243K)
[2018.08.21-07.52.20:301][  0]LogSlate: Took 0.014413 seconds to synchronously load lazily loaded font '../../../Engine/Content/Editor/Slate/Fonts/NanumGothicBold.ttf' (4188K)
[2018.08.21-07.52.20:302][  0]LogSlate: Took 0.000956 seconds to synchronously load lazily loaded font '../../../Engine/Content/Slate/Fonts/Roboto-Bold.ttf' (160K)
[2018.08.21-07.52.20:308][  0]LogSlate: Took 0.001718 seconds to synchronously load lazily loaded font '../../../Engine/Content/Editor/Slate/Fonts/FontAwesome.ttf' (139K)
[2018.08.21-07.52.20:398][  0]LogRenderer: Reallocating scene render targets to support 720x536 Format 10 NumSamples 1 (Frame:1).
[2018.08.21-07.52.20:473][  0]LogSlate: Took 0.002528 seconds to synchronously load lazily loaded font '../../../Engine/Content/Slate/Fonts/../../Editor/Slate/Fonts/NanumGothic.ttf' (4243K)
[2018.08.21-07.52.20:588][  0]LogContentBrowser: Native class hierarchy updated for 'HierarchicalLODOutliner' in 0.0003 seconds. Added 0 classes and 0 folders.
[2018.08.21-07.52.20:588][  0]LogLoad: (Engine Initialization) Total time: 12.88 seconds
[2018.08.21-07.52.20:588][  0]LogLoad: (Engine Initialization) Total Blueprint compile time: 0.00 seconds
[2018.08.21-07.52.20:634][  0]LogContentStreaming: Texture pool size now 3000 MB
[2018.08.21-07.52.20:694][  0]LogSlate: Took 0.002367 seconds to synchronously load lazily loaded font '../../../Engine/Content/Slate/Fonts/Roboto-Light.ttf' (167K)
[2018.08.21-07.52.20:756][  1]LogAssetRegistry: Asset discovery search completed in 6.4007 seconds
[2018.08.21-07.52.20:758][  1]LogCollectionManager: Rebuilt the object cache for 0 collections in 0.000000 seconds (found 0 objects)
[2018.08.21-07.52.20:758][  1]LogCollectionManager: Fixed up redirectors for 0 collections in 0.000056 seconds (updated 0 objects)
[2018.08.21-07.52.22:041][  5]LogSlate: Took 0.000197 seconds to synchronously load lazily loaded font '../../../Engine/Content/Slate/Fonts/Roboto-Light.ttf' (167K)
[2018.08.21-07.52.27:189][102]LogSlate: FSceneViewport::OnFocusLost() reason 0
[2018.08.21-07.52.27:382][111]LogAssetEditorManager: Opening Asset editor for Blueprint /Game/Charactor/madam/Bluprint/Madam/MadamBP.MadamBP
[2018.08.21-07.52.27:910][111]LogContentBrowser: Native class hierarchy updated for 'BlueprintGraph' in 0.0008 seconds. Added 116 classes and 0 folders.
[2018.08.21-07.52.28:666][111]LogAssetEditorManager: Opening Asset editor for AnimBlueprint /Game/Charactor/madam/Bluprint/Madam/MadamAnim.MadamAnim
[2018.08.21-07.52.28:687][111]LogContentBrowser: Native class hierarchy updated for 'SkeletonEditor' in 0.0003 seconds. Added 1 classes and 2 folders.
[2018.08.21-07.52.28:978][111]LogActorComponent: RegisterComponentWithWorld: (/Engine/Transient.World_5:PersistentLevel.AnimationEditorPreviewActor_0.DebugSkelMeshComponent_0) Already registered. Aborting.
[2018.08.21-07.52.28:981][111]LogContentBrowser: Native class hierarchy updated for 'PinnedCommandList' in 0.0003 seconds. Added 1 classes and 0 folders.
[2018.08.21-07.52.29:283][111]LogSkeletalMesh: USkeletalMeshComponent::InitArticulated : Bodies already created (/Engine/Transient.World_5:PersistentLevel.AnimationEditorPreviewActor_0.DebugSkelMeshComponent_0) - call TermArticulated first.
[2018.08.21-07.52.29:561][111]LogLinker: Warning: 애셋 이름을 해석할 수 없습니다.
[2018.08.21-07.52.29:573][111]LogAssetEditorManager: Opening Asset editor for LevelSequence /Game/Cinematic/Tutorial.Tutorial
[2018.08.21-07.52.29:702][111]LogSlate: Took 0.002107 seconds to synchronously load lazily loaded font '../../../Engine/Content/Slate/Fonts/DroidSansMono.ttf' (77K)
[2018.08.21-07.52.29:708][111]LogSlate: Took 0.001190 seconds to synchronously load lazily loaded font '../../../Engine/Content/Slate/Fonts/Roboto-BoldCondensed.ttf' (158K)
[2018.08.21-07.52.29:798][111]LogContentBrowser: Native class hierarchy updated for 'ClothingSystemEditorInterface' in 0.0003 seconds. Added 1 classes and 0 folders.
[2018.08.21-07.52.29:842][111]LogContentBrowser: Verbose: The majority of assets in the view are of type: AnimSequence
[2018.08.21-07.52.29:880][112]LogSlate: Took 0.001402 seconds to synchronously load lazily loaded font '../../../Engine/Content/Slate/Fonts/Roboto-Italic.ttf' (157K)
[2018.08.21-07.52.34:234][263]LogSlate: Window 'MadamAnim' being destroyed
[2018.08.21-07.52.39:583][495]LogSlate: FSceneViewport::OnFocusLost() reason 0
[2018.08.21-07.52.44:771][707]LogSlate: FSceneViewport::OnFocusLost() reason 0
[2018.08.21-07.52.49:882][904]LogSlate: FSceneViewport::OnFocusLost() reason 0
[2018.08.21-07.52.50:283][916]LogRenderer: Reallocating scene render targets to support 772x536 Format 10 NumSamples 1 (Frame:1502).
[2018.08.21-07.52.50:366][917]LogRenderer: Reallocating scene render targets to support 804x536 Format 10 NumSamples 1 (Frame:1506).
[2018.08.21-07.52.50:454][918]LogRenderer: Reallocating scene render targets to support 848x536 Format 10 NumSamples 1 (Frame:1510).
[2018.08.21-07.52.50:534][919]LogRenderer: Reallocating scene render targets to support 892x536 Format 10 NumSamples 1 (Frame:1514).
[2018.08.21-07.52.50:583][920]LogRenderer: Reallocating scene render targets to support 904x536 Format 10 NumSamples 1 (Frame:1517).
[2018.08.21-07.53.02:112][400]LogEditorViewport: Clicking on Actor (LMB): StaticMeshActor (SM_Tree_Type_B_105)
[2018.08.21-07.53.09:937][704]LogSlate: FSceneViewport::OnFocusLost() reason 0
[2018.08.21-07.53.16:635][976]LogSlate: FSceneViewport::OnFocusLost() reason 0
[2018.08.21-07.53.23:766][211]LogSlate: FSceneViewport::OnFocusLost() reason 0
[2018.08.21-07.53.37:190][546]LogSlate: Window 'Delete Assets' being destroyed
[2018.08.21-07.53.42:410][590]LogSlate: Window 'Delete Assets' being destroyed
[2018.08.21-07.53.49:618][852]LogEditorViewport: Clicking on Actor (LMB): StaticMeshActor (SM_Wood_Fence_5)
[2018.08.21-07.53.54:522][ 35]LogSlate: FSceneViewport::OnFocusLost() reason 0
[2018.08.21-07.54.02:516][365]LogSlate: FSceneViewport::OnFocusLost() reason 0
[2018.08.21-07.54.26:523][291]LogSlate: FSceneViewport::OnFocusLost() reason 2
[2018.08.21-07.54.55:837][576]LogSlate: FSceneViewport::OnFocusLost() reason 0
[2018.08.21-07.55.14:077][274]LogSlate: FSceneViewport::OnFocusLost() reason 0
[2018.08.21-07.55.28:140][745]LogSlate: FSceneViewport::OnFocusLost() reason 0
[2018.08.21-07.56.02:561][ 20]LogSlate: FSceneViewport::OnFocusLost() reason 0
[2018.08.21-07.56.02:851][ 32]LogRenderer: Reallocating scene render targets to support 1116x536 Format 10 NumSamples 1 (Frame:14903).
[2018.08.21-07.56.02:969][ 33]LogRenderer: Reallocating scene render targets to support 1208x536 Format 10 NumSamples 1 (Frame:14906).
[2018.08.21-07.56.04:361][ 92]LogSlate: FSceneViewport::OnFocusLost() reason 0
[2018.08.21-07.56.04:542][101]LogRenderer: Reallocating scene render targets to support 1208x540 Format 10 NumSamples 1 (Frame:14967).
[2018.08.21-07.56.04:594][102]LogRenderer: Reallocating scene render targets to support 1208x572 Format 10 NumSamples 1 (Frame:14969).
[2018.08.21-07.56.04:656][103]LogRenderer: Reallocating scene render targets to support 1208x648 Format 10 NumSamples 1 (Frame:14971).
[2018.08.21-07.56.04:726][104]LogRenderer: Reallocating scene render targets to support 1208x752 Format 10 NumSamples 1 (Frame:14973).
[2018.08.21-07.56.04:798][105]LogRenderer: Reallocating scene render targets to support 1208x860 Format 10 NumSamples 1 (Frame:14975).
[2018.08.21-07.56.04:866][106]LogRenderer: Reallocating scene render targets to support 1208x900 Format 10 NumSamples 1 (Frame:14977).
[2018.08.21-07.56.04:938][107]LogRenderer: Reallocating scene render targets to support 1208x908 Format 10 NumSamples 1 (Frame:14979).
[2018.08.21-07.56.11:233][322]LogSlate: FSceneViewport::OnFocusLost() reason 0
[2018.08.21-07.56.11:407][330]LogTemp: Repeating last play command: 선택된 뷰포트
[2018.08.21-07.56.11:419][330]LogBlueprintUserMessages: Early PlayInEditor Detection: Level '/Game/Maps/Stylized_Kingdom.Stylized_Kingdom:PersistentLevel' has LevelScriptBlueprint '/Game/Maps/Stylized_Kingdom.Stylized_Kingdom:PersistentLevel.Stylized_Kingdom' with GeneratedClass '/Game/Maps/Stylized_Kingdom.Stylized_Kingdom_C' with ClassGeneratedBy '/Game/Maps/Stylized_Kingdom.Stylized_Kingdom:PersistentLevel.Stylized_Kingdom'
[2018.08.21-07.56.11:420][330]LogPlayLevel: PlayLevel: No blueprints needed recompiling
[2018.08.21-07.56.11:432][330]PIE: New page: PIE 세션: Stylized_Kingdom (2018. 8. 22. 오전 1:56:11)
[2018.08.21-07.56.11:432][330]LogPlayLevel: Creating play world package: /Game/Maps/UEDPIE_0_Stylized_Kingdom
[2018.08.21-07.56.11:505][330]LogPlayLevel: PIE: StaticDuplicateObject took: (0.072077s)
[2018.08.21-07.56.11:505][330]LogAIModule: Creating AISystem for world Stylized_Kingdom
[2018.08.21-07.56.11:506][330]LogPlayLevel: PIE: World Init took: (0.000717s)
[2018.08.21-07.56.11:506][330]LogPlayLevel: PIE: Created PIE world by copying editor world from /Game/Maps/Stylized_Kingdom.Stylized_Kingdom to /Game/Maps/UEDPIE_0_Stylized_Kingdom.Stylized_Kingdom (0.073069s)
[2018.08.21-07.56.11:535][330]LogInit: XAudio2 using '스피커/헤드폰(Realtek High Definition Audio)' : 2 channels at 48 kHz using 32 bits per sample (channel mask 0x3)
[2018.08.21-07.56.11:545][330]LogInit: FAudioDevice initialized.
[2018.08.21-07.56.11:585][330]LogLoad: Game class is 'GameModeBase'
[2018.08.21-07.56.11:597][330]LogWorld: Bringing World /Game/Maps/UEDPIE_0_Stylized_Kingdom.Stylized_Kingdom up for play (max tick rate 60) at 2018.08.21-16.56.11
[2018.08.21-07.56.11:598][330]LogLinker: Warning: '/Game/Cinematic/Tutorial' 파일을 찾을 수 없습니다.
[2018.08.21-07.56.11:598][330]LogLinker: Warning: '/Game/Cinematic/Tutorial' 파일을 찾을 수 없습니다.
[2018.08.21-07.56.11:598][330]LogUObjectGlobals: Warning: 'Object /Game/Cinematic/Tutorial.Tutorial' 오브젝트를 찾는 데 실패했습니다.
[2018.08.21-07.56.11:599][330]LogWorld: Bringing up level for play took: 0.013246
[2018.08.21-07.56.11:618][330]LogContentBrowser: Native class hierarchy updated for 'MovieSceneCapture' in 0.0004 seconds. Added 10 classes and 0 folders.
[2018.08.21-07.56.11:620][330]PIE: /Game/Maps/UEDPIE_0_Stylized_Kingdom 에 대한 에디터에서 플레이 시작 시간: 1.037
[2018.08.21-07.56.11:620][330]LogBlueprintUserMessages: Late PlayInEditor Detection: Level '/Game/Maps/Stylized_Kingdom.Stylized_Kingdom:PersistentLevel' has LevelScriptBlueprint '/Game/Maps/Stylized_Kingdom.Stylized_Kingdom:PersistentLevel.Stylized_Kingdom' with GeneratedClass '/Game/Maps/Stylized_Kingdom.Stylized_Kingdom_C' with ClassGeneratedBy '/Game/Maps/Stylized_Kingdom.Stylized_Kingdom:PersistentLevel.Stylized_Kingdom'
[2018.08.21-07.56.13:336][408]LogBlueprintUserMessages: Early EndPlayMap Detection: Level '/Game/Maps/Stylized_Kingdom.Stylized_Kingdom:PersistentLevel' has LevelScriptBlueprint '/Game/Maps/Stylized_Kingdom.Stylized_Kingdom:PersistentLevel.Stylized_Kingdom' with GeneratedClass '/Game/Maps/Stylized_Kingdom.Stylized_Kingdom_C' with ClassGeneratedBy '/Game/Maps/Stylized_Kingdom.Stylized_Kingdom:PersistentLevel.Stylized_Kingdom'
[2018.08.21-07.56.13:336][408]LogSlate: Updating window title bar state: overlay mode, drag disabled, window buttons hidden, title bar hidden
[2018.08.21-07.56.13:373][408]LogPlayLevel: Display: Shutting down PIE online subsystems
[2018.08.21-07.56.13:373][408]LogBlueprintUserMessages: Late EndPlayMap Detection: Level '/Game/Maps/Stylized_Kingdom.Stylized_Kingdom:PersistentLevel' has LevelScriptBlueprint '/Game/Maps/Stylized_Kingdom.Stylized_Kingdom:PersistentLevel.Stylized_Kingdom' with GeneratedClass '/Game/Maps/Stylized_Kingdom.Stylized_Kingdom_C' with ClassGeneratedBy '/Game/Maps/Stylized_Kingdom.Stylized_Kingdom:PersistentLevel.Stylized_Kingdom'
[2018.08.21-07.56.13:401][408]LogSlate: Updating window title bar state: overlay mode, drag disabled, window buttons hidden, title bar hidden
[2018.08.21-07.56.13:446][411]LogPlayLevel: Display: Destroying online subsystem :Context_11
[2018.08.21-07.56.19:092][613]LogEditorViewport: Clicking on Actor (LMB): MadamBP_C (MadamBP)
[2018.08.21-07.56.25:126][806]LogSlate: FSceneViewport::OnFocusLost() reason 0
[2018.08.21-07.56.31:202][998]LogSlate: FSceneViewport::OnFocusLost() reason 0
[2018.08.21-07.56.34:486][113]LogEditorViewport: Clicking on Actor (LMB): MadamBP_C (MadamBP)
[2018.08.21-07.56.35:413][146]LogEditorViewport: Clicking on Actor (LMB): MadamBP_C (MadamBP)
[2018.08.21-07.56.36:476][182]Cmd: DELETE
[2018.08.21-07.56.36:476][182]Cmd: ACTOR DELETE
[2018.08.21-07.56.36:493][182]LogEditorActor: Deleted Actor: MadamBP_C
[2018.08.21-07.56.36:523][182]LogEditorActor: Deleted 1 Actors (0.047 secs)
[2018.08.21-07.56.37:229][209]LogEditorViewport: Clicking on Actor (LMB): Landscape (Ground)
[2018.08.21-07.56.38:082][234]LogEditorViewport: Clicking on Actor (LMB): StaticMeshActor (SM_Tree_Type_B_151)
[2018.08.21-07.56.47:288][544]LogSlate: FSceneViewport::OnFocusLost() reason 2
[2018.08.21-07.56.48:516][617]LogSlate: FSceneViewport::OnFocusLost() reason 2
[2018.08.21-07.56.51:164][775]LogSlate: FSceneViewport::OnFocusLost() reason 2
[2018.08.21-07.56.53:940][940]LogEditorViewport: Clicking on Actor (LMB): Landscape (Ground)
[2018.08.21-07.56.55:770][997]LogSlate: FSceneViewport::OnFocusLost() reason 0
[2018.08.21-07.56.58:377][  5]LogSlate: Window '콘텐츠 저장' being destroyed
[2018.08.21-07.56.58:388][  5]LogSlate: FSceneViewport::OnFocusLost() reason 2
[2018.08.21-07.56.59:405][  5]LogSavePackage: Moving '../../../../../../Users/park/Downloads/Rabbit-And-Turtle/UnrealProject/Saved/Stylized_KingdomD0F567AE4DCEF6B5AA51CCB682D8D45C.tmp' to '../../../../../../Users/park/Downloads/Rabbit-And-Turtle/UnrealProject/Content/Maps/Stylized_Kingdom.umap'
[2018.08.21-07.56.59:429][  5]LogFileHelpers: Saving map 'Stylized_Kingdom' took 1.030
[2018.08.21-07.56.59:465][  5]LogSlate: Window 'Stylized렌더링 - 언리얼 에디터' being destroyed
[2018.08.21-07.56.59:467][  5]LogWindowsTextInputMethodSystem: Display: IME system now activated using TSF (Microsoft 입력기).
[2018.08.21-07.56.59:581][  6]Cmd: QUIT_EDITOR
[2018.08.21-07.56.59:862][  6]LogExit: Preparing to exit.
[2018.08.21-07.57.00:229][  6]LogExit: Editor shut down
[2018.08.21-07.57.00:229][  6]LogExit: Transaction tracking system shut down
[2018.08.21-07.57.00:946][  6]LogExit: Object subsystem successfully closed.
[2018.08.21-07.57.00:959][  6]LogShaderCompilers: Display: Shaders left to compile 0
[2018.08.21-07.57.00:963][  6]LogD3D11RHI: Shutdown
[2018.08.21-07.57.00:963][  6]LogD3D11RHI: CleanupD3DDevice
[2018.08.21-07.57.00:965][  6]LogD3D11RHI: ~FD3D11DynamicRHI
[2018.08.21-07.57.00:984][  6]LogModuleManager: Shutting down and abandoning module MovieSceneCapture (626)
[2018.08.21-07.57.00:984][  6]LogModuleManager: Shutting down and abandoning module Voice (624)
[2018.08.21-07.57.00:984][  6]LogModuleManager: Shutting down and abandoning module ClothingSystemEditorInterface (622)
[2018.08.21-07.57.00:984][  6]LogModuleManager: Shutting down and abandoning module SequencerWidgets (620)
[2018.08.21-07.57.00:984][  6]LogModuleManager: Shutting down and abandoning module PinnedCommandList (618)
[2018.08.21-07.57.00:984][  6]LogModuleManager: Shutting down and abandoning module SkeletonEditor (616)
[2018.08.21-07.57.00:984][  6]LogModuleManager: Shutting down and abandoning module AnimationBlueprintEditor (614)
[2018.08.21-07.57.00:984][  6]LogModuleManager: Shutting down and abandoning module BlueprintGraph (612)
[2018.08.21-07.57.00:984][  6]LogModuleManager: Shutting down and abandoning module HierarchicalLODOutliner (610)
[2018.08.21-07.57.00:984][  6]LogModuleManager: Shutting down and abandoning module SceneOutliner (608)
[2018.08.21-07.57.00:985][  6]LogModuleManager: Shutting down and abandoning module AddContentDialog (606)
[2018.08.21-07.57.00:985][  6]LogModuleManager: Shutting down and abandoning module WidgetCarousel (605)
[2018.08.21-07.57.00:985][  6]LogModuleManager: Shutting down and abandoning module EditorWidgets (602)
[2018.08.21-07.57.00:985][  6]LogModuleManager: Shutting down and abandoning module CollectionManager (600)
[2018.08.21-07.57.00:985][  6]LogModuleManager: Shutting down and abandoning module StatsViewer (598)
[2018.08.21-07.57.00:985][  6]LogModuleManager: Shutting down and abandoning module FoliageEdit (596)
[2018.08.21-07.57.00:985][  6]LogModuleManager: Shutting down and abandoning module LandscapeEditor (594)
[2018.08.21-07.57.00:985][  6]LogModuleManager: Shutting down and abandoning module MeshPaintMode (592)
[2018.08.21-07.57.00:985][  6]LogModuleManager: Shutting down and abandoning module SceneDepthPickerMode (590)
[2018.08.21-07.57.00:985][  6]LogModuleManager: Shutting down and abandoning module ActorPickerMode (588)
[2018.08.21-07.57.00:985][  6]LogModuleManager: Shutting down and abandoning module GeometryMode (586)
[2018.08.21-07.57.00:985][  6]LogModuleManager: Shutting down and abandoning module TextureAlignMode (584)
[2018.08.21-07.57.00:985][  6]LogModuleManager: Shutting down and abandoning module BspMode (582)
[2018.08.21-07.57.00:985][  6]LogModuleManager: Shutting down and abandoning module PIEPreviewDeviceProfileSelector (580)
[2018.08.21-07.57.00:985][  6]LogModuleManager: Shutting down and abandoning module SequenceRecorderSections (578)
[2018.08.21-07.57.00:985][  6]LogModuleManager: Shutting down and abandoning module AutomationWorker (576)
[2018.08.21-07.57.00:985][  6]LogModuleManager: Shutting down and abandoning module AudioCaptureEditor (574)
[2018.08.21-07.57.00:985][  6]LogModuleManager: Shutting down and abandoning module SequenceRecorder (573)
[2018.08.21-07.57.00:985][  6]LogModuleManager: Shutting down and abandoning module MatineeToLevelSequence (570)
[2018.08.21-07.57.00:985][  6]LogModuleManager: Shutting down and abandoning module LevelSequenceEditor (568)
[2018.08.21-07.57.00:985][  6]LogModuleManager: Shutting down and abandoning module PlacementMode (567)
[2018.08.21-07.57.00:985][  6]LogModuleManager: Shutting down and abandoning module MaterialEditor (566)
[2018.08.21-07.57.00:985][  6]LogModuleManager: Shutting down and abandoning module WmfMediaFactory (562)
[2018.08.21-07.57.00:985][  6]LogModuleManager: Shutting down and abandoning module WmfMediaEditor (560)
[2018.08.21-07.57.00:985][  6]LogModuleManager: Shutting down and abandoning module MediaPlayerEditor (558)
[2018.08.21-07.57.00:986][  6]LogModuleManager: Shutting down and abandoning module OpenExrWrapper (556)
[2018.08.21-07.57.00:986][  6]LogModuleManager: Shutting down and abandoning module ImgMediaFactory (554)
[2018.08.21-07.57.00:986][  6]LogModuleManager: Shutting down and abandoning module ImgMediaEditor (552)
[2018.08.21-07.57.00:986][  6]LogModuleManager: Shutting down and abandoning module AvfMediaFactory (550)
[2018.08.21-07.57.00:986][  6]LogModuleManager: Shutting down and abandoning module AvfMediaEditor (548)
[2018.08.21-07.57.00:986][  6]LogModuleManager: Shutting down and abandoning module AndroidMediaFactory (546)
[2018.08.21-07.57.00:986][  6]LogModuleManager: Shutting down and abandoning module AndroidMediaEditor (544)
[2018.08.21-07.57.00:986][  6]LogModuleManager: Shutting down and abandoning module MagicLeapCameraPreviewFactory (542)
[2018.08.21-07.57.00:986][  6]LogModuleManager: Shutting down and abandoning module MagicLeapMediaFactory (540)
[2018.08.21-07.57.00:986][  6]LogModuleManager: Shutting down and abandoning module MagicLeapMediaEditor (538)
[2018.08.21-07.57.00:986][  6]LogModuleManager: Shutting down and abandoning module CharacterAI (536)
[2018.08.21-07.57.00:986][  6]LogModuleManager: Shutting down and abandoning module SmartSnapping (534)
[2018.08.21-07.57.00:986][  6]LogModuleManager: Shutting down and abandoning module SessionServices (532)
[2018.08.21-07.57.00:986][  6]LogModuleManager: Shutting down and abandoning module ViewportSnapping (530)
[2018.08.21-07.57.00:986][  6]LogModuleManager: Shutting down and abandoning module ViewportInteraction (528)
[2018.08.21-07.57.00:986][  6]LogModuleManager: Shutting down and abandoning module ClothPainter (526)
[2018.08.21-07.57.00:986][  6]LogModuleManager: Shutting down and abandoning module SkeletalMeshEditor (525)
[2018.08.21-07.57.00:986][  6]LogModuleManager: Shutting down and abandoning module LogVisualizer (522)
[2018.08.21-07.57.00:986][  6]LogModuleManager: Shutting down and abandoning module IntroTutorials (520)
[2018.08.21-07.57.00:986][  6]LogModuleManager: Shutting down and abandoning module GameProjectGeneration (519)
[2018.08.21-07.57.00:986][  6]LogModuleManager: Shutting down and abandoning module LuminPlatformEditor (516)
[2018.08.21-07.57.00:986][  6]LogModuleManager: Shutting down and abandoning module IOSPlatformEditor (514)
[2018.08.21-07.57.00:986][  6]LogModuleManager: Shutting down and abandoning module HTML5PlatformEditor (512)
[2018.08.21-07.57.00:986][  6]LogModuleManager: Shutting down and abandoning module AndroidPlatformEditor (510)
[2018.08.21-07.57.00:986][  6]LogModuleManager: Shutting down and abandoning module AndroidDeviceDetection (509)
[2018.08.21-07.57.01:327][  6]LogModuleManager: Shutting down and abandoning module WindowsPlatformEditor (506)
[2018.08.21-07.57.01:328][  6]LogModuleManager: Shutting down and abandoning module LuminRuntimeSettings (504)
[2018.08.21-07.57.01:328][  6]LogModuleManager: Shutting down and abandoning module IOSRuntimeSettings (502)
[2018.08.21-07.57.01:328][  6]LogModuleManager: Shutting down and abandoning module AndroidRuntimeSettings (500)
[2018.08.21-07.57.01:328][  6]LogModuleManager: Shutting down and abandoning module InputBindingEditor (498)
[2018.08.21-07.57.01:328][  6]LogModuleManager: Shutting down and abandoning module MergeActors (496)
[2018.08.21-07.57.01:328][  6]LogModuleManager: Shutting down and abandoning module LocalizationDashboard (494)
[2018.08.21-07.57.01:328][  6]LogModuleManager: Shutting down and abandoning module LocalizationService (493)
[2018.08.21-07.57.01:328][  6]LogModuleManager: Shutting down and abandoning module HardwareTargeting (490)
[2018.08.21-07.57.01:328][  6]LogModuleManager: Shutting down and abandoning module DeviceProfileEditor (488)
[2018.08.21-07.57.01:328][  6]LogModuleManager: Shutting down and abandoning module UndoHistory (486)
[2018.08.21-07.57.01:328][  6]LogModuleManager: Shutting down and abandoning module XmlParser (484)
[2018.08.21-07.57.01:328][  6]LogModuleManager: Shutting down and abandoning module Blutility (482)
[2018.08.21-07.57.01:328][  6]LogModuleManager: Shutting down and abandoning module ProjectSettingsViewer (480)
[2018.08.21-07.57.01:328][  6]LogModuleManager: Shutting down and abandoning module ProjectTargetPlatformEditor (479)
[2018.08.21-07.57.01:328][  6]LogModuleManager: Shutting down and abandoning module EditorSettingsViewer (476)
[2018.08.21-07.57.01:328][  6]LogModuleManager: Shutting down and abandoning module SettingsEditor (474)
[2018.08.21-07.57.01:328][  6]LogModuleManager: Shutting down and abandoning module ProjectLauncher (472)
[2018.08.21-07.57.01:328][  6]LogModuleManager: Shutting down and abandoning module SessionFrontend (470)
[2018.08.21-07.57.01:328][  6]LogModuleManager: Shutting down and abandoning module ProfilerClient (468)
[2018.08.21-07.57.01:328][  6]LogModuleManager: Shutting down and abandoning module DeviceManager (466)
[2018.08.21-07.57.01:328][  6]LogModuleManager: Shutting down and abandoning module TargetDeviceServices (465)
[2018.08.21-07.57.01:382][  6]LogModuleManager: Shutting down and abandoning module AutomationController (462)
[2018.08.21-07.57.01:382][  6]LogModuleManager: Shutting down and abandoning module AutomationWindow (460)
[2018.08.21-07.57.01:382][  6]LogModuleManager: Shutting down and abandoning module Layers (458)
[2018.08.21-07.57.01:382][  6]LogModuleManager: Shutting down and abandoning module ComponentVisualizers (456)
[2018.08.21-07.57.01:382][  6]LogModuleManager: Shutting down and abandoning module DetailCustomizations (454)
[2018.08.21-07.57.01:382][  6]LogModuleManager: Shutting down and abandoning module PackagesDialog (452)
[2018.08.21-07.57.01:382][  6]LogModuleManager: Shutting down and abandoning module Persona (450)
[2018.08.21-07.57.01:382][  6]LogModuleManager: Shutting down and abandoning module AdvancedPreviewScene (449)
[2018.08.21-07.57.01:382][  6]LogModuleManager: Shutting down and abandoning module AnimGraph (447)
[2018.08.21-07.57.01:382][  6]LogModuleManager: Shutting down and abandoning module Kismet (444)
[2018.08.21-07.57.01:387][  6]LogModuleManager: Shutting down and abandoning module GraphEditor (442)
[2018.08.21-07.57.01:387][  6]LogModuleManager: Shutting down and abandoning module ClassViewer (440)
[2018.08.21-07.57.01:388][  6]LogModuleManager: Shutting down and abandoning module Toolbox (438)
[2018.08.21-07.57.01:388][  6]LogModuleManager: Shutting down and abandoning module ModuleUI (436)
[2018.08.21-07.57.01:388][  6]LogModuleManager: Shutting down and abandoning module MovieSceneTools (434)
[2018.08.21-07.57.01:388][  6]LogModuleManager: Shutting down and abandoning module OutputLog (432)
[2018.08.21-07.57.01:388][  6]LogModuleManager: Shutting down and abandoning module GammaUI (430)
[2018.08.21-07.57.01:388][  6]LogModuleManager: Shutting down and abandoning module Documentation (428)
[2018.08.21-07.57.01:388][  6]LogModuleManager: Shutting down and abandoning module MovieSceneTracks (426)
[2018.08.21-07.57.01:388][  6]LogModuleManager: Shutting down and abandoning module MovieScene (424)
[2018.08.21-07.57.01:388][  6]LogModuleManager: Shutting down and abandoning module StreamingPauseRendering (422)
[2018.08.21-07.57.01:388][  6]LogModuleManager: Shutting down and abandoning module LauncherPlatform (420)
[2018.08.21-07.57.01:388][  6]LogModuleManager: Shutting down and abandoning module AnalyticsET (418)
[2018.08.21-07.57.01:388][  6]LogModuleManager: Shutting down and abandoning module PortalServices (416)
[2018.08.21-07.57.01:388][  6]LogModuleManager: Shutting down and abandoning module PortalRpc (414)
[2018.08.21-07.57.01:388][  6]LogModuleManager: Shutting down and abandoning module MessagingRpc (412)
[2018.08.21-07.57.01:388][  6]LogModuleManager: Shutting down and abandoning module AIModule (410)
[2018.08.21-07.57.01:388][  6]LogModuleManager: Shutting down and abandoning module GameplayDebugger (409)
[2018.08.21-07.57.01:388][  6]LogModuleManager: Shutting down and abandoning module AITestSuite (407)
[2018.08.21-07.57.01:388][  6]LogModuleManager: Shutting down and abandoning module NavigationSystem (405)
[2018.08.21-07.57.01:388][  6]LogModuleManager: Shutting down and abandoning module DesktopPlatform (402)
[2018.08.21-07.57.01:388][  6]LogModuleManager: Shutting down and abandoning module ProfilerService (400)
[2018.08.21-07.57.01:508][  6]LogModuleManager: Shutting down and abandoning module TaskGraph (398)
[2018.08.21-07.57.01:508][  6]LogModuleManager: Shutting down and abandoning module SteamVRController (396)
[2018.08.21-07.57.01:508][  6]LogModuleManager: Shutting down and abandoning module ProceduralMeshComponentEditor (394)
[2018.08.21-07.57.01:508][  6]LogModuleManager: Shutting down and abandoning module ProceduralMeshComponent (392)
[2018.08.21-07.57.01:508][  6]LogModuleManager: Shutting down and abandoning module OculusInput (390)
[2018.08.21-07.57.01:509][  6]LogModuleManager: Shutting down and abandoning module MobilePatchingUtils (388)
[2018.08.21-07.57.01:509][  6]LogModuleManager: Shutting down and abandoning module EditableMesh (386)
[2018.08.21-07.57.01:509][  6]LogModuleManager: Shutting down and abandoning module CustomMeshComponent (384)
[2018.08.21-07.57.01:509][  6]LogModuleManager: Shutting down and abandoning module CableComponent (382)
[2018.08.21-07.57.01:509][  6]LogModuleManager: Shutting down and abandoning module AudioCapture (380)
[2018.08.21-07.57.01:509][  6]LogModuleManager: Shutting down and abandoning module ArchVisCharacter (378)
[2018.08.21-07.57.01:509][  6]LogModuleManager: Shutting down and abandoning module AndroidPermission (376)
[2018.08.21-07.57.01:509][  6]LogModuleManager: Shutting down and abandoning module NUTUnrealEngine4 (374)
[2018.08.21-07.57.01:509][  6]LogModuleManager: Shutting down and abandoning module NetcodeUnitTest (372)
[2018.08.21-07.57.01:509][  6]LogModuleManager: Shutting down and abandoning module MediaCompositingEditor (370)
[2018.08.21-07.57.01:509][  6]LogModuleManager: Shutting down and abandoning module MediaCompositing (368)
[2018.08.21-07.57.01:509][  6]LogModuleManager: Shutting down and abandoning module LinearTimecode (366)
[2018.08.21-07.57.01:509][  6]LogModuleManager: Shutting down and abandoning module ImgMedia (364)
[2018.08.21-07.57.01:511][  6]LogModuleManager: Shutting down and abandoning module HTML5Networking (362)
[2018.08.21-07.57.01:511][  6]LogModuleManager: Shutting down and abandoning module GeometryCacheTracks (360)
[2018.08.21-07.57.01:511][  6]LogModuleManager: Shutting down and abandoning module GeometryCacheSequencer (358)
[2018.08.21-07.57.01:511][  6]LogModuleManager: Shutting down and abandoning module BackChannel (356)
[2018.08.21-07.57.01:511][  6]LogModuleManager: Shutting down and abandoning module AppleVision (354)
[2018.08.21-07.57.01:511][  6]LogModuleManager: Shutting down and abandoning module AppleImageUtils (352)
[2018.08.21-07.57.01:511][  6]LogModuleManager: Shutting down and abandoning module AlembicImporter (350)
[2018.08.21-07.57.01:511][  6]LogModuleManager: Shutting down and abandoning module AlembicLibrary (349)
[2018.08.21-07.57.01:511][  6]LogModuleManager: Shutting down and abandoning module GeometryCache (348)
[2018.08.21-07.57.01:511][  6]LogModuleManager: Shutting down and abandoning module GeometryCacheEd (347)
[2018.08.21-07.57.01:511][  6]LogModuleManager: Shutting down and abandoning module DatasmithContentEditor (342)
[2018.08.21-07.57.01:511][  6]LogModuleManager: Shutting down and abandoning module DatasmithContent (340)
[2018.08.21-07.57.01:512][  6]LogModuleManager: Shutting down and abandoning module SpeedTreeImporter (338)
[2018.08.21-07.57.01:512][  6]LogModuleManager: Shutting down and abandoning module PluginBrowser (336)
[2018.08.21-07.57.01:512][  6]LogModuleManager: Shutting down and abandoning module MobileLauncherProfileWizard (334)
[2018.08.21-07.57.01:512][  6]LogModuleManager: Shutting down and abandoning module PolygonModeling (332)
[2018.08.21-07.57.01:512][  6]LogModuleManager: Shutting down and abandoning module MeshEditor (330)
[2018.08.21-07.57.01:512][  6]LogModuleManager: Shutting down and abandoning module CryptoKeysOpenSSL (328)
[2018.08.21-07.57.01:512][  6]LogModuleManager: Shutting down and abandoning module CryptoKeys (326)
[2018.08.21-07.57.01:512][  6]LogModuleManager: Shutting down and abandoning module VisualStudioSourceCodeAccess (324)
[2018.08.21-07.57.01:512][  6]LogModuleManager: Shutting down and abandoning module VisualStudioCodeSourceCodeAccess (322)
[2018.08.21-07.57.01:512][  6]LogModuleManager: Shutting down and abandoning module UObjectPlugin (320)
[2018.08.21-07.57.01:512][  6]LogModuleManager: Shutting down and abandoning module SubversionSourceControl (318)
[2018.08.21-07.57.01:512][  6]LogModuleManager: Shutting down and abandoning module PerforceSourceControl (316)
[2018.08.21-07.57.01:512][  6]LogModuleManager: Shutting down and abandoning module GitSourceControl (314)
[2018.08.21-07.57.01:512][  6]LogModuleManager: Shutting down and abandoning module SourceControl (313)
[2018.08.21-07.57.01:512][  6]LogModuleManager: Shutting down and abandoning module CLionSourceCodeAccess (310)
[2018.08.21-07.57.01:512][  6]LogModuleManager: Shutting down and abandoning module LightPropagationVolumeEditor (308)
[2018.08.21-07.57.01:512][  6]LogModuleManager: Shutting down and abandoning module PaperTiledImporter (306)
[2018.08.21-07.57.01:512][  6]LogModuleManager: Shutting down and abandoning module PaperSpriteSheetImporter (304)
[2018.08.21-07.57.01:512][  6]LogModuleManager: Shutting down and abandoning module Paper2DEditor (302)
[2018.08.21-07.57.01:512][  6]LogModuleManager: Shutting down and abandoning module MeshPaint (301)
[2018.08.21-07.57.01:513][  6]LogModuleManager: Shutting down and abandoning module RuntimePhysXCooking (298)
[2018.08.21-07.57.01:513][  6]LogModuleManager: Shutting down and abandoning module PhysXVehiclesEditor (296)
[2018.08.21-07.57.01:513][  6]LogModuleManager: Shutting down and abandoning module PhysXVehicles (294)
[2018.08.21-07.57.01:513][  6]LogModuleManager: Shutting down and abandoning module OculusEditor (292)
[2018.08.21-07.57.01:513][  6]LogModuleManager: Shutting down and abandoning module LocationServicesBPLibrary (290)
[2018.08.21-07.57.01:513][  6]LogModuleManager: Shutting down and abandoning module ImmediatePhysicsEditor (288)
[2018.08.21-07.57.01:513][  6]LogModuleManager: Shutting down and abandoning module ImmediatePhysics (286)
[2018.08.21-07.57.01:513][  6]LogModuleManager: Shutting down and abandoning module ActorSequence (284)
[2018.08.21-07.57.01:513][  6]LogModuleManager: Shutting down and abandoning module UdpMessaging (282)
[2018.08.21-07.57.01:614][  6]LogModuleManager: Shutting down and abandoning module TcpMessaging (280)
[2018.08.21-07.57.01:714][  6]LogModuleManager: Shutting down and abandoning module MagicLeapAudio (278)
[2018.08.21-07.57.01:714][  6]LogModuleManager: Shutting down and abandoning module GameplayTagsEditor (276)
[2018.08.21-07.57.01:714][  6]LogModuleManager: Shutting down and abandoning module FacialAnimationEditor (274)
[2018.08.21-07.57.01:714][  6]LogModuleManager: Shutting down and abandoning module FacialAnimation (272)
[2018.08.21-07.57.01:714][  6]LogModuleManager: Shutting down and abandoning module DataValidation (270)
[2018.08.21-07.57.01:714][  6]LogModuleManager: Shutting down and abandoning module AssetManagerEditor (268)
[2018.08.21-07.57.01:714][  6]LogModuleManager: Shutting down and abandoning module LevelEditor (267)
[2018.08.21-07.57.01:715][  6]LogModuleManager: Shutting down and abandoning module PixelInspectorModule (266)
[2018.08.21-07.57.01:715][  6]LogModuleManager: Shutting down and abandoning module CommonMenuExtensions (264)
[2018.08.21-07.57.01:715][  6]LogModuleManager: Shutting down and abandoning module MainFrame (262)
[2018.08.21-07.57.01:715][  6]LogModuleManager: Shutting down and abandoning module HotReload (261)
[2018.08.21-07.57.01:715][  6]LogModuleManager: Shutting down and abandoning module ContentBrowser (257)
[2018.08.21-07.57.01:716][  6]LogModuleManager: Shutting down and abandoning module TreeMap (255)
[2018.08.21-07.57.01:716][  6]LogModuleManager: Shutting down and abandoning module LightPropagationVolumeRuntime (252)
[2018.08.21-07.57.01:716][  6]LogModuleManager: Shutting down and abandoning module AISupportModule (250)
[2018.08.21-07.57.01:716][  6]LogModuleManager: Shutting down and abandoning module Paper2D (248)
[2018.08.21-07.57.01:716][  6]LogModuleManager: Shutting down and abandoning module WindowsMoviePlayer (246)
[2018.08.21-07.57.01:716][  6]LogModuleManager: Shutting down and abandoning module WmfMedia (244)
[2018.08.21-07.57.01:716][  6]LogModuleManager: Shutting down and abandoning module Media (243)
[2018.08.21-07.57.01:722][  6]LogModuleManager: Shutting down and abandoning module PacketHandler (240)
[2018.08.21-07.57.01:722][  6]LogModuleManager: Shutting down and abandoning module ClothingSystemEditor (238)
[2018.08.21-07.57.01:722][  6]LogModuleManager: Shutting down and abandoning module ClothingSystemRuntime (236)
[2018.08.21-07.57.01:722][  6]LogModuleManager: Shutting down and abandoning module MediaAssets (234)
[2018.08.21-07.57.01:722][  6]LogModuleManager: Shutting down and abandoning module Overlay (232)
[2018.08.21-07.57.01:722][  6]LogModuleManager: Shutting down and abandoning module OverlayEditor (231)
[2018.08.21-07.57.01:722][  6]LogModuleManager: Shutting down and abandoning module VREditor (228)
[2018.08.21-07.57.01:722][  6]LogModuleManager: Shutting down and abandoning module StringTableEditor (226)
[2018.08.21-07.57.01:723][  6]LogModuleManager: Shutting down and abandoning module GameplayTasksEditor (224)
[2018.08.21-07.57.01:723][  6]LogModuleManager: Shutting down and abandoning module BehaviorTreeEditor (222)
[2018.08.21-07.57.01:723][  6]LogModuleManager: Shutting down and abandoning module FunctionalTesting (220)
[2018.08.21-07.57.01:723][  6]LogModuleManager: Shutting down and abandoning module CollisionAnalyzer (218)
[2018.08.21-07.57.01:723][  6]LogModuleManager: Shutting down and abandoning module WorkspaceMenuStructure (217)
[2018.08.21-07.57.01:723][  6]LogModuleManager: Shutting down and abandoning module UMG (214)
[2018.08.21-07.57.01:723][  6]LogModuleManager: Shutting down and abandoning module UMGEditor (213)
[2018.08.21-07.57.01:723][  6]LogModuleManager: Shutting down and abandoning module Sequencer (212)
[2018.08.21-07.57.01:723][  6]LogModuleManager: Shutting down and abandoning module MessageLog (209)
[2018.08.21-07.57.01:723][  6]LogModuleManager: Shutting down and abandoning module SlateReflector (204)
[2018.08.21-07.57.01:723][  6]LogModuleManager: Shutting down and abandoning module Slate (202)
[2018.08.21-07.57.01:723][  6]LogModuleManager: Shutting down and abandoning module EditorStyle (200)
[2018.08.21-07.57.01:724][  6]LogModuleManager: Shutting down and abandoning module MRMesh (198)
[2018.08.21-07.57.01:724][  6]LogModuleManager: Shutting down and abandoning module SourceCodeAccess (196)
[2018.08.21-07.57.01:724][  6]LogModuleManager: Shutting down and abandoning module HeadMountedDisplay (194)
[2018.08.21-07.57.01:724][  6]LogModuleManager: Shutting down and abandoning module XAudio2 (192)
[2018.08.21-07.57.01:724][  6]LogModuleManager: Shutting down and abandoning module Networking (190)
[2018.08.21-07.57.01:724][  6]LogModuleManager: Shutting down and abandoning module Core (188)
[2018.08.21-07.57.01:724][  6]LogModuleManager: Shutting down and abandoning module LevelSequence (186)
[2018.08.21-07.57.01:724][  6]LogModuleManager: Shutting down and abandoning module KismetCompiler (184)
[2018.08.21-07.57.01:724][  6]LogModuleManager: Shutting down and abandoning module MeshUtilities (182)
[2018.08.21-07.57.01:724][  6]LogModuleManager: Shutting down and abandoning module MeshMergeUtilities (181)
[2018.08.21-07.57.01:724][  6]LogModuleManager: Shutting down and abandoning module MeshReductionInterface (180)
[2018.08.21-07.57.01:724][  6]LogModuleManager: Shutting down and abandoning module SimplygonSwarm (179)
[2018.08.21-07.57.01:725][  6]LogModuleManager: Shutting down and abandoning module ProxyLODMeshReduction (177)
[2018.08.21-07.57.01:725][  6]LogModuleManager: Shutting down and abandoning module SimplygonMeshReduction (175)
[2018.08.21-07.57.01:725][  6]LogModuleManager: Shutting down and abandoning module QuadricMeshReduction (173)
[2018.08.21-07.57.01:725][  6]LogModuleManager: Shutting down and abandoning module MaterialBaking (169)
[2018.08.21-07.57.01:725][  6]LogModuleManager: Shutting down and abandoning module DirectoryWatcher (165)
[2018.08.21-07.57.01:725][  6]LogModuleManager: Shutting down and abandoning module DerivedDataCache (162)
[2018.08.21-07.57.01:767][  6]LogDerivedDataCache: Shutdown
[2018.08.21-07.57.01:767][  6]LogModuleManager: Shutting down and abandoning module XGEController (160)
[2018.08.21-07.57.01:767][  6]LogXGEController: Cleaning working directory: C:/Users/park/AppData/Local/Temp/UnrealXGEWorkingDir/
[2018.08.21-07.57.01:768][  6]LogModuleManager: Shutting down and abandoning module TargetPlatform (158)
[2018.08.21-07.57.01:768][  6]LogModuleManager: Shutting down and abandoning module VulkanShaderFormat (157)
[2018.08.21-07.57.01:768][  6]LogModuleManager: Shutting down and abandoning module ShaderFormatVectorVM (155)
[2018.08.21-07.57.01:768][  6]LogModuleManager: Shutting down and abandoning module ShaderFormatOpenGL (153)
[2018.08.21-07.57.01:768][  6]LogModuleManager: Shutting down and abandoning module ShaderFormatD3D (151)
[2018.08.21-07.57.01:768][  6]LogModuleManager: Shutting down and abandoning module MetalShaderFormat (149)
[2018.08.21-07.57.01:768][  6]LogModuleManager: Shutting down and abandoning module TextureFormatUncompressed (147)
[2018.08.21-07.57.01:768][  6]LogModuleManager: Shutting down and abandoning module TextureFormatPVR (145)
[2018.08.21-07.57.01:768][  6]LogModuleManager: Shutting down and abandoning module TextureFormatDXT (143)
[2018.08.21-07.57.01:768][  6]LogModuleManager: Shutting down and abandoning module TextureFormatIntelISPCTexComp (141)
[2018.08.21-07.57.01:768][  6]LogModuleManager: Shutting down and abandoning module TextureFormatASTC (139)
[2018.08.21-07.57.01:768][  6]LogModuleManager: Shutting down and abandoning module ImageWrapper (138)
[2018.08.21-07.57.01:768][  6]LogModuleManager: Shutting down and abandoning module TextureFormatAndroid (135)
[2018.08.21-07.57.01:768][  6]LogModuleManager: Shutting down and abandoning module AudioFormatOpus (133)
[2018.08.21-07.57.01:768][  6]LogModuleManager: Shutting down and abandoning module AudioFormatOgg (131)
[2018.08.21-07.57.01:768][  6]LogModuleManager: Shutting down and abandoning module AudioFormatADPCM (129)
[2018.08.21-07.57.01:768][  6]LogModuleManager: Shutting down and abandoning module LuminTargetPlatform (127)
[2018.08.21-07.57.01:768][  6]LogModuleManager: Shutting down and abandoning module LinuxTargetPlatform (125)
[2018.08.21-07.57.01:768][  6]LogModuleManager: Shutting down and abandoning module LinuxServerTargetPlatform (123)
[2018.08.21-07.57.01:768][  6]LogModuleManager: Shutting down and abandoning module LinuxNoEditorTargetPlatform (121)
[2018.08.21-07.57.01:768][  6]LogModuleManager: Shutting down and abandoning module LinuxClientTargetPlatform (119)
[2018.08.21-07.57.01:768][  6]LogModuleManager: Shutting down and abandoning module TVOSTargetPlatform (117)
[2018.08.21-07.57.01:769][  6]LogModuleManager: Shutting down and abandoning module Messaging (115)
[2018.08.21-07.57.01:769][  6]LogModuleManager: Shutting down and abandoning module IOSTargetPlatform (113)
[2018.08.21-07.57.01:769][  6]LogModuleManager: Shutting down and abandoning module HTML5TargetPlatform (111)
[2018.08.21-07.57.01:769][  6]LogModuleManager: Shutting down and abandoning module AndroidTargetPlatform (109)
[2018.08.21-07.57.01:775][  6]LogModuleManager: Shutting down and abandoning module WindowsTargetPlatform (107)
[2018.08.21-07.57.01:775][  6]LogModuleManager: Shutting down and abandoning module WindowsServerTargetPlatform (105)
[2018.08.21-07.57.01:775][  6]LogModuleManager: Shutting down and abandoning module WindowsNoEditorTargetPlatform (103)
[2018.08.21-07.57.01:775][  6]LogModuleManager: Shutting down and abandoning module WindowsClientTargetPlatform (101)
[2018.08.21-07.57.01:775][  6]LogModuleManager: Shutting down and abandoning module MacTargetPlatform (99)
[2018.08.21-07.57.01:775][  6]LogModuleManager: Shutting down and abandoning module MacServerTargetPlatform (97)
[2018.08.21-07.57.01:775][  6]LogModuleManager: Shutting down and abandoning module MacNoEditorTargetPlatform (95)
[2018.08.21-07.57.01:775][  6]LogModuleManager: Shutting down and abandoning module MacClientTargetPlatform (93)
[2018.08.21-07.57.01:775][  6]LogModuleManager: Shutting down and abandoning module AllDesktopTargetPlatform (91)
[2018.08.21-07.57.01:775][  6]LogModuleManager: Shutting down and abandoning module InputCore (88)
[2018.08.21-07.57.01:775][  6]LogModuleManager: Shutting down and abandoning module Settings (86)
[2018.08.21-07.57.01:775][  6]LogModuleManager: Shutting down and abandoning module PhysXCooking (84)
[2018.08.21-07.57.01:775][  6]LogModuleManager: Shutting down and abandoning module SteamVR (82)
[2018.08.21-07.57.01:775][  6]LogModuleManager: Shutting down and abandoning module OculusHMD (80)
[2018.08.21-07.57.01:775][  6]LogModuleManager: Shutting down and abandoning module ExampleDeviceProfileSelector (78)
[2018.08.21-07.57.01:775][  6]LogModuleManager: Shutting down and abandoning module LauncherChunkInstaller (76)
[2018.08.21-07.57.01:775][  6]LogModuleManager: Shutting down and abandoning module OnlineBlueprintSupport (74)
[2018.08.21-07.57.01:775][  6]LogModuleManager: Shutting down and abandoning module OnlineSubsystem (70)
[2018.08.21-07.57.01:776][  6]LogModuleManager: Shutting down and abandoning module XMPP (65)
[2018.08.21-07.57.01:776][  6]LogModuleManager: Shutting down and abandoning module WebSockets (64)
[2018.08.21-07.57.01:804][  6]LogModuleManager: Shutting down and abandoning module HTTP (61)
[2018.08.21-07.57.01:804][  6]LogHttp: Display: Http module shutting down, but needs to wait on 1 outstanding Http requests:
[2018.08.21-07.57.01:804][  6]LogHttp: Display: 	verb=[POST] url=[https://datarouter.ol.epicgames.com/datarouter/api/v1/public/data?SessionID=%7B502A8F10-42D3-6AE5-85B2-C7ABB8C8B841%7D&AppID=UEEditor.Rocket.Release&AppVersion=4.20.0-4212847%2B%2B%2BUE4%2BRelease-4.20&UserID=56c549ac4acda571283a3e81e3471cbc%7C990a0a132fbd4155b40cc2b9c96868a7%7Cccc5c2af-d5f1-4c64-8ff5-fc6268debc8c&AppEnvironment=datacollector-binary&UploadType=eteventstream] status=Processing
[2018.08.21-07.57.01:811][  6]LogModuleManager: Shutting down and abandoning module SSL (60)
[2018.08.21-07.57.01:812][  6]LogModuleManager: Shutting down and abandoning module MagicLeapEmulator (56)
[2018.08.21-07.57.01:812][  6]LogModuleManager: Shutting down and abandoning module MagicLeapPrivileges (54)
[2018.08.21-07.57.01:812][  6]LogModuleManager: Shutting down and abandoning module MagicLeapIdentity (52)
[2018.08.21-07.57.01:812][  6]LogModuleManager: Shutting down and abandoning module MagicLeapHelperVulkan (50)
[2018.08.21-07.57.01:812][  6]LogModuleManager: Shutting down and abandoning module MagicLeapHelperOpenGL (48)
[2018.08.21-07.57.01:812][  6]LogModuleManager: Shutting down and abandoning module MagicLeapSecureStorage (46)
[2018.08.21-07.57.01:812][  6]LogModuleManager: Shutting down and abandoning module MagicLeapGestures (44)
[2018.08.21-07.57.01:812][  6]LogModuleManager: Shutting down and abandoning module MagicLeapEyeTracker (42)
[2018.08.21-07.57.01:812][  6]LogModuleManager: Shutting down and abandoning module MagicLeapController (40)
[2018.08.21-07.57.01:812][  6]LogSlate: Slate User Destroyed.  User Index 0, Is Virtual User: 0
[2018.08.21-07.57.01:812][  6]LogModuleManager: Shutting down and abandoning module MagicLeap (38)
[2018.08.21-07.57.01:812][  6]LogModuleManager: Shutting down and abandoning module AnimationModifiers (36)
[2018.08.21-07.57.01:812][  6]LogModuleManager: Shutting down and abandoning module PropertyEditor (35)
[2018.08.21-07.57.01:812][  6]LogModuleManager: Shutting down and abandoning module AudioEditor (32)
[2018.08.21-07.57.01:812][  6]LogModuleManager: Shutting down and abandoning module TextureCompressor (30)
[2018.08.21-07.57.01:812][  6]LogModuleManager: Shutting down and abandoning module ShaderCore (28)
[2018.08.21-07.57.01:812][  6]LogModuleManager: Shutting down and abandoning module Landscape (26)
[2018.08.21-07.57.01:812][  6]LogModuleManager: Shutting down and abandoning module SlateRHIRenderer (24)
[2018.08.21-07.57.01:814][  6]LogModuleManager: Shutting down and abandoning module OpenGLDrv (22)
[2018.08.21-07.57.01:814][  6]LogModuleManager: Shutting down and abandoning module D3D11RHI (20)
[2018.08.21-07.57.01:814][  6]LogModuleManager: Shutting down and abandoning module AnimGraphRuntime (18)
[2018.08.21-07.57.01:814][  6]LogModuleManager: Shutting down and abandoning module Renderer (16)
[2018.08.21-07.57.01:814][  6]LogModuleManager: Shutting down and abandoning module Engine (14)
[2018.08.21-07.57.01:814][  6]LogModuleManager: Shutting down and abandoning module CoreUObject (12)
[2018.08.21-07.57.01:814][  6]LogModuleManager: Shutting down and abandoning module NetworkFile (10)
[2018.08.21-07.57.01:814][  6]LogModuleManager: Shutting down and abandoning module CookedIterativeFile (8)
[2018.08.21-07.57.01:814][  6]LogModuleManager: Shutting down and abandoning module StreamingFile (6)
[2018.08.21-07.57.01:814][  6]LogModuleManager: Shutting down and abandoning module SandboxFile (4)
[2018.08.21-07.57.01:814][  6]LogModuleManager: Shutting down and abandoning module PakFile (2)
[2018.08.21-07.57.01:816][  6]LogExit: Exiting.
[2018.08.21-07.57.01:818][  6]Log file closed, 08/21/18 16:57:01
