Log file open, 08/26/18 14:46:48
LogWindows: Failed to load 'aqProf.dll' (GetLastError=126)
LogWindows: File 'aqProf.dll' does not exist
LogWindows: Failed to load 'VtuneApi.dll' (GetLastError=126)
LogWindows: File 'VtuneApi.dll' does not exist
LogWindows: Failed to load 'VtuneApi32e.dll' (GetLastError=126)
LogWindows: File 'VtuneApi32e.dll' does not exist
LogInit: Display: Running engine for game: Stylized렌더링
LogPlatformFile: Not using cached read wrapper
LogTaskGraph: Started task graph with 5 named threads and 14 total threads with 3 sets of task threads.
LogStats: Stats thread started at 7.472347
LogD3D11RHI: Loaded GFSDK_Aftermath_Lib.x64.dll
LogICUInternationalization: Display: ICU TimeZone Detection - Raw Offset: +9:00, Platform Override: ''
LogPluginManager: Mounting plugin Paper2D
LogPluginManager: Mounting plugin AISupport
LogPluginManager: Mounting plugin LightPropagationVolume
LogPluginManager: Mounting plugin CLionSourceCodeAccess
LogPluginManager: Mounting plugin CodeLiteSourceCodeAccess
LogPluginManager: Mounting plugin GitSourceControl
LogPluginManager: Mounting plugin KDevelopSourceCodeAccess
LogPluginManager: Mounting plugin NullSourceCodeAccess
LogPluginManager: Mounting plugin PerforceSourceControl
LogPluginManager: Mounting plugin SubversionSourceControl
LogPluginManager: Mounting plugin UObjectPlugin
LogPluginManager: Mounting plugin VisualStudioCodeSourceCodeAccess
LogPluginManager: Mounting plugin VisualStudioSourceCodeAccess
LogPluginManager: Mounting plugin XCodeSourceCodeAccess
LogPluginManager: Mounting plugin AssetManagerEditor
LogPluginManager: Mounting plugin CryptoKeys
LogPluginManager: Mounting plugin DataValidation
LogPluginManager: Mounting plugin FacialAnimation
LogPluginManager: Mounting plugin GameplayTagsEditor
LogPluginManager: Mounting plugin MacGraphicsSwitching
LogPluginManager: Mounting plugin MeshEditor
LogPluginManager: Mounting plugin MobileLauncherProfileWizard
LogPluginManager: Mounting plugin PluginBrowser
LogPluginManager: Mounting plugin SpeedTreeImporter
LogPluginManager: Mounting plugin DatasmithContent
LogPluginManager: Mounting plugin AlembicImporter
LogPluginManager: Mounting plugin AppleImageUtils
LogPluginManager: Mounting plugin AppleVision
LogPluginManager: Mounting plugin BackChannel
LogPluginManager: Mounting plugin CharacterAI
LogPluginManager: Mounting plugin GeometryCache
LogPluginManager: Mounting plugin HTML5Networking
LogPluginManager: Mounting plugin ProxyLODPlugin
LogPluginManager: Mounting plugin MagicLeap
LogPluginManager: Mounting plugin MagicLeapEmulator
LogPluginManager: Mounting plugin MagicLeapMedia
LogPluginManager: Mounting plugin AndroidMedia
LogPluginManager: Mounting plugin AvfMedia
LogPluginManager: Mounting plugin ImgMedia
LogPluginManager: Mounting plugin LinearTimecode
LogPluginManager: Mounting plugin MediaCompositing
LogPluginManager: Mounting plugin MediaPlayerEditor
LogPluginManager: Mounting plugin WmfMedia
LogPluginManager: Mounting plugin TcpMessaging
LogPluginManager: Mounting plugin UdpMessaging
LogPluginManager: Mounting plugin ActorSequence
LogPluginManager: Mounting plugin LevelSequenceEditor
LogPluginManager: Mounting plugin MatineeToLevelSequence
LogPluginManager: Mounting plugin NetcodeUnitTest
LogPluginManager: Mounting plugin NUTUnrealEngine4
LogPluginManager: Mounting plugin OnlineSubsystemGooglePlay
LogPluginManager: Mounting plugin OnlineSubsystemIOS
LogPluginManager: Mounting plugin OnlineSubsystem
LogPluginManager: Mounting plugin OnlineSubsystemNull
LogPluginManager: Mounting plugin OnlineSubsystemUtils
LogPluginManager: Mounting plugin LauncherChunkInstaller
LogPluginManager: Mounting plugin AndroidDeviceProfileSelector
LogPluginManager: Mounting plugin AndroidMoviePlayer
LogPluginManager: Mounting plugin AndroidPermission
LogPluginManager: Mounting plugin AppleMoviePlayer
LogPluginManager: Mounting plugin ArchVisCharacter
LogPluginManager: Mounting plugin AudioCapture
LogPluginManager: Mounting plugin CableComponent
LogPluginManager: Mounting plugin CustomMeshComponent
LogPluginManager: Mounting plugin EditableMesh
LogPluginManager: Mounting plugin ExampleDeviceProfileSelector
LogPluginManager: Mounting plugin GoogleCloudMessaging
LogPluginManager: Mounting plugin ImmediatePhysics
LogPluginManager: Mounting plugin IOSDeviceProfileSelector
LogPluginManager: Mounting plugin LinuxDeviceProfileSelector
LogPluginManager: Mounting plugin LocationServicesBPLibrary
LogPluginManager: Mounting plugin MobilePatchingUtils
LogPluginManager: Mounting plugin OculusVR
LogPluginManager: Plugin shader directory ../../../Engine/Plugins/Runtime/Oculus/OculusVR/Shaders found
LogPluginManager: Mapping shader source directory ../../../Engine/Plugins/Runtime/Oculus/OculusVR/Shaders to virtual directory /Plugin/OculusVR
LogPluginManager: Mounting plugin PhysXVehicles
LogPluginManager: Mounting plugin ProceduralMeshComponent
LogPluginManager: Mounting plugin RuntimePhysXCooking
LogPluginManager: Mounting plugin SteamVR
LogPluginManager: Mounting plugin WindowsMoviePlayer
LogStreaming: Display: Took  0.529s to configure plugins.
LogInit: Using libcurl 7.55.1-DEV
LogInit:  - built for x86_64-pc-win32
LogInit:  - supports SSL with OpenSSL/1.0.2h
LogInit:  - supports HTTP deflate (compression) using libz 1.2.8
LogInit:  - other features:
LogInit:      CURL_VERSION_SSL
LogInit:      CURL_VERSION_LIBZ
LogInit:      CURL_VERSION_IPV6
LogInit:      CURL_VERSION_ASYNCHDNS
LogInit:      CURL_VERSION_LARGEFILE
LogInit:      CURL_VERSION_IDN
LogInit:  CurlRequestOptions (configurable via config and command line):
LogInit:  - bVerifyPeer = false  - Libcurl will NOT verify peer certificate
LogInit:  - bUseHttpProxy = false  - Libcurl will NOT use HTTP proxy
LogInit:  - bDontReuseConnections = false  - Libcurl will reuse connections
LogInit:  - CertBundlePath = nullptr  - Libcurl will use whatever was configured at build time.
LogInit:  - MaxHostConnections = 16  - Libcurl will limit the number of connections to a host
LogInit:  - LocalHostAddr = Default
LogInit:  - BufferSize = 65536
LogInit: WinSock: version 1.1 (2.2), MaxSocks=32767, MaxUdp=65467
LogInit: Build: ++UE4+Release-4.20-CL-4212847
LogInit: Engine Version: 4.20.0-4212847+++UE4+Release-4.20
LogInit: Compatible Engine Version: 4.20.0-4212847+++UE4+Release-4.20
LogInit: Net CL: 4212847
LogInit: OS: Windows 10 (), CPU: Intel(R) Core(TM) i5-6600 CPU @ 3.30GHz, GPU: NVIDIA GeForce GTX 1060 3GB
LogInit: Compiled (64-bit): Jul 14 2018 09:51:14
LogInit: Compiled with Visual C++: 19.13.26129.00
LogInit: Build Configuration: Development
LogInit: Branch Name: ++UE4+Release-4.20
LogInit: Command Line:  
LogInit: Base Directory: C:/Program Files/Epic Games/UE_4.20/Engine/Binaries/Win64/
LogInit: Installed Engine Build: 1
LogDevObjectVersion: Number of dev versions registered: 20
LogDevObjectVersion:   Dev-Blueprints (B0D832E4-1F89-4F0D-ACCF-7EB736FD4AA2): 10
LogDevObjectVersion:   Dev-Build (E1C64328-A22C-4D53-A36C-8E866417BD8C): 0
LogDevObjectVersion:   Dev-Core (375EC13C-06E4-48FB-B500-84F0262A717E): 2
LogDevObjectVersion:   Dev-Editor (E4B068ED-F494-42E9-A231-DA0B2E46BB41): 24
LogDevObjectVersion:   Dev-Framework (CFFC743F-43B0-4480-9391-14DF171D2073): 34
LogDevObjectVersion:   Dev-Mobile (B02B49B5-BB20-44E9-A304-32B752E40360): 2
LogDevObjectVersion:   Dev-Networking (A4E4105C-59A1-49B5-A7C5-40C4547EDFEE): 0
LogDevObjectVersion:   Dev-Online (39C831C9-5AE6-47DC-9A44-9C173E1C8E7C): 0
LogDevObjectVersion:   Dev-Physics (78F01B33-EBEA-4F98-B9B4-84EACCB95AA2): 0
LogDevObjectVersion:   Dev-Platform (6631380F-2D4D-43E0-8009-CF276956A95A): 0
LogDevObjectVersion:   Dev-Rendering (12F88B9F-8875-4AFC-A67C-D90C383ABD29): 26
LogDevObjectVersion:   Dev-Sequencer (7B5AE74C-D270-4C10-A958-57980B212A5A): 9
LogDevObjectVersion:   Dev-VR (D7296918-1DD6-4BDD-9DE2-64A83CC13884): 2
LogDevObjectVersion:   Dev-LoadTimes (C2A15278-BFE7-4AFE-6C17-90FF531DF755): 1
LogDevObjectVersion:   Private-Geometry (6EACA3D4-40EC-4CC1-B786-8BED09428FC5): 3
LogDevObjectVersion:   Dev-AnimPhys (29E575DD-E0A3-4627-9D10-D276232CDCEA): 17
LogDevObjectVersion:   Dev-ReflectionCapture (6B266CEC-1EC7-4B8F-A30B-E4D90942FC07): 1
LogDevObjectVersion:   Dev-Automation (0DF73D61-A23F-47EA-B727-89E90C41499A): 1
LogDevObjectVersion:   FortniteMain (601D1886-AC64-4F84-AA16-D3DE0DEAC7D6): 12
LogDevObjectVersion:   Dev-Enterprise (9DFFBCD6-494F-0158-E221-12823C92A888): 1
LogStreaming: Display: Took  0.003s to delete old logs.
LogInit: Presizing for max 8388607 objects, including 0 objects not considered by GC, pre-allocating 0 bytes for permanent pool.
LogInit: Object subsystem initialized
[2018.08.26-05.46.57:738][  0]LogInit: Selected Device Profile: [Windows]
[2018.08.26-05.46.58:087][  0]LogInit: Applying CVar settings loaded from the selected device profile: [Windows]
[2018.08.26-05.46.58:230][  0]LogHAL: Display: Platform has ~ 8 GB [8523526144 / 8589934592 / 8], which maps to Default [LargestMinGB=32, LargerMinGB=12, DefaultMinGB=8, SmallerMinGB=6, SmallestMinGB=0)
[2018.08.26-05.46.58:538][  0]LogInit: Setting Device Profile CVar: [[r.Vulkan.UseRealUBs:1]]
[2018.08.26-05.46.58:594][  0]LogInit: Going up to parent DeviceProfile []
[2018.08.26-05.46.58:669][  0]LogInit: Computer: DESKTOP-SFN4NDU
[2018.08.26-05.46.58:669][  0]LogInit: User: Lyra
[2018.08.26-05.46.58:669][  0]LogInit: CPU Page size=4096, Cores=4
[2018.08.26-05.46.58:669][  0]LogInit: High frequency timer resolution =3.234382 MHz
[2018.08.26-05.46.58:670][  0]LogMemory: Memory total: Physical=7.9GB (8GB approx)
[2018.08.26-05.46.58:670][  0]LogMemory: Platform Memory Stats for Windows
[2018.08.26-05.46.58:670][  0]LogMemory: Process Physical Memory: 99.85 MB used, 99.85 MB peak
[2018.08.26-05.46.58:670][  0]LogMemory: Process Virtual Memory: 90.80 MB used, 90.80 MB peak
[2018.08.26-05.46.58:670][  0]LogMemory: Physical Memory: 3518.19 MB used,  4610.48 MB free, 8128.67 MB total
[2018.08.26-05.46.58:670][  0]LogMemory: Virtual Memory: 4617.63 MB used,  4610.48 MB free, 134217728.00 MB total
[2018.08.26-05.47.01:386][  0]LogInit: Overriding language with editor language configuration option (en).
[2018.08.26-05.47.01:386][  0]LogInit: Overriding locale with editor locale configuration option (en).
[2018.08.26-05.47.02:239][  0]LogStreaming: Display: Took  0.807s to InitEngineTextLocalization.
[2018.08.26-05.47.02:240][  0]LogInit: Setting process to per monitor DPI aware
[2018.08.26-05.47.03:110][  0]LogSlate: New Slate User Created.  User Index 0, Is Virtual User: 0
[2018.08.26-05.47.03:110][  0]LogSlate: Slate User Registered.  User Index 0, Is Virtual User: 0
[2018.08.26-05.47.09:567][  0]LogHMD: Failed to initialize OpenVR with code 110
[2018.08.26-05.47.09:567][  0]LogD3D11RHI: D3D11 adapters:
[2018.08.26-05.47.09:898][  0]LogD3D11RHI:    0. 'NVIDIA GeForce GTX 1060 3GB' (Feature Level 11_0)
[2018.08.26-05.47.09:898][  0]LogD3D11RHI:       2988/0/4064 MB DedicatedVideo/DedicatedSystem/SharedSystem, Outputs:2, VendorId:0x10de
[2018.08.26-05.47.09:924][  0]LogD3D11RHI:    1. 'Microsoft Basic Render Driver' (Feature Level 11_0)
[2018.08.26-05.47.09:924][  0]LogD3D11RHI:       0/0/4064 MB DedicatedVideo/DedicatedSystem/SharedSystem, Outputs:0, VendorId:0x1414
[2018.08.26-05.47.09:924][  0]LogD3D11RHI: Chosen D3D11 Adapter: 0
[2018.08.26-05.47.09:930][  0]LogD3D11RHI: Creating new Direct3DDevice
[2018.08.26-05.47.09:930][  0]LogD3D11RHI:     GPU DeviceId: 0x1c02 (for the marketing name, search the web for "GPU Device Id")
[2018.08.26-05.47.09:930][  0]LogWindows: EnumDisplayDevices:
[2018.08.26-05.47.09:930][  0]LogWindows:    0. 'NVIDIA GeForce GTX 1060 3GB' (P:0 D:1)
[2018.08.26-05.47.09:930][  0]LogWindows:    1. 'NVIDIA GeForce GTX 1060 3GB' (P:1 D:1)
[2018.08.26-05.47.09:930][  0]LogWindows:    2. 'NVIDIA GeForce GTX 1060 3GB' (P:0 D:0)
[2018.08.26-05.47.09:930][  0]LogWindows:    3. 'NVIDIA GeForce GTX 1060 3GB' (P:0 D:0)
[2018.08.26-05.47.09:931][  0]LogWindows: DebugString: FoundDriverCount:4 
[2018.08.26-05.47.09:931][  0]LogD3D11RHI:     Adapter Name: NVIDIA GeForce GTX 1060 3GB
[2018.08.26-05.47.09:931][  0]LogD3D11RHI:   Driver Version: 398.36 (internal:24.21.13.9836, unified:398.36)
[2018.08.26-05.47.09:931][  0]LogD3D11RHI:      Driver Date: 6-24-2018
[2018.08.26-05.47.09:931][  0]LogRHI: Texture pool is 2091 MB (70% of 2988 MB)
[2018.08.26-05.47.09:981][  0]LogD3D11RHI: Async texture creation enabled
[2018.08.26-05.47.10:536][  0]LogD3D11RHI: GPU Timing Frequency: 1000.000000 (Debug: 2 2)
[2018.08.26-05.47.10:688][  0]LogShaderCompilers: Guid format shader working directory is -23 characters bigger than the processId version (../../../../../../Users/Lyra/Desktop/Rabbit-And-Turtle/UnrealProject/Intermediate/Shaders/WorkingDirectory/9824/).
[2018.08.26-05.47.10:688][  0]LogShaderCompilers: Cleaned the shader compiler working directory 'C:/Users/Lyra/AppData/Local/Temp/UnrealShaderWorkingDir/5EAFB2384B63CE951CE6018CBF1E2B71/'.
[2018.08.26-05.47.13:939][  0]LogTemp: Display: Loaded TP AllDesktopTargetPlatform
[2018.08.26-05.47.13:992][  0]LogTemp: Display: Loaded TP MacClientTargetPlatform
[2018.08.26-05.47.14:025][  0]LogTemp: Display: Loaded TP MacNoEditorTargetPlatform
[2018.08.26-05.47.14:066][  0]LogTemp: Display: Loaded TP MacServerTargetPlatform
[2018.08.26-05.47.14:132][  0]LogTemp: Display: Loaded TP MacTargetPlatform
[2018.08.26-05.47.14:219][  0]LogTemp: Display: Loaded TP WindowsClientTargetPlatform
[2018.08.26-05.47.14:254][  0]LogTemp: Display: Loaded TP WindowsNoEditorTargetPlatform
[2018.08.26-05.47.14:288][  0]LogTemp: Display: Loaded TP WindowsServerTargetPlatform
[2018.08.26-05.47.14:328][  0]LogTemp: Display: Loaded TP WindowsTargetPlatform
[2018.08.26-05.47.14:461][  0]LogTemp: Display: Loaded TP AndroidTargetPlatform
[2018.08.26-05.47.14:461][  0]LogTemp: Display: Loaded TP AndroidTargetPlatform
[2018.08.26-05.47.14:461][  0]LogTemp: Display: Loaded TP AndroidTargetPlatform
[2018.08.26-05.47.14:461][  0]LogTemp: Display: Loaded TP AndroidTargetPlatform
[2018.08.26-05.47.14:461][  0]LogTemp: Display: Loaded TP AndroidTargetPlatform
[2018.08.26-05.47.14:461][  0]LogTemp: Display: Loaded TP AndroidTargetPlatform
[2018.08.26-05.47.14:461][  0]LogTemp: Display: Loaded TP AndroidTargetPlatform
[2018.08.26-05.47.14:461][  0]LogTemp: Display: Loaded TP AndroidTargetPlatform
[2018.08.26-05.47.14:461][  0]LogTemp: Display: Loaded TP AndroidTargetPlatform
[2018.08.26-05.47.14:461][  0]LogTemp: Display: Loaded TP AndroidTargetPlatform
[2018.08.26-05.47.14:461][  0]LogTemp: Display: Loaded TP AndroidTargetPlatform
[2018.08.26-05.47.14:461][  0]LogTemp: Display: Loaded TP AndroidTargetPlatform
[2018.08.26-05.47.14:461][  0]LogTemp: Display: Loaded TP AndroidTargetPlatform
[2018.08.26-05.47.14:461][  0]LogTemp: Display: Loaded TP AndroidTargetPlatform
[2018.08.26-05.47.14:461][  0]LogTemp: Display: Loaded TP AndroidTargetPlatform
[2018.08.26-05.47.14:461][  0]LogTemp: Display: Loaded TP AndroidTargetPlatform
[2018.08.26-05.47.14:461][  0]LogTemp: Display: Loaded TP AndroidTargetPlatform
[2018.08.26-05.47.14:461][  0]LogTemp: Display: Loaded TP AndroidTargetPlatform
[2018.08.26-05.47.14:506][  0]LogTemp: Display: Loaded TP HTML5TargetPlatform
[2018.08.26-05.47.14:857][  0]LogTemp: Display: Loaded TP IOSTargetPlatform
[2018.08.26-05.47.14:857][  0]LogTemp: Display: Loaded TP IOSTargetPlatform
[2018.08.26-05.47.14:946][  0]LogTemp: Display: Loaded TP TVOSTargetPlatform
[2018.08.26-05.47.14:946][  0]LogTemp: Display: Loaded TP TVOSTargetPlatform
[2018.08.26-05.47.15:008][  0]LogTemp: Display: Loaded TP LinuxClientTargetPlatform
[2018.08.26-05.47.15:044][  0]LogTemp: Display: Loaded TP LinuxNoEditorTargetPlatform
[2018.08.26-05.47.15:108][  0]LogTemp: Display: Loaded TP LinuxServerTargetPlatform
[2018.08.26-05.47.15:167][  0]LogTemp: Display: Loaded TP LinuxTargetPlatform
[2018.08.26-05.47.15:216][  0]LogTemp: Display: Loaded TP LuminTargetPlatform
[2018.08.26-05.47.15:216][  0]LogTargetPlatformManager: Display: Building Assets For Windows
[2018.08.26-05.47.16:875][  0]LogXGEController: Cleaning working directory: C:/Users/Lyra/AppData/Local/Temp/UnrealXGEWorkingDir/
[2018.08.26-05.47.16:875][  0]LogXGEController: Cannot use XGE Controller as Incredibuild is not installed on this machine.
[2018.08.26-05.47.16:875][  0]LogShaderCompilers: Cannot use XGE Shader Compiler as Incredibuild is not installed on this machine.
[2018.08.26-05.47.16:880][  0]LogShaderCompilers: Display: Using Local Shader Compiler.
[2018.08.26-05.47.20:350][  0]LogDerivedDataCache: Display: Max Cache Size: 512 MB
[2018.08.26-05.47.21:369][  0]LogDerivedDataCache: Loaded boot cache 1.02s 71MB C:/Users/Lyra/AppData/Local/UnrealEngine/4.20/DerivedDataCache/Boot.ddc.
[2018.08.26-05.47.21:369][  0]LogDerivedDataCache: Display: Loaded Boot cache: C:/Users/Lyra/AppData/Local/UnrealEngine/4.20/DerivedDataCache/Boot.ddc
[2018.08.26-05.47.21:370][  0]LogDerivedDataCache: FDerivedDataBackendGraph:  Pak pak cache file ../../../../../../Users/Lyra/Desktop/Rabbit-And-Turtle/UnrealProject/DerivedDataCache/DDC.ddp not found, will not use a pak cache.
[2018.08.26-05.47.21:370][  0]LogDerivedDataCache: Unable to find inner node Pak for hierarchical cache Hierarchy.
[2018.08.26-05.47.21:403][  0]LogDerivedDataCache: Display: Pak cache opened for reading ../../../../../../Users/Lyra/Desktop/Rabbit-And-Turtle/UnrealProject/DerivedDataCache/Compressed.ddp.
[2018.08.26-05.47.21:458][  0]LogDerivedDataCache: Display: Pak cache opened for reading ../../../Engine/DerivedDataCache/Compressed.ddp.
[2018.08.26-05.47.21:492][  0]LogDerivedDataCache: Using Local data cache path C:/Users/Lyra/AppData/Local/UnrealEngine/Common/DerivedDataCache: Writable
[2018.08.26-05.47.21:492][  0]LogDerivedDataCache: Shared data cache path not found in *engine.ini, will not use an Shared cache.
[2018.08.26-05.47.21:492][  0]LogDerivedDataCache: Unable to find inner node Shared for hierarchical cache Hierarchy.
[2018.08.26-05.47.21:768][  0]LogMaterial: Verifying Global Shaders for PCD3D_SM5
[2018.08.26-05.47.21:792][  0]LogSlate: Using FreeType 2.6.0
[2018.08.26-05.47.21:867][  0]LogSlate: SlateFontServices - WITH_FREETYPE: 1, WITH_HARFBUZZ: 1
[2018.08.26-05.47.24:764][  0]LogAssetRegistry: FAssetRegistry took 0.0276 seconds to start up
[2018.08.26-05.47.41:382][  0]LogInit: Selected Device Profile: [Windows]
[2018.08.26-05.47.54:129][  0]LogSimplygon: Simplygon DLL not present - disabling.
[2018.08.26-05.47.55:032][  0]LogMeshReduction: Using SimplygonSwarm for distributed automatic mesh merging
[2018.08.26-05.47.55:048][  0]LogMeshReduction: Using ProxyLODMeshReduction for automatic mesh merging
[2018.08.26-05.47.55:048][  0]LogMeshReduction: Using QuadricMeshReduction for automatic static mesh reduction
[2018.08.26-05.47.55:048][  0]LogMeshReduction: No automatic skeletal mesh reduction module available
[2018.08.26-05.47.55:157][  0]LogNetVersion: Stylized렌더링 1.0.0, NetCL: 4212847, EngineNetVer: 5, GameNetVer: 0 (Checksum: 2712925785)
[2018.08.26-05.48.01:572][  0]LogPackageLocalizationCache: Processed 11 localized package path(s) for 1 prioritized culture(s) in 0.119104 seconds
[2018.08.26-05.48.01:597][  0]LogUObjectArray: 38425 objects as part of root set at end of initial load.
[2018.08.26-05.48.01:597][  0]LogUObjectAllocator: 6690872 out of 0 bytes used by permanent object pool.
[2018.08.26-05.48.01:597][  0]LogUObjectArray: CloseDisregardForGC: 0/0 objects in disregard for GC pool
[2018.08.26-05.48.47:492][  0]LogTcpMessaging: Initializing TcpMessaging bridge
[2018.08.26-05.48.47:547][  0]LogUdpMessaging: Initializing bridge on interface 0.0.0.0:0 to multicast group 230.0.0.1:6666.
[2018.08.26-05.48.48:993][  0]SourceControl: Source control is disabled
[2018.08.26-05.48.48:993][  0]SourceControl: Source control is disabled
[2018.08.26-05.48.49:197][  0]SourceControl: Source control is disabled
[2018.08.26-05.48.49:238][  0]SourceControl: Source control is disabled
[2018.08.26-05.48.51:898][  0]LogAndroidPermission: UAndroidPermissionCallbackProxy::GetInstance
[2018.08.26-05.48.52:416][  0]LogOcInput: OculusInput pre-init called
[2018.08.26-05.48.52:911][  0]LogEngine: Initializing Engine...
[2018.08.26-05.48.52:932][  0]LogHMD: Failed to initialize OpenVR with code 110
[2018.08.26-05.48.52:975][  0]LogStats: UGameplayTagsManager::ConstructGameplayTagTree: ImportINI prefixes -  0.001 s
[2018.08.26-05.48.52:975][  0]LogStats: UGameplayTagsManager::ConstructGameplayTagTree: Construct from data asset -  0.000 s
[2018.08.26-05.48.52:976][  0]LogStats: UGameplayTagsManager::ConstructGameplayTagTree: ImportINI -  0.000 s
[2018.08.26-05.48.52:976][  0]LogStats: UGameplayTagsManager::ConstructGameplayTagTree: GameplayTagTreeChangedEvent.Broadcast -  0.000 s
[2018.08.26-05.48.53:741][  0]LogInit: Initializing FReadOnlyCVARCache
[2018.08.26-05.48.54:211][  0]LogAIModule: Creating AISystem for world Untitled
[2018.08.26-05.48.54:346][  0]LogInit: XAudio2 using '스피커(Realtek High Definition Audio)' : 2 channels at 48 kHz using 32 bits per sample (channel mask 0x3)
[2018.08.26-05.48.54:474][  0]LogInit: FAudioDevice initialized.
[2018.08.26-05.48.54:474][  0]LogNetVersion: Set ProjectVersion to 1.0.0.0. Version Checksum will be recalculated on next use.
[2018.08.26-05.48.55:626][  0]LogDerivedDataCache: Saved boot cache 1.15s 71MB C:/Users/Lyra/AppData/Local/UnrealEngine/4.20/DerivedDataCache/Boot.ddc.
[2018.08.26-05.48.55:631][  0]LogInit: Texture streaming: Enabled
[2018.08.26-05.48.55:851][  0]LogEngineSessionManager: EngineSessionManager initialized
[2018.08.26-05.48.58:925][  0]LogInit: Transaction tracking system initialized
[2018.08.26-05.49.02:752][  0]BlueprintLog: New page: Editor Load
[2018.08.26-05.49.09:313][  0]LocalizationService: Localization service is disabled
[2018.08.26-05.49.23:877][  0]LogCook: Display: Max memory allowance for cook 16384mb min free memory 0mb
[2018.08.26-05.49.23:877][  0]LogCook: Display: Mobile HDR setting 1
[2018.08.26-05.49.23:877][  0]LogGameplayTags: Display: UGameplayTagsManager::DoneAddingNativeTags. DelegateIsBound: 0
[2018.08.26-05.49.23:877][  0]LogStats: UGameplayTagsManager::ConstructGameplayTagTree: ImportINI prefixes -  0.000 s
[2018.08.26-05.49.23:877][  0]LogStats: UGameplayTagsManager::ConstructGameplayTagTree: Construct from data asset -  0.000 s
[2018.08.26-05.49.23:877][  0]LogStats: UGameplayTagsManager::ConstructGameplayTagTree: ImportINI -  0.000 s
[2018.08.26-05.49.23:877][  0]LogStats: UGameplayTagsManager::ConstructGameplayTagTree: GameplayTagTreeChangedEvent.Broadcast -  0.000 s
[2018.08.26-05.49.28:499][  0]SourceControl: Source control is disabled
[2018.08.26-05.49.28:500][  0]Cmd: MAP LOAD FILE="../../../../../../Users/Lyra/Desktop/Rabbit-And-Turtle/UnrealProject/Content/Maps/Stylized_Kingdom.umap" TEMPLATE=0 SHOWPROGRESS=1 FEATURELEVEL=3
[2018.08.26-05.49.28:500][  0]LightingResults: New page: Lighting Build
[2018.08.26-05.49.28:625][  0]MapCheck: New page: Map Check
[2018.08.26-05.49.28:625][  0]LightingResults: New page: Lighting Build
[2018.08.26-05.49.28:851][  0]LogLinker: Warning: Can't find file '/Game/Maps/Stylized_Kingdom_BuiltData'
[2018.08.26-05.49.28:852][  0]LogLinker: Warning: Can't find file for asset '/Game/Maps/Stylized_Kingdom_BuiltData' while loading ../../../../../../Users/Lyra/Desktop/Rabbit-And-Turtle/UnrealProject/Content/Maps/Stylized_Kingdom.umap.
[2018.08.26-05.49.28:852][  0]LoadErrors: Error: /Game/Maps/Stylized_Kingdom : Can't find file for asset. /Game/Maps/Stylized_Kingdom_BuiltData
[2018.08.26-05.49.31:004][  0]LogLinker: Warning: Can't find file '/Game/Maps/Stylized_Kingdom_BuiltData'
[2018.08.26-05.49.31:004][  0]LogLinker: Warning: Can't find file for asset '/Game/Maps/Stylized_Kingdom_BuiltData' while loading ../../../../../../Users/Lyra/Desktop/Rabbit-And-Turtle/UnrealProject/Content/Maps/Stylized_Kingdom.umap.
[2018.08.26-05.49.31:004][  0]LoadErrors: Error: /Game/Maps/Stylized_Kingdom : Can't find file for asset. /Game/Maps/Stylized_Kingdom_BuiltData
[2018.08.26-05.49.31:020][  0]LogLinker: Warning: Can't find file '/Game/Maps/Stylized_Kingdom_BuiltData'
[2018.08.26-05.49.31:020][  0]LogLinker: Warning: Can't find file for asset '/Game/Maps/Stylized_Kingdom_BuiltData' while loading NULL.
[2018.08.26-05.49.31:020][  0]LogLinker: Warning: Can't find file '/Game/Maps/Stylized_Kingdom_BuiltData'
[2018.08.26-05.49.31:021][  0]LogLinker: Warning: Can't find file for asset '/Game/Maps/Stylized_Kingdom_BuiltData' while loading NULL.
[2018.08.26-05.49.32:086][  0]LogTexture: Display: Building textures: fairy_navi_ (AutoDXT, 8X16)
[2018.08.26-05.49.32:086][  0]LogTexture: Display: Building textures: fairy_wings_00_00_00 (AutoDXT, 128X256)
[2018.08.26-05.49.32:086][  0]LogTexture: Display: Building textures: fairy_wings_ (AutoDXT, 128X256)
[2018.08.26-05.49.32:086][  0]LogLinker: Warning: Can't find file '/Game/Maps/Stylized_Kingdom_BuiltData'
[2018.08.26-05.49.32:086][  0]LoadErrors: Failed to load /Game/Maps/Stylized_Kingdom_BuiltData.Stylized_Kingdom_BuiltData Referenced by PersistentLevel
[2018.08.26-05.49.32:086][  0]LogLinker: Warning: Can't find file for asset '/Game/Maps/Stylized_Kingdom_BuiltData' while loading NULL.
[2018.08.26-05.49.32:086][  0]LoadErrors: Failed to load /Game/Maps/Stylized_Kingdom_BuiltData.Stylized_Kingdom_BuiltData Referenced by PersistentLevel
[2018.08.26-05.49.34:585][  0]LogTexture: Display: Building textures: palmtree_NRM (BC5, 1024X1024)
[2018.08.26-05.49.34:585][  0]LogTexture: Display: Building textures: palmtree_dif (AutoDXT, 1024X1024)
[2018.08.26-05.49.35:244][  0]LogMaterial: Display: Missing cached shader map for material fairy_wings, compiling. 
[2018.08.26-05.49.35:632][  0]LogTexture: Display: Building textures: tree04_dif (AutoDXT, 1024X1024)
[2018.08.26-05.49.35:720][  0]LogShaderCompilers: Display: Shaders left to compile 87
[2018.08.26-05.49.35:720][  0]LogShaderCompilers: Display: Shaders left to compile 77
[2018.08.26-05.49.35:720][  0]LogShaderCompilers: Display: Shaders left to compile 67
[2018.08.26-05.49.35:720][  0]LogMaterial: Display: Missing cached shader map for material fairy_navi, compiling. 
[2018.08.26-05.49.35:821][  0]LogSkeletalMesh: Building Skeletal Mesh Navi...
[2018.08.26-05.49.35:823][  0]LogSkeletalMesh: Built Skeletal Mesh [0.05s] /Game/Charactor/fairy/Navi.Navi
[2018.08.26-05.49.39:692][  0]LogMaterial: Display: Missing cached shader map for material 01_-_Default, compiling. 
[2018.08.26-05.49.40:328][  0]LogStaticMesh: Building static mesh tree_04...
[2018.08.26-05.49.40:811][  0]LogStaticMesh: Built static mesh [0.51s] /Game/Environment/Meshes/tree_04.tree_04
[2018.08.26-05.49.44:308][  0]LogMaterial: Display: Missing cached shader map for material NewMaterial, compiling. 
[2018.08.26-05.49.44:332][  0]LogAIModule: Creating AISystem for world Stylized_Kingdom
[2018.08.26-05.50.11:774][  0]LogShaderCompilers: Display: Shaders left to compile 179
[2018.08.26-05.50.11:774][  0]LogShaderCompilers: Display: Shaders left to compile 169
[2018.08.26-05.50.11:774][  0]LogShaderCompilers: Display: Shaders left to compile 159
[2018.08.26-05.50.11:774][  0]LogShaderCompilers: Display: Shaders left to compile 149
[2018.08.26-05.50.11:774][  0]LogShaderCompilers: Display: Shaders left to compile 139
[2018.08.26-05.50.11:774][  0]LogShaderCompilers: Display: Shaders left to compile 129
[2018.08.26-05.50.13:524][  0]LogShaderCompilers: Display: Shaders left to compile 119
[2018.08.26-05.50.13:525][  0]LogEditorServer: Finished looking for orphan Actors (0.000 secs)
[2018.08.26-05.50.13:880][  0]Cmd: MAP CHECKDEP NOCLEARLOG
[2018.08.26-05.50.14:004][  0]MapCheck: Map check complete: 0 Error(s), 0 Warning(s), took 122.855ms to complete.
[2018.08.26-05.50.14:004][  0]LogFileHelpers: Loading map 'Stylized_Kingdom' took 45.504
[2018.08.26-05.50.14:856][  0]LogShaderCompilers: Display: Shaders left to compile 109
[2018.08.26-05.50.14:856][  0]LogShaderCompilers: Display: Shaders left to compile 99
[2018.08.26-05.50.16:783][  0]LogShaderCompilers: Display: Shaders left to compile 89
[2018.08.26-05.50.16:783][  0]LogShaderCompilers: Display: Shaders left to compile 79
[2018.08.26-05.50.16:783][  0]LogShaderCompilers: Display: Shaders left to compile 69
[2018.08.26-05.50.16:783][  0]LogSlate: Updating window title bar state: overlay mode, drag disabled, window buttons hidden, title bar hidden
[2018.08.26-05.50.16:824][  0]LogSlate: Updating window title bar state: overlay mode, drag disabled, window buttons hidden, title bar hidden
[2018.08.26-05.50.18:760][  0]LogShaderCompilers: Display: Shaders left to compile 59
[2018.08.26-05.50.18:760][  0]LogShaderCompilers: Display: Shaders left to compile 49
[2018.08.26-05.50.18:760][  0]LogShaderCompilers: Display: Shaders left to compile 39
[2018.08.26-05.50.18:760][  0]LogCollectionManager: Loaded 0 collections in 0.002026 seconds
[2018.08.26-05.50.18:954][  0]LogFileCache: Scanning file cache for directory 'C:/Users/Lyra/Desktop/Rabbit-And-Turtle/UnrealProject/Saved/Collections/' took 0.01s
[2018.08.26-05.50.18:954][  0]LogFileCache: Scanning file cache for directory 'C:/Users/Lyra/Desktop/Rabbit-And-Turtle/UnrealProject/Content/Developers/Lyra/Collections/' took 0.01s
[2018.08.26-05.50.18:954][  0]LogFileCache: Scanning file cache for directory 'C:/Users/Lyra/Desktop/Rabbit-And-Turtle/UnrealProject/Content/Collections/' took 0.01s
[2018.08.26-05.50.18:954][  0]LogCollectionManager: Rebuilt the GUID cache for 0 collections in 0.000001 seconds
[2018.08.26-05.50.18:968][  0]LogContentBrowser: Native class hierarchy populated in 0.0126 seconds. Added 2573 classes and 605 folders.
[2018.08.26-05.50.19:063][  0]LogContentBrowser: Native class hierarchy updated for 'WidgetCarousel' in 0.0003 seconds. Added 0 classes and 0 folders.
[2018.08.26-05.50.21:805][  0]LogShaderCompilers: Display: Shaders left to compile 29
[2018.08.26-05.50.21:805][  0]LogShaderCompilers: Display: Shaders left to compile 19
[2018.08.26-05.50.21:805][  0]LogShaderCompilers: Display: Shaders left to compile 9
[2018.08.26-05.50.21:805][  0]LogContentBrowser: Native class hierarchy updated for 'AddContentDialog' in 0.0002 seconds. Added 0 classes and 0 folders.
[2018.08.26-05.50.21:977][  0]LogSlate: Took 0.095511 seconds to synchronously load lazily loaded font '../../../Engine/Content/Slate/Fonts/Roboto-Regular.ttf' (155K)
[2018.08.26-05.50.23:323][  0]LogSlate: Took 1.345087 seconds to synchronously load lazily loaded font '../../../Engine/Content/Slate/Fonts/DroidSansFallback.ttf' (3848K)
[2018.08.26-05.50.23:447][  0]LogSlate: Took 0.081846 seconds to synchronously load lazily loaded font '../../../Engine/Content/Slate/Fonts/Roboto-Bold.ttf' (160K)
[2018.08.26-05.50.23:558][  0]LogSlate: Took 0.061419 seconds to synchronously load lazily loaded font '../../../Engine/Content/Editor/Slate/Fonts/FontAwesome.ttf' (139K)
[2018.08.26-05.50.24:752][  0]LogRenderer: Reallocating scene render targets to support 584x368 Format 10 NumSamples 1 (Frame:1).
[2018.08.26-05.50.27:369][  0]LogContentBrowser: Native class hierarchy updated for 'HierarchicalLODOutliner' in 0.0002 seconds. Added 0 classes and 0 folders.
[2018.08.26-05.50.27:369][  0]LogLoad: (Engine Initialization) Total time: 249.57 seconds
[2018.08.26-05.50.27:369][  0]LogLoad: (Engine Initialization) Total Blueprint compile time: 0.00 seconds
[2018.08.26-05.50.27:522][  0]LogContentStreaming: Texture pool size now 3000 MB
[2018.08.26-05.50.27:529][  0]LogSlate: FSceneViewport::OnFocusLost() reason 2
[2018.08.26-05.50.27:787][  0]LogSlate: Took 0.019091 seconds to synchronously load lazily loaded font '../../../Engine/Content/Slate/Fonts/Roboto-Light.ttf' (167K)
[2018.08.26-05.50.27:947][  1]LogAssetRegistry: Asset discovery search completed in 183.2062 seconds
[2018.08.26-05.50.27:949][  1]LogCollectionManager: Rebuilt the object cache for 0 collections in 0.000000 seconds (found 0 objects)
[2018.08.26-05.50.27:949][  1]LogCollectionManager: Fixed up redirectors for 0 collections in 0.000062 seconds (updated 0 objects)
[2018.08.26-05.50.28:763][  6]LogSlate: Took 0.000187 seconds to synchronously load lazily loaded font '../../../Engine/Content/Slate/Fonts/Roboto-Light.ttf' (167K)
[2018.08.26-05.52.34:485][382]LogRenderer: Reallocating scene render targets to support 584x560 Format 10 NumSamples 1 (Frame:9).
[2018.08.26-05.52.43:623][449]LogSlate: Window 'Message Log' being destroyed
[2018.08.26-05.52.43:626][449]LogSlate: Window 'Message Log' being destroyed
[2018.08.26-05.52.46:370][777]LogTemp: Repeating last play command: Selected Viewport
[2018.08.26-05.52.46:383][777]LogBlueprintUserMessages: Early PlayInEditor Detection: Level '/Game/Maps/Stylized_Kingdom.Stylized_Kingdom:PersistentLevel' has LevelScriptBlueprint '/Game/Maps/Stylized_Kingdom.Stylized_Kingdom:PersistentLevel.Stylized_Kingdom' with GeneratedClass '/Game/Maps/Stylized_Kingdom.Stylized_Kingdom_C' with ClassGeneratedBy '/Game/Maps/Stylized_Kingdom.Stylized_Kingdom:PersistentLevel.Stylized_Kingdom'
[2018.08.26-05.52.46:383][777]LogPlayLevel: PlayLevel: No blueprints needed recompiling
[2018.08.26-05.52.46:396][777]PIE: New page: PIE session: Stylized_Kingdom (Aug 26, 2018, 11:52:46 PM)
[2018.08.26-05.52.46:396][777]LogPlayLevel: Creating play world package: /Game/Maps/UEDPIE_0_Stylized_Kingdom
[2018.08.26-05.52.46:463][777]LogPlayLevel: PIE: StaticDuplicateObject took: (0.066466s)
[2018.08.26-05.52.46:464][777]LogAIModule: Creating AISystem for world Stylized_Kingdom
[2018.08.26-05.52.46:464][777]LogPlayLevel: PIE: World Init took: (0.000780s)
[2018.08.26-05.52.46:464][777]LogPlayLevel: PIE: Created PIE world by copying editor world from /Game/Maps/Stylized_Kingdom.Stylized_Kingdom to /Game/Maps/UEDPIE_0_Stylized_Kingdom.Stylized_Kingdom (0.067543s)
[2018.08.26-05.52.46:499][777]LogInit: XAudio2 using '스피커(Realtek High Definition Audio)' : 2 channels at 48 kHz using 32 bits per sample (channel mask 0x3)
[2018.08.26-05.52.46:515][777]LogInit: FAudioDevice initialized.
[2018.08.26-05.52.46:558][777]LogLoad: Game class is 'GameModeBase'
[2018.08.26-05.52.46:569][777]LogWorld: Bringing World /Game/Maps/UEDPIE_0_Stylized_Kingdom.Stylized_Kingdom up for play (max tick rate 0) at 2018.08.26-14.52.46
[2018.08.26-05.52.46:653][777]LogAnimationCompression: Building Anim DDC data for AnimSequence /Game/Charactor/fairy/Navi_Anim_idle.Navi_Anim_idle
[2018.08.26-05.52.46:653][777]LogAnimationCompression: Recompressing (AnimSequence /Game/Charactor/fairy/Navi_Anim_idle.Navi_Anim_idle) using current/default (AnimCompress_BitwiseCompressOnly_0) bFirstRecompressUsingCurrentOrDefault(1) bTryAlternateCompressor(0) IsCompressedDataValid(0)
[2018.08.26-05.52.46:655][777]LogWorld: Bringing up level for play took: 0.094980
[2018.08.26-05.52.46:673][777]LogContentBrowser: Native class hierarchy updated for 'MovieSceneCapture' in 0.0003 seconds. Added 10 classes and 0 folders.
[2018.08.26-05.52.46:676][777]PIE: Play in editor start time for /Game/Maps/UEDPIE_0_Stylized_Kingdom 0.694
[2018.08.26-05.52.46:676][777]LogBlueprintUserMessages: Late PlayInEditor Detection: Level '/Game/Maps/Stylized_Kingdom.Stylized_Kingdom:PersistentLevel' has LevelScriptBlueprint '/Game/Maps/Stylized_Kingdom.Stylized_Kingdom:PersistentLevel.Stylized_Kingdom' with GeneratedClass '/Game/Maps/Stylized_Kingdom.Stylized_Kingdom_C' with ClassGeneratedBy '/Game/Maps/Stylized_Kingdom.Stylized_Kingdom:PersistentLevel.Stylized_Kingdom'
[2018.08.26-05.52.51:749][330]LogBlueprintUserMessages: Early EndPlayMap Detection: Level '/Game/Maps/Stylized_Kingdom.Stylized_Kingdom:PersistentLevel' has LevelScriptBlueprint '/Game/Maps/Stylized_Kingdom.Stylized_Kingdom:PersistentLevel.Stylized_Kingdom' with GeneratedClass '/Game/Maps/Stylized_Kingdom.Stylized_Kingdom_C' with ClassGeneratedBy '/Game/Maps/Stylized_Kingdom.Stylized_Kingdom:PersistentLevel.Stylized_Kingdom'
[2018.08.26-05.52.51:750][330]LogSlate: Updating window title bar state: overlay mode, drag disabled, window buttons hidden, title bar hidden
[2018.08.26-05.52.51:785][330]LogPlayLevel: Display: Shutting down PIE online subsystems
[2018.08.26-05.52.51:785][330]LogBlueprintUserMessages: Late EndPlayMap Detection: Level '/Game/Maps/Stylized_Kingdom.Stylized_Kingdom:PersistentLevel' has LevelScriptBlueprint '/Game/Maps/Stylized_Kingdom.Stylized_Kingdom:PersistentLevel.Stylized_Kingdom' with GeneratedClass '/Game/Maps/Stylized_Kingdom.Stylized_Kingdom_C' with ClassGeneratedBy '/Game/Maps/Stylized_Kingdom.Stylized_Kingdom:PersistentLevel.Stylized_Kingdom'
[2018.08.26-05.52.51:810][330]LogSlate: Updating window title bar state: overlay mode, drag disabled, window buttons hidden, title bar hidden
[2018.08.26-05.52.51:855][334]LogPlayLevel: Display: Destroying online subsystem :Context_1
[2018.08.26-05.52.56:002][828]LogAssetEditorManager: Opening Asset editor for LevelSequence /Game/Cinematic/Tutorial.Tutorial
[2018.08.26-05.52.56:302][828]LogSlate: Took 0.163982 seconds to synchronously load lazily loaded font '../../../Engine/Content/Slate/Fonts/DroidSansMono.ttf' (77K)
